8 1 3 8 9 6 8 6 4 4 9 9 5 4 5 7 8 1 3 8 9 6 8 6 4 4 9 9 5 4 5 7 8 1 3 8 9 6 8 6 4 4 9 9 5 4 5 7 8 1 3 8 9 6 8 6 4 4 9 9 5 4 5 7 8 1 3 8 9 6 8 6 4 4 9 9 5 4 5 7
8 9 2 1 2 8 8 3 7 4 1 1 3 8 6 1 8 9 2 1 2 8 8 3 7 4 1 1 3 8 6 1 8 9 2 1 2 8 8 3 7 4 1 1 3 8 6 1 8 9 2 1 2 8 8 3 7 4 1 1 3 8 6 1 8 9 2 1 2 8 8 3 7 4 1 1 3 8 6 1
8 8 7 8 4 5 4 5 6 3 5 1 6 9 5 2 8 8 7 8 4 5 4 5 6 3 5 1 6 9 5 2 8 8 7 8 4 5 4 5 6 3 5 1 6 9 5 2 8 8 7 8 4 5 4 5 6 3 5 1 6 9 5 2 8 8 7 8 4 5 4 5 6 3 5 1 6 9 5 2
7 7 2 6 3 8 8 7 2 6 6 2 4 2 3 9 7 7 2 6 3 8 8 7 2 6 6 2 4 2 3 9 7 7 2 6 3 8 8 7 2 6 6 2 4 2 3 9 7 7 2 6 3 8 8 7 2 6 6 2 4 2 3 9 7 7 2 6 3 8 8 7 2 6 6 2 4 2 3 9
7 7 5 8 2 6 3 5 6 7 5 1 5 9 2 9 7 7 5 8 2 6 3 5 6 7 5 1 5 9 2 9 7 7 5 8 2 6 3 5 6 7 5 1 5 9 2 9 7 7 5 8 2 6 3 5 6 7 5 1 5 9 2 9 7 7 5 8 2 6 3 5 6 7 5 1 5 9 2 9
4 2 5 4 9 1 2 8 6 7 1 7 6 1 4 3 4 2 5 4 9 1 2 8 6 7 1 7 6 1 4 3 4 2 5 4 9 1 2 8 6 7 1 7 6 1 4 3 4 2 5 4 9 1 2 8 6 7 1 7 6 1 4 3 4 2 5 4 9 1 2 8 6 7 1 7 6 1 4 3
7 9 8 6 5 8 1 9 4 3 9 8 9 8 7 2 7 9 8 6 5 8 1 9 4 3 9 8 9 8 7 2 7 9 8 6 5 8 1 9 4 3 9 8 9 8 7 2 7 9 8 6 5 8 1 9 4 3 9 8 9 8 7 2 7 9 8 6 5 8 1 9 4 3 9 8 9 8 7 2
7 9 5 6 9 6 3 3 1 3 9 6 3 3 6 7 7 9 5 6 9 6 3 3 1 3 9 6 3 3 6 7 7 9 5 6 9 6 3 3 1 3 9 6 3 3 6 7 7 9 5 6 9 6 3 3 1 3 9 6 3 3 6 7 7 9 5 6 9 6 3 3 1 3 9 6 3 3 6 7
9 4 1 3 3 1 2 4 1 8 2 9 6 6 8 2 9 4 1 3 3 1 2 4 1 8 2 9 6 6 8 2 9 4 1 3 3 1 2 4 1 8 2 9 6 6 8 2 9 4 1 3 3 1 2 4 1 8 2 9 6 6 8 2 9 4 1 3 3 1 2 4 1 8 2 9 6 6 8 2
5 4 5 2 7 7 4 8 9 1 4 9 3 1 4 1 5 4 5 2 7 7 4 8 9 1 4 9 3 1 4 1 5 4 5 2 7 7 4 8 9 1 4 9 3 1 4 1 5 4 5 2 7 7 4 8 9 1 4 9 3 1 4 1 5 4 5 2 7 7 4 8 9 1 4 9 3 1 4 1
2 4 3 2 2 2 5 2 9 4 9 3 9 7 4 2 2 4 3 2 2 2 5 2 9 4 9 3 9 7 4 2 2 4 3 2 2 2 5 2 9 4 9 3 9 7 4 2 2 4 3 2 2 2 5 2 9 4 9 3 9 7 4 2 2 4 3 2 2 2 5 2 9 4 9 3 9 7 4 2
1 9 3 6 4 6 4 4 4 7 1 7 5 5 5 5 1 9 3 6 4 6 4 4 4 7 1 7 5 5 5 5 1 9 3 6 4 6 4 4 4 7 1 7 5 5 5 5 1 9 3 6 4 6 4 4 4 7 1 7 5 5 5 5 1 9 3 6 4 6 4 4 4 7 1 7 5 5 5 5
8 7 6 1 8 2 2 5 5 8 7 3 6 9 4 4 8 7 6 1 8 2 2 5 5 8 7 3 6 9 4 4 8 7 6 1 8 2 2 5 5 8 7 3 6 9 4 4 8 7 6 1 8 2 2 5 5 8 7 3 6 9 4 4 8 7 6 1 8 2 2 5 5 8 7 3 6 9 4 4
8 1 3 8 9 6 8 6 4 4 9 9 5 4 5 7 8 1 3 8 9 6 8 6 4 4 9 9 5 4 5 7 8 1 3 8 9 6 8 6 4 4 9 9 5 4 5 7 8 1 3 8 9 6 8 6 4 4 9 9 5 4 5 7 8 1 3 8 9 6 8 6 4 4 9 9 5 4 5 7
8 9 2 1 2 8 8 3 7 4 1 1 3 8 6 1 8 9 2 1 2 8 8 3 7 4 1 1 3 8 6 1 8 9 2 1 2 8 8 3 7 4 1 1 3 8 6 1 8 9 2 1 2 8 8 3 7 4 1 1 3 8 6 1 8 9 2 1 2 8 8 3 7 4 1 1 3 8 6 1
8 8 7 8 4 5 4 5 6 3 5 1 6 9 5 2 8 8 7 8 4 5 4 5 6 3 5 1 6 9 5 2 8 8 7 8 4 5 4 5 6 3 5 1 6 9 5 2 8 8 7 8 4 5 4 5 6 3 5 1 6 9 5 2 8 8 7 8 4 5 4 5 6 3 5 1 6 9 5 2
7 7 2 6 3 8 8 7 2 6 6 2 4 2 3 9 7 7 2 6 3 8 8 7 2 6 6 2 4 2 3 9 7 7 2 6 3 8 8 7 2 6 6 2 4 2 3 9 7 7 2 6 3 8 8 7 2 6 6 2 4 2 3 9 7 7 2 6 3 8 8 7 2 6 6 2 4 2 3 9
7 7 5 8 2 6 3 5 6 7 5 1 5 9 2 9 7 7 5 8 2 6 3 5 6 7 5 1 5 9 2 9 7 7 5 8 2 6 3 5 6 7 5 1 5 9 2 9 7 7 5 8 2 6 3 5 6 7 5 1 5 9 2 9 7 7 5 8 2 6 3 5 6 7 5 1 5 9 2 9
4 2 5 4 9 1 2 8 6 7 1 7 6 1 4 3 4 2 5 4 9 1 2 8 6 7 1 7 6 1 4 3 4 2 5 4 9 1 2 8 6 7 1 7 6 1 4 3 4 2 5 4 9 1 2 8 6 7 1 7 6 1 4 3 4 2 5 4 9 1 2 8 6 7 1 7 6 1 4 3
7 9 8 6 5 8 1 9 4 3 9 8 9 8 7 2 7 9 8 6 5 8 1 9 4 3 9 8 9 8 7 2 7 9 8 6 5 8 1 9 4 3 9 8 9 8 7 2 7 9 8 6 5 8 1 9 4 3 9 8 9 8 7 2 7 9 8 6 5 8 1 9 4 3 9 8 9 8 7 2
7 9 5 6 9 6 3 3 1 3 9 6 3 3 6 7 7 9 5 6 9 6 3 3 1 3 9 6 3 3 6 7 7 9 5 6 9 6 3 3 1 3 9 6 3 3 6 7 7 9 5 6 9 6 3 3 1 3 9 6 3 3 6 7 7 9 5 6 9 6 3 3 1 3 9 6 3 3 6 7
9 4 1 3 3 1 2 4 1 8 2 9 6 6 8 2 9 4 1 3 3 1 2 4 1 8 2 9 6 6 8 2 9 4 1 3 3 1 2 4 1 8 2 9 6 6 8 2 9 4 1 3 3 1 2 4 1 8 2 9 6 6 8 2 9 4 1 3 3 1 2 4 1 8 2 9 6 6 8 2
5 4 5 2 7 7 4 8 9 1 4 9 3 1 4 1 5 4 5 2 7 7 4 8 9 1 4 9 3 1 4 1 5 4 5 2 7 7 4 8 9 1 4 9 3 1 4 1 5 4 5 2 7 7 4 8 9 1 4 9 3 1 4 1 5 4 5 2 7 7 4 8 9 1 4 9 3 1 4 1
2 4 3 2 2 2 5 2 9 4 9 3 9 7 4 2 2 4 3 2 2 2 5 2 9 4 9 3 9 7 4 2 2 4 3 2 2 2 5 2 9 4 9 3 9 7 4 2 2 4 3 2 2 2 5 2 9 4 9 3 9 7 4 2 2 4 3 2 2 2 5 2 9 4 9 3 9 7 4 2
1 9 3 6 4 6 4 4 4 7 1 7 5 5 5 5 1 9 3 6 4 6 4 4 4 7 1 7 5 5 5 5 1 9 3 6 4 6 4 4 4 7 1 7 5 5 5 5 1 9 3 6 4 6 4 4 4 7 1 7 5 5 5 5 1 9 3 6 4 6 4 4 4 7 1 7 5 5 5 5
8 7 6 1 8 2 2 5 5 8 7 3 6 9 4 4 8 7 6 1 8 2 2 5 5 8 7 3 6 9 4 4 8 7 6 1 8 2 2 5 5 8 7 3 6 9 4 4 8 7 6 1 8 2 2 5 5 8 7 3 6 9 4 4 8 7 6 1 8 2 2 5 5 8 7 3 6 9 4 4
8 1 3 8 9 6 8 6 4 4 9 9 5 4 5 7 8 1 3 8 9 6 8 6 4 4 9 9 5 4 5 7 8 1 3 8 9 6 8 6 4 4 9 9 5 4 5 7 8 1 3 8 9 6 8 6 4 4 9 9 5 4 5 7 8 1 3 8 9 6 8 6 4 4 9 9 5 4 5 7
8 9 2 1 2 8 8 3 7 4 1 1 3 8 6 1 8 9 2 1 2 8 8 3 7 4 1 1 3 8 6 1 8 9 2 1 2 8 8 3 7 4 1 1 3 8 6 1 8 9 2 1 2 8 8 3 7 4 1 1 3 8 6 1 8 9 2 1 2 8 8 3 7 4 1 1 3 8 6 1
8 8 7 8 4 5 4 5 6 3 5 1 6 9 5 2 8 8 7 8 4 5 4 5 6 3 5 1 6 9 5 2 8 8 7 8 4 5 4 5 6 3 5 1 6 9 5 2 8 8 7 8 4 5 4 5 6 3 5 1 6 9 5 2 8 8 7 8 4 5 4 5 6 3 5 1 6 9 5 2
7 7 2 6 3 8 8 7 2 6 6 2 4 2 3 9 7 7 2 6 3 8 8 7 2 6 6 2 4 2 3 9 7 7 2 6 3 8 8 7 2 6 6 2 4 2 3 9 7 7 2 6 3 8 8 7 2 6 6 2 4 2 3 9 7 7 2 6 3 8 8 7 2 6 6 2 4 2 3 9
7 7 5 8 2 6 3 5 6 7 5 1 5 9 2 9 7 7 5 8 2 6 3 5 6 7 5 1 5 9 2 9 7 7 5 8 2 6 3 5 6 7 5 1 5 9 2 9 7 7 5 8 2 6 3 5 6 7 5 1 5 9 2 9 7 7 5 8 2 6 3 5 6 7 5 1 5 9 2 9
4 2 5 4 9 1 2 8 6 7 1 7 6 1 4 3 4 2 5 4 9 1 2 8 6 7 1 7 6 1 4 3 4 2 5 4 9 1 2 8 6 7 1 7 6 1 4 3 4 2 5 4 9 1 2 8 6 7 1 7 6 1 4 3 4 2 5 4 9 1 2 8 6 7 1 7 6 1 4 3
7 9 8 6 5 8 1 9 4 3 9 8 9 8 7 2 7 9 8 6 5 8 1 9 4 3 9 8 9 8 7 2 7 9 8 6 5 8 1 9 4 3 9 8 9 8 7 2 7 9 8 6 5 8 1 9 4 3 9 8 9 8 7 2 7 9 8 6 5 8 1 9 4 3 9 8 9 8 7 2
7 9 5 6 9 6 3 3 1 3 9 6 3 3 6 7 7 9 5 6 9 6 3 3 1 3 9 6 3 3 6 7 7 9 5 6 9 6 3 3 1 3 9 6 3 3 6 7 7 9 5 6 9 6 3 3 1 3 9 6 3 3 6 7 7 9 5 6 9 6 3 3 1 3 9 6 3 3 6 7
9 4 1 3 3 1 2 4 1 8 2 9 6 6 8 2 9 4 1 3 3 1 2 4 1 8 2 9 6 6 8 2 9 4 1 3 3 1 2 4 1 8 2 9 6 6 8 2 9 4 1 3 3 1 2 4 1 8 2 9 6 6 8 2 9 4 1 3 3 1 2 4 1 8 2 9 6 6 8 2
5 4 5 2 7 7 4 8 9 1 4 9 3 1 4 1 5 4 5 2 7 7 4 8 9 1 4 9 3 1 4 1 5 4 5 2 7 7 4 8 9 1 4 9 3 1 4 1 5 4 5 2 7 7 4 8 9 1 4 9 3 1 4 1 5 4 5 2 7 7 4 8 9 1 4 9 3 1 4 1
2 4 3 2 2 2 5 2 9 4 9 3 9 7 4 2 2 4 3 2 2 2 5 2 9 4 9 3 9 7 4 2 2 4 3 2 2 2 5 2 9 4 9 3 9 7 4 2 2 4 3 2 2 2 5 2 9 4 9 3 9 7 4 2 2 4 3 2 2 2 5 2 9 4 9 3 9 7 4 2
1 9 3 6 4 6 4 4 4 7 1 7 5 5 5 5 1 9 3 6 4 6 4 4 4 7 1 7 5 5 5 5 1 9 3 6 4 6 4 4 4 7 1 7 5 5 5 5 1 9 3 6 4 6 4 4 4 7 1 7 5 5 5 5 1 9 3 6 4 6 4 4 4 7 1 7 5 5 5 5
8 7 6 1 8 2 2 5 5 8 7 3 6 9 4 4 8 7 6 1 8 2 2 5 5 8 7 3 6 9 4 4 8 7 6 1 8 2 2 5 5 8 7 3 6 9 4 4 8 7 6 1 8 2 2 5 5 8 7 3 6 9 4 4 8 7 6 1 8 2 2 5 5 8 7 3 6 9 4 4
8 1 3 8 9 6 8 6 4 4 9 9 5 4 5 7 8 1 3 8 9 6 8 6 4 4 9 9 5 4 5 7 8 1 3 8 9 6 8 6 4 4 9 9 5 4 5 7 8 1 3 8 9 6 8 6 4 4 9 9 5 4 5 7 8 1 3 8 9 6 8 6 4 4 9 9 5 4 5 7
8 9 2 1 2 8 8 3 7 4 1 1 3 8 6 1 8 9 2 1 2 8 8 3 7 4 1 1 3 8 6 1 8 9 2 1 2 8 8 3 7 4 1 1 3 8 6 1 8 9 2 1 2 8 8 3 7 4 1 1 3 8 6 1 8 9 2 1 2 8 8 3 7 4 1 1 3 8 6 1
8 8 7 8 4 5 4 5 6 3 5 1 6 9 5 2 8 8 7 8 4 5 4 5 6 3 5 1 6 9 5 2 8 8 7 8 4 5 4 5 6 3 5 1 6 9 5 2 8 8 7 8 4 5 4 5 6 3 5 1 6 9 5 2 8 8 7 8 4 5 4 5 6 3 5 1 6 9 5 2
7 7 2 6 3 8 8 7 2 6 6 2 4 2 3 9 7 7 2 6 3 8 8 7 2 6 6 2 4 2 3 9 7 7 2 6 3 8 8 7 2 6 6 2 4 2 3 9 7 7 2 6 3 8 8 7 2 6 6 2 4 2 3 9 7 7 2 6 3 8 8 7 2 6 6 2 4 2 3 9
7 7 5 8 2 6 3 5 6 7 5 1 5 9 2 9 7 7 5 8 2 6 3 5 6 7 5 1 5 9 2 9 7 7 5 8 2 6 3 5 6 7 5 1 5 9 2 9 7 7 5 8 2 6 3 5 6 7 5 1 5 9 2 9 7 7 5 8 2 6 3 5 6 7 5 1 5 9 2 9
4 2 5 4 9 1 2 8 6 7 1 7 6 1 4 3 4 2 5 4 9 1 2 8 6 7 1 7 6 1 4 3 4 2 5 4 9 1 2 8 6 7 1 7 6 1 4 3 4 2 5 4 9 1 2 8 6 7 1 7 6 1 4 3 4 2 5 4 9 1 2 8 6 7 1 7 6 1 4 3
7 9 8 6 5 8 1 9 4 3 9 8 9 8 7 2 7 9 8 6 5 8 1 9 4 3 9 8 9 8 7 2 7 9 8 6 5 8 1 9 4 3 9 8 9 8 7 2 7 9 8 6 5 8 1 9 4 3 9 8 9 8 7 2 7 9 8 6 5 8 1 9 4 3 9 8 9 8 7 2
7 9 5 6 9 6 3 3 1 3 9 6 3 3 6 7 7 9 5 6 9 6 3 3 1 3 9 6 3 3 6 7 7 9 5 6 9 6 3 3 1 3 9 6 3 3 6 7 7 9 5 6 9 6 3 3 1 3 9 6 3 3 6 7 7 9 5 6 9 6 3 3 1 3 9 6 3 3 6 7
9 4 1 3 3 1 2 4 1 8 2 9 6 6 8 2 9 4 1 3 3 1 2 4 1 8 2 9 6 6 8 2 9 4 1 3 3 1 2 4 1 8 2 9 6 6 8 2 9 4 1 3 3 1 2 4 1 8 2 9 6 6 8 2 9 4 1 3 3 1 2 4 1 8 2 9 6 6 8 2
5 4 5 2 7 7 4 8 9 1 4 9 3 1 4 1 5 4 5 2 7 7 4 8 9 1 4 9 3 1 4 1 5 4 5 2 7 7 4 8 9 1 4 9 3 1 4 1 5 4 5 2 7 7 4 8 9 1 4 9 3 1 4 1 5 4 5 2 7 7 4 8 9 1 4 9 3 1 4 1
2 4 3 2 2 2 5 2 9 4 9 3 9 7 4 2 2 4 3 2 2 2 5 2 9 4 9 3 9 7 4 2 2 4 3 2 2 2 5 2 9 4 9 3 9 7 4 2 2 4 3 2 2 2 5 2 9 4 9 3 9 7 4 2 2 4 3 2 2 2 5 2 9 4 9 3 9 7 4 2
1 9 3 6 4 6 4 4 4 7 1 7 5 5 5 5 1 9 3 6 4 6 4 4 4 7 1 7 5 5 5 5 1 9 3 6 4 6 4 4 4 7 1 7 5 5 5 5 1 9 3 6 4 6 4 4 4 7 1 7 5 5 5 5 1 9 3 6 4 6 4 4 4 7 1 7 5 5 5 5
8 7 6 1 8 2 2 5 5 8 7 3 6 9 4 4 8 7 6 1 8 2 2 5 5 8 7 3 6 9 4 4 8 7 6 1 8 2 2 5 5 8 7 3 6 9 4 4 8 7 6 1 8 2 2 5 5 8 7 3 6 9 4 4 8 7 6 1 8 2 2 5 5 8 7 3 6 9 4 4
8 1 3 8 9 6 8 6 4 4 9 9 5 4 5 7 8 1 3 8 9 6 8 6 4 4 9 9 5 4 5 7 8 1 3 8 9 6 8 6 4 4 9 9 5 4 5 7 8 1 3 8 9 6 8 6 4 4 9 9 5 4 5 7 8 1 3 8 9 6 8 6 4 4 9 9 5 4 5 7
8 9 2 1 2 8 8 3 7 4 1 1 3 8 6 1 8 9 2 1 2 8 8 3 7 4 1 1 3 8 6 1 8 9 2 1 2 8 8 3 7 4 1 1 3 8 6 1 8 9 2 1 2 8 8 3 7 4 1 1 3 8 6 1 8 9 2 1 2 8 8 3 7 4 1 1 3 8 6 1
8 8 7 8 4 5 4 5 6 3 5 1 6 9 5 2 8 8 7 8 4 5 4 5 6 3 5 1 6 9 5 2 8 8 7 8 4 5 4 5 6 3 5 1 6 9 5 2 8 8 7 8 4 5 4 5 6 3 5 1 6 9 5 2 8 8 7 8 4 5 4 5 6 3 5 1 6 9 5 2
7 7 2 6 3 8 8 7 2 6 6 2 4 2 3 9 7 7 2 6 3 8 8 7 2 6 6 2 4 2 3 9 7 7 2 6 3 8 8 7 2 6 6 2 4 2 3 9 7 7 2 6 3 8 8 7 2 6 6 2 4 2 3 9 7 7 2 6 3 8 8 7 2 6 6 2 4 2 3 9
7 7 5 8 2 6 3 5 6 7 5 1 5 9 2 9 7 7 5 8 2 6 3 5 6 7 5 1 5 9 2 9 7 7 5 8 2 6 3 5 6 7 5 1 5 9 2 9 7 7 5 8 2 6 3 5 6 7 5 1 5 9 2 9 7 7 5 8 2 6 3 5 6 7 5 1 5 9 2 9
4 2 5 4 9 1 2 8 6 7 1 7 6 1 4 3 4 2 5 4 9 1 2 8 6 7 1 7 6 1 4 3 4 2 5 4 9 1 2 8 6 7 1 7 6 1 4 3 4 2 5 4 9 1 2 8 6 7 1 7 6 1 4 3 4 2 5 4 9 1 2 8 6 7 1 7 6 1 4 3
7 9 8 6 5 8 1 9 4 3 9 8 9 8 7 2 7 9 8 6 5 8 1 9 4 3 9 8 9 8 7 2 7 9 8 6 5 8 1 9 4 3 9 8 9 8 7 2 7 9 8 6 5 8 1 9 4 3 9 8 9 8 7 2 7 9 8 6 5 8 1 9 4 3 9 8 9 8 7 2
7 9 5 6 9 6 3 3 1 3 9 6 3 3 6 7 7 9 5 6 9 6 3 3 1 3 9 6 3 3 6 7 7 9 5 6 9 6 3 3 1 3 9 6 3 3 6 7 7 9 5 6 9 6 3 3 1 3 9 6 3 3 6 7 7 9 5 6 9 6 3 3 1 3 9 6 3 3 6 7
9 4 1 3 3 1 2 4 1 8 2 9 6 6 8 2 9 4 1 3 3 1 2 4 1 8 2 9 6 6 8 2 9 4 1 3 3 1 2 4 1 8 2 9 6 6 8 2 9 4 1 3 3 1 2 4 1 8 2 9 6 6 8 2 9 4 1 3 3 1 2 4 1 8 2 9 6 6 8 2
5 4 5 2 7 7 4 8 9 1 4 9 3 1 4 1 5 4 5 2 7 7 4 8 9 1 4 9 3 1 4 1 5 4 5 2 7 7 4 8 9 1 4 9 3 1 4 1 5 4 5 2 7 7 4 8 9 1 4 9 3 1 4 1 5 4 5 2 7 7 4 8 9 1 4 9 3 1 4 1
2 4 3 2 2 2 5 2 9 4 9 3 9 7 4 2 2 4 3 2 2 2 5 2 9 4 9 3 9 7 4 2 2 4 3 2 2 2 5 2 9 4 9 3 9 7 4 2 2 4 3 2 2 2 5 2 9 4 9 3 9 7 4 2 2 4 3 2 2 2 5 2 9 4 9 3 9 7 4 2
1 9 3 6 4 6 4 4 4 7 1 7 5 5 5 5 1 9 3 6 4 6 4 4 4 7 1 7 5 5 5 5 1 9 3 6 4 6 4 4 4 7 1 7 5 5 5 5 1 9 3 6 4 6 4 4 4 7 1 7 5 5 5 5 1 9 3 6 4 6 4 4 4 7 1 7 5 5 5 5
8 7 6 1 8 2 2 5 5 8 7 3 6 9 4 4 8 7 6 1 8 2 2 5 5 8 7 3 6 9 4 4 8 7 6 1 8 2 2 5 5 8 7 3 6 9 4 4 8 7 6 1 8 2 2 5 5 8 7 3 6 9 4 4 8 7 6 1 8 2 2 5 5 8 7 3 6 9 4 4
8 1 3 8 9 6 8 6 4 4 9 9 5 4 5 7 8 1 3 8 9 6 8 6 4 4 9 9 5 4 5 7 8 1 3 8 9 6 8 6 4 4 9 9 5 4 5 7 8 1 3 8 9 6 8 6 4 4 9 9 5 4 5 7 8 1 3 8 9 6 8 6 4 4 9 9 5 4 5 7
8 9 2 1 2 8 8 3 7 4 1 1 3 8 6 1 8 9 2 1 2 8 8 3 7 4 1 1 3 8 6 1 8 9 2 1 2 8 8 3 7 4 1 1 3 8 6 1 8 9 2 1 2 8 8 3 7 4 1 1 3 8 6 1 8 9 2 1 2 8 8 3 7 4 1 1 3 8 6 1
8 8 7 8 4 5 4 5 6 3 5 1 6 9 5 2 8 8 7 8 4 5 4 5 6 3 5 1 6 9 5 2 8 8 7 8 4 5 4 5 6 3 5 1 6 9 5 2 8 8 7 8 4 5 4 5 6 3 5 1 6 9 5 2 8 8 7 8 4 5 4 5 6 3 5 1 6 9 5 2
7 7 2 6 3 8 8 7 2 6 6 2 4 2 3 9 7 7 2 6 3 8 8 7 2 6 6 2 4 2 3 9 7 7 2 6 3 8 8 7 2 6 6 2 4 2 3 9 7 7 2 6 3 8 8 7 2 6 6 2 4 2 3 9 7 7 2 6 3 8 8 7 2 6 6 2 4 2 3 9
7 7 5 8 2 6 3 5 6 7 5 1 5 9 2 9 7 7 5 8 2 6 3 5 6 7 5 1 5 9 2 9 7 7 5 8 2 6 3 5 6 7 5 1 5 9 2 9 7 7 5 8 2 6 3 5 6 7 5 1 5 9 2 9 7 7 5 8 2 6 3 5 6 7 5 1 5 9 2 9
4 2 5 4 9 1 2 8 6 7 1 7 6 1 4 3 4 2 5 4 9 1 2 8 6 7 1 7 6 1 4 3 4 2 5 4 9 1 2 8 6 7 1 7 6 1 4 3 4 2 5 4 9 1 2 8 6 7 1 7 6 1 4 3 4 2 5 4 9 1 2 8 6 7 1 7 6 1 4 3
7 9 8 6 5 8 1 9 4 3 9 8 9 8 7 2 7 9 8 6 5 8 1 9 4 3 9 8 9 8 7 2 7 9 8 6 5 8 1 9 4 3 9 8 9 8 7 2 7 9 8 6 5 8 1 9 4 3 9 8 9 8 7 2 7 9 8 6 5 8 1 9 4 3 9 8 9 8 7 2
7 9 5 6 9 6 3 3 1 3 9 6 3 3 6 7 7 9 5 6 9 6 3 3 1 3 9 6 3 3 6 7 7 9 5 6 9 6 3 3 1 3 9 6 3 3 6 7 7 9 5 6 9 6 3 3 1 3 9 6 3 3 6 7 7 9 5 6 9 6 3 3 1 3 9 6 3 3 6 7
9 4 1 3 3 1 2 4 1 8 2 9 6 6 8 2 9 4 1 3 3 1 2 4 1 8 2 9 6 6 8 2 9 4 1 3 3 1 2 4 1 8 2 9 6 6 8 2 9 4 1 3 3 1 2 4 1 8 2 9 6 6 8 2 9 4 1 3 3 1 2 4 1 8 2 9 6 6 8 2
5 4 5 2 7 7 4 8 9 1 4 9 3 1 4 1 5 4 5 2 7 7 4 8 9 1 4 9 3 1 4 1 5 4 5 2 7 7 4 8 9 1 4 9 3 1 4 1 5 4 5 2 7 7 4 8 9 1 4 9 3 1 4 1 5 4 5 2 7 7 4 8 9 1 4 9 3 1 4 1
2 4 3 2 2 2 5 2 9 4 9 3 9 7 4 2 2 4 3 2 2 2 5 2 9 4 9 3 9 7 4 2 2 4 3 2 2 2 5 2 9 4 9 3 9 7 4 2 2 4 3 2 2 2 5 2 9 4 9 3 9 7 4 2 2 4 3 2 2 2 5 2 9 4 9 3 9 7 4 2
1 9 3 6 4 6 4 4 4 7 1 7 5 5 5 5 1 9 3 6 4 6 4 4 4 7 1 7 5 5 5 5 1 9 3 6 4 6 4 4 4 7 1 7 5 5 5 5 1 9 3 6 4 6 4 4 4 7 1 7 5 5 5 5 1 9 3 6 4 6 4 4 4 7 1 7 5 5 5 5
8 7 6 1 8 2 2 5 5 8 7 3 6 9 4 4 8 7 6 1 8 2 2 5 5 8 7 3 6 9 4 4 8 7 6 1 8 2 2 5 5 8 7 3 6 9 4 4 8 7 6 1 8 2 2 5 5 8 7 3 6 9 4 4 8 7 6 1 8 2 2 5 5 8 7 3 6 9 4 4
8 1 3 8 9 6 8 6 4 4 9 9 5 4 5 7 8 1 3 8 9 6 8 6 4 4 9 9 5 4 5 7 8 1 3 8 9 6 8 6 4 4 9 9 5 4 5 7 8 1 3 8 9 6 8 6 4 4 9 9 5 4 5 7 8 1 3 8 9 6 8 6 4 4 9 9 5 4 5 7
8 9 2 1 2 8 8 3 7 4 1 1 3 8 6 1 8 9 2 1 2 8 8 3 7 4 1 1 3 8 6 1 8 9 2 1 2 8 8 3 7 4 1 1 3 8 6 1 8 9 2 1 2 8 8 3 7 4 1 1 3 8 6 1 8 9 2 1 2 8 8 3 7 4 1 1 3 8 6 1
8 8 7 8 4 5 4 5 6 3 5 1 6 9 5 2 8 8 7 8 4 5 4 5 6 3 5 1 6 9 5 2 8 8 7 8 4 5 4 5 6 3 5 1 6 9 5 2 8 8 7 8 4 5 4 5 6 3 5 1 6 9 5 2 8 8 7 8 4 5 4 5 6 3 5 1 6 9 5 2
7 7 2 6 3 8 8 7 2 6 6 2 4 2 3 9 7 7 2 6 3 8 8 7 2 6 6 2 4 2 3 9 7 7 2 6 3 8 8 7 2 6 6 2 4 2 3 9 7 7 2 6 3 8 8 7 2 6 6 2 4 2 3 9 7 7 2 6 3 8 8 7 2 6 6 2 4 2 3 9
7 7 5 8 2 6 3 5 6 7 5 1 5 9 2 9 7 7 5 8 2 6 3 5 6 7 5 1 5 9 2 9 7 7 5 8 2 6 3 5 6 7 5 1 5 9 2 9 7 7 5 8 2 6 3 5 6 7 5 1 5 9 2 9 7 7 5 8 2 6 3 5 6 7 5 1 5 9 2 9
4 2 5 4 9 1 2 8 6 7 1 7 6 1 4 3 4 2 5 4 9 1 2 8 6 7 1 7 6 1 4 3 4 2 5 4 9 1 2 8 6 7 1 7 6 1 4 3 4 2 5 4 9 1 2 8 6 7 1 7 6 1 4 3 4 2 5 4 9 1 2 8 6 7 1 7 6 1 4 3
7 9 8 6 5 8 1 9 4 3 9 8 9 8 7 2 7 9 8 6 5 8 1 9 4 3 9 8 9 8 7 2 7 9 8 6 5 8 1 9 4 3 9 8 9 8 7 2 7 9 8 6 5 8 1 9 4 3 9 8 9 8 7 2 7 9 8 6 5 8 1 9 4 3 9 8 9 8 7 2
7 9 5 6 9 6 3 3 1 3 9 6 3 3 6 7 7 9 5 6 9 6 3 3 1 3 9 6 3 3 6 7 7 9 5 6 9 6 3 3 1 3 9 6 3 3 6 7 7 9 5 6 9 6 3 3 1 3 9 6 3 3 6 7 7 9 5 6 9 6 3 3 1 3 9 6 3 3 6 7
9 4 1 3 3 1 2 4 1 8 2 9 6 6 8 2 9 4 1 3 3 1 2 4 1 8 2 9 6 6 8 2 9 4 1 3 3 1 2 4 1 8 2 9 6 6 8 2 9 4 1 3 3 1 2 4 1 8 2 9 6 6 8 2 9 4 1 3 3 1 2 4 1 8 2 9 6 6 8 2
5 4 5 2 7 7 4 8 9 1 4 9 3 1 4 1 5 4 5 2 7 7 4 8 9 1 4 9 3 1 4 1 5 4 5 2 7 7 4 8 9 1 4 9 3 1 4 1 5 4 5 2 7 7 4 8 9 1 4 9 3 1 4 1 5 4 5 2 7 7 4 8 9 1 4 9 3 1 4 1
2 4 3 2 2 2 5 2 9 4 9 3 9 7 4 2 2 4 3 2 2 2 5 2 9 4 9 3 9 7 4 2 2 4 3 2 2 2 5 2 9 4 9 3 9 7 4 2 2 4 3 2 2 2 5 2 9 4 9 3 9 7 4 2 2 4 3 2 2 2 5 2 9 4 9 3 9 7 4 2
1 9 3 6 4 6 4 4 4 7 1 7 5 5 5 5 1 9 3 6 4 6 4 4 4 7 1 7 5 5 5 5 1 9 3 6 4 6 4 4 4 7 1 7 5 5 5 5 1 9 3 6 4 6 4 4 4 7 1 7 5 5 5 5 1 9 3 6 4 6 4 4 4 7 1 7 5 5 5 5
8 7 6 1 8 2 2 5 5 8 7 3 6 9 4 4 8 7 6 1 8 2 2 5 5 8 7 3 6 9 4 4 8 7 6 1 8 2 2 5 5 8 7 3 6 9 4 4 8 7 6 1 8 2 2 5 5 8 7 3 6 9 4 4 8 7 6 1 8 2 2 5 5 8 7 3 6 9 4 4
8 1 3 8 9 6 8 6 4 4 9 9 5 4 5 7 8 1 3 8 9 6 8 6 4 4 9 9 5 4 5 7 8 1 3 8 9 6 8 6 4 4 9 9 5 4 5 7 8 1 3 8 9 6 8 6 4 4 9 9 5 4 5 7 8 1 3 8 9 6 8 6 4 4 9 9 5 4 5 7
8 9 2 1 2 8 8 3 7 4 1 1 3 8 6 1 8 9 2 1 2 8 8 3 7 4 1 1 3 8 6 1 8 9 2 1 2 8 8 3 7 4 1 1 3 8 6 1 8 9 2 1 2 8 8 3 7 4 1 1 3 8 6 1 8 9 2 1 2 8 8 3 7 4 1 1 3 8 6 1
8 8 7 8 4 5 4 5 6 3 5 1 6 9 5 2 8 8 7 8 4 5 4 5 6 3 5 1 6 9 5 2 8 8 7 8 4 5 4 5 6 3 5 1 6 9 5 2 8 8 7 8 4 5 4 5 6 3 5 1 6 9 5 2 8 8 7 8 4 5 4 5 6 3 5 1 6 9 5 2
7 7 2 6 3 8 8 7 2 6 6 2 4 2 3 9 7 7 2 6 3 8 8 7 2 6 6 2 4 2 3 9 7 7 2 6 3 8 8 7 2 6 6 2 4 2 3 9 7 7 2 6 3 8 8 7 2 6 6 2 4 2 3 9 7 7 2 6 3 8 8 7 2 6 6 2 4 2 3 9
7 7 5 8 2 6 3 5 6 7 5 1 5 9 2 9 7 7 5 8 2 6 3 5 6 7 5 1 5 9 2 9 7 7 5 8 2 6 3 5 6 7 5 1 5 9 2 9 7 7 5 8 2 6 3 5 6 7 5 1 5 9 2 9 7 7 5 8 2 6 3 5 6 7 5 1 5 9 2 9
4 2 5 4 9 1 2 8 6 7 1 7 6 1 4 3 4 2 5 4 9 1 2 8 6 7 1 7 6 1 4 3 4 2 5 4 9 1 2 8 6 7 1 7 6 1 4 3 4 2 5 4 9 1 2 8 6 7 1 7 6 1 4 3 4 2 5 4 9 1 2 8 6 7 1 7 6 1 4 3
7 9 8 6 5 8 1 9 4 3 9 8 9 8 7 2 7 9 8 6 5 8 1 9 4 3 9 8 9 8 7 2 7 9 8 6 5 8 1 9 4 3 9 8 9 8 7 2 7 9 8 6 5 8 1 9 4 3 9 8 9 8 7 2 7 9 8 6 5 8 1 9 4 3 9 8 9 8 7 2
7 9 5 6 9 6 3 3 1 3 9 6 3 3 6 7 7 9 5 6 9 6 3 3 1 3 9 6 3 3 6 7 7 9 5 6 9 6 3 3 1 3 9 6 3 3 6 7 7 9 5 6 9 6 3 3 1 3 9 6 3 3 6 7 7 9 5 6 9 6 3 3 1 3 9 6 3 3 6 7
9 4 1 3 3 1 2 4 1 8 2 9 6 6 8 2 9 4 1 3 3 1 2 4 1 8 2 9 6 6 8 2 9 4 1 3 3 1 2 4 1 8 2 9 6 6 8 2 9 4 1 3 3 1 2 4 1 8 2 9 6 6 8 2 9 4 1 3 3 1 2 4 1 8 2 9 6 6 8 2
5 4 5 2 7 7 4 8 9 1 4 9 3 1 4 1 5 4 5 2 7 7 4 8 9 1 4 9 3 1 4 1 5 4 5 2 7 7 4 8 9 1 4 9 3 1 4 1 5 4 5 2 7 7 4 8 9 1 4 9 3 1 4 1 5 4 5 2 7 7 4 8 9 1 4 9 3 1 4 1
2 4 3 2 2 2 5 2 9 4 9 3 9 7 4 2 2 4 3 2 2 2 5 2 9 4 9 3 9 7 4 2 2 4 3 2 2 2 5 2 9 4 9 3 9 7 4 2 2 4 3 2 2 2 5 2 9 4 9 3 9 7 4 2 2 4 3 2 2 2 5 2 9 4 9 3 9 7 4 2
1 9 3 6 4 6 4 4 4 7 1 7 5 5 5 5 1 9 3 6 4 6 4 4 4 7 1 7 5 5 5 5 1 9 3 6 4 6 4 4 4 7 1 7 5 5 5 5 1 9 3 6 4 6 4 4 4 7 1 7 5 5 5 5 1 9 3 6 4 6 4 4 4 7 1 7 5 5 5 5
8 7 6 1 8 2 2 5 5 8 7 3 6 9 4 4 8 7 6 1 8 2 2 5 5 8 7 3 6 9 4 4 8 7 6 1 8 2 2 5 5 8 7 3 6 9 4 4 8 7 6 1 8 2 2 5 5 8 7 3 6 9 4 4 8 7 6 1 8 2 2 5 5 8 7 3 6 9 4 4
8 1 3 8 9 6 8 6 4 4 9 9 5 4 5 7 8 1 3 8 9 6 8 6 4 4 9 9 5 4 5 7 8 1 3 8 9 6 8 6 4 4 9 9 5 4 5 7 8 1 3 8 9 6 8 6 4 4 9 9 5 4 5 7 8 1 3 8 9 6 8 6 4 4 9 9 5 4 5 7
8 9 2 1 2 8 8 3 7 4 1 1 3 8 6 1 8 9 2 1 2 8 8 3 7 4 1 1 3 8 6 1 8 9 2 1 2 8 8 3 7 4 1 1 3 8 6 1 8 9 2 1 2 8 8 3 7 4 1 1 3 8 6 1 8 9 2 1 2 8 8 3 7 4 1 1 3 8 6 1
8 8 7 8 4 5 4 5 6 3 5 1 6 9 5 2 8 8 7 8 4 5 4 5 6 3 5 1 6 9 5 2 8 8 7 8 4 5 4 5 6 3 5 1 6 9 5 2 8 8 7 8 4 5 4 5 6 3 5 1 6 9 5 2 8 8 7 8 4 5 4 5 6 3 5 1 6 9 5 2
7 7 2 6 3 8 8 7 2 6 6 2 4 2 3 9 7 7 2 6 3 8 8 7 2 6 6 2 4 2 3 9 7 7 2 6 3 8 8 7 2 6 6 2 4 2 3 9 7 7 2 6 3 8 8 7 2 6 6 2 4 2 3 9 7 7 2 6 3 8 8 7 2 6 6 2 4 2 3 9
7 7 5 8 2 6 3 5 6 7 5 1 5 9 2 9 7 7 5 8 2 6 3 5 6 7 5 1 5 9 2 9 7 7 5 8 2 6 3 5 6 7 5 1 5 9 2 9 7 7 5 8 2 6 3 5 6 7 5 1 5 9 2 9 7 7 5 8 2 6 3 5 6 7 5 1 5 9 2 9
4 2 5 4 9 1 2 8 6 7 1 7 6 1 4 3 4 2 5 4 9 1 2 8 6 7 1 7 6 1 4 3 4 2 5 4 9 1 2 8 6 7 1 7 6 1 4 3 4 2 5 4 9 1 2 8 6 7 1 7 6 1 4 3 4 2 5 4 9 1 2 8 6 7 1 7 6 1 4 3
7 9 8 6 5 8 1 9 4 3 9 8 9 8 7 2 7 9 8 6 5 8 1 9 4 3 9 8 9 8 7 2 7 9 8 6 5 8 1 9 4 3 9 8 9 8 7 2 7 9 8 6 5 8 1 9 4 3 9 8 9 8 7 2 7 9 8 6 5 8 1 9 4 3 9 8 9 8 7 2
7 9 5 6 9 6 3 3 1 3 9 6 3 3 6 7 7 9 5 6 9 6 3 3 1 3 9 6 3 3 6 7 7 9 5 6 9 6 3 3 1 3 9 6 3 3 6 7 7 9 5 6 9 6 3 3 1 3 9 6 3 3 6 7 7 9 5 6 9 6 3 3 1 3 9 6 3 3 6 7
9 4 1 3 3 1 2 4 1 8 2 9 6 6 8 2 9 4 1 3 3 1 2 4 1 8 2 9 6 6 8 2 9 4 1 3 3 1 2 4 1 8 2 9 6 6 8 2 9 4 1 3 3 1 2 4 1 8 2 9 6 6 8 2 9 4 1 3 3 1 2 4 1 8 2 9 6 6 8 2
5 4 5 2 7 7 4 8 9 1 4 9 3 1 4 1 5 4 5 2 7 7 4 8 9 1 4 9 3 1 4 1 5 4 5 2 7 7 4 8 9 1 4 9 3 1 4 1 5 4 5 2 7 7 4 8 9 1 4 9 3 1 4 1 5 4 5 2 7 7 4 8 9 1 4 9 3 1 4 1
2 4 3 2 2 2 5 2 9 4 9 3 9 7 4 2 2 4 3 2 2 2 5 2 9 4 9 3 9 7 4 2 2 4 3 2 2 2 5 2 9 4 9 3 9 7 4 2 2 4 3 2 2 2 5 2 9 4 9 3 9 7 4 2 2 4 3 2 2 2 5 2 9 4 9 3 9 7 4 2
1 9 3 6 4 6 4 4 4 7 1 7 5 5 5 5 1 9 3 6 4 6 4 4 4 7 1 7 5 5 5 5 1 9 3 6 4 6 4 4 4 7 1 7 5 5 5 5 1 9 3 6 4 6 4 4 4 7 1 7 5 5 5 5 1 9 3 6 4 6 4 4 4 7 1 7 5 5 5 5
8 7 6 1 8 2 2 5 5 8 7 3 6 9 4 4 8 7 6 1 8 2 2 5 5 8 7 3 6 9 4 4 8 7 6 1 8 2 2 5 5 8 7 3 6 9 4 4 8 7 6 1 8 2 2 5 5 8 7 3 6 9 4 4 8 7 6 1 8 2 2 5 5 8 7 3 6 9 4 4
8 1 3 8 9 6 8 6 4 4 9 9 5 4 5 7 8 1 3 8 9 6 8 6 4 4 9 9 5 4 5 7 8 1 3 8 9 6 8 6 4 4 9 9 5 4 5 7 8 1 3 8 9 6 8 6 4 4 9 9 5 4 5 7 8 1 3 8 9 6 8 6 4 4 9 9 5 4 5 7
8 9 2 1 2 8 8 3 7 4 1 1 3 8 6 1 8 9 2 1 2 8 8 3 7 4 1 1 3 8 6 1 8 9 2 1 2 8 8 3 7 4 1 1 3 8 6 1 8 9 2 1 2 8 8 3 7 4 1 1 3 8 6 1 8 9 2 1 2 8 8 3 7 4 1 1 3 8 6 1
8 8 7 8 4 5 4 5 6 3 5 1 6 9 5 2 8 8 7 8 4 5 4 5 6 3 5 1 6 9 5 2 8 8 7 8 4 5 4 5 6 3 5 1 6 9 5 2 8 8 7 8 4 5 4 5 6 3 5 1 6 9 5 2 8 8 7 8 4 5 4 5 6 3 5 1 6 9 5 2
7 7 2 6 3 8 8 7 2 6 6 2 4 2 3 9 7 7 2 6 3 8 8 7 2 6 6 2 4 2 3 9 7 7 2 6 3 8 8 7 2 6 6 2 4 2 3 9 7 7 2 6 3 8 8 7 2 6 6 2 4 2 3 9 7 7 2 6 3 8 8 7 2 6 6 2 4 2 3 9
7 7 5 8 2 6 3 5 6 7 5 1 5 9 2 9 7 7 5 8 2 6 3 5 6 7 5 1 5 9 2 9 7 7 5 8 2 6 3 5 6 7 5 1 5 9 2 9 7 7 5 8 2 6 3 5 6 7 5 1 5 9 2 9 7 7 5 8 2 6 3 5 6 7 5 1 5 9 2 9
4 2 5 4 9 1 2 8 6 7 1 7 6 1 4 3 4 2 5 4 9 1 2 8 6 7 1 7 6 1 4 3 4 2 5 4 9 1 2 8 6 7 1 7 6 1 4 3 4 2 5 4 9 1 2 8 6 7 1 7 6 1 4 3 4 2 5 4 9 1 2 8 6 7 1 7 6 1 4 3
7 9 8 6 5 8 1 9 4 3 9 8 9 8 7 2 7 9 8 6 5 8 1 9 4 3 9 8 9 8 7 2 7 9 8 6 5 8 1 9 4 3 9 8 9 8 7 2 7 9 8 6 5 8 1 9 4 3 9 8 9 8 7 2 7 9 8 6 5 8 1 9 4 3 9 8 9 8 7 2
7 9 5 6 9 6 3 3 1 3 9 6 3 3 6 7 7 9 5 6 9 6 3 3 1 3 9 6 3 3 6 7 7 9 5 6 9 6 3 3 1 3 9 6 3 3 6 7 7 9 5 6 9 6 3 3 1 3 9 6 3 3 6 7 7 9 5 6 9 6 3 3 1 3 9 6 3 3 6 7
9 4 1 3 3 1 2 4 1 8 2 9 6 6 8 2 9 4 1 3 3 1 2 4 1 8 2 9 6 6 8 2 9 4 1 3 3 1 2 4 1 8 2 9 6 6 8 2 9 4 1 3 3 1 2 4 1 8 2 9 6 6 8 2 9 4 1 3 3 1 2 4 1 8 2 9 6 6 8 2
5 4 5 2 7 7 4 8 9 1 4 9 3 1 4 1 5 4 5 2 7 7 4 8 9 1 4 9 3 1 4 1 5 4 5 2 7 7 4 8 9 1 4 9 3 1 4 1 5 4 5 2 7 7 4 8 9 1 4 9 3 1 4 1 5 4 5 2 7 7 4 8 9 1 4 9 3 1 4 1
2 4 3 2 2 2 5 2 9 4 9 3 9 7 4 2 2 4 3 2 2 2 5 2 9 4 9 3 9 7 4 2 2 4 3 2 2 2 5 2 9 4 9 3 9 7 4 2 2 4 3 2 2 2 5 2 9 4 9 3 9 7 4 2 2 4 3 2 2 2 5 2 9 4 9 3 9 7 4 2
1 9 3 6 4 6 4 4 4 7 1 7 5 5 5 5 1 9 3 6 4 6 4 4 4 7 1 7 5 5 5 5 1 9 3 6 4 6 4 4 4 7 1 7 5 5 5 5 1 9 3 6 4 6 4 4 4 7 1 7 5 5 5 5 1 9 3 6 4 6 4 4 4 7 1 7 5 5 5 5
8 7 6 1 8 2 2 5 5 8 7 3 6 9 4 4 8 7 6 1 8 2 2 5 5 8 7 3 6 9 4 4 8 7 6 1 8 2 2 5 5 8 7 3 6 9 4 4 8 7 6 1 8 2 2 5 5 8 7 3 6 9 4 4 8 7 6 1 8 2 2 5 5 8 7 3 6 9 4 4
8 1 3 8 9 6 8 6 4 4 9 9 5 4 5 7 8 1 3 8 9 6 8 6 4 4 9 9 5 4 5 7 8 1 3 8 9 6 8 6 4 4 9 9 5 4 5 7 8 1 3 8 9 6 8 6 4 4 9 9 5 4 5 7 8 1 3 8 9 6 8 6 4 4 9 9 5 4 5 7
8 9 2 1 2 8 8 3 7 4 1 1 3 8 6 1 8 9 2 1 2 8 8 3 7 4 1 1 3 8 6 1 8 9 2 1 2 8 8 3 7 4 1 1 3 8 6 1 8 9 2 1 2 8 8 3 7 4 1 1 3 8 6 1 8 9 2 1 2 8 8 3 7 4 1 1 3 8 6 1
8 8 7 8 4 5 4 5 6 3 5 1 6 9 5 2 8 8 7 8 4 5 4 5 6 3 5 1 6 9 5 2 8 8 7 8 4 5 4 5 6 3 5 1 6 9 5 2 8 8 7 8 4 5 4 5 6 3 5 1 6 9 5 2 8 8 7 8 4 5 4 5 6 3 5 1 6 9 5 2
7 7 2 6 3 8 8 7 2 6 6 2 4 2 3 9 7 7 2 6 3 8 8 7 2 6 6 2 4 2 3 9 7 7 2 6 3 8 8 7 2 6 6 2 4 2 3 9 7 7 2 6 3 8 8 7 2 6 6 2 4 2 3 9 7 7 2 6 3 8 8 7 2 6 6 2 4 2 3 9
7 7 5 8 2 6 3 5 6 7 5 1 5 9 2 9 7 7 5 8 2 6 3 5 6 7 5 1 5 9 2 9 7 7 5 8 2 6 3 5 6 7 5 1 5 9 2 9 7 7 5 8 2 6 3 5 6 7 5 1 5 9 2 9 7 7 5 8 2 6 3 5 6 7 5 1 5 9 2 9
4 2 5 4 9 1 2 8 6 7 1 7 6 1 4 3 4 2 5 4 9 1 2 8 6 7 1 7 6 1 4 3 4 2 5 4 9 1 2 8 6 7 1 7 6 1 4 3 4 2 5 4 9 1 2 8 6 7 1 7 6 1 4 3 4 2 5 4 9 1 2 8 6 7 1 7 6 1 4 3
7 9 8 6 5 8 1 9 4 3 9 8 9 8 7 2 7 9 8 6 5 8 1 9 4 3 9 8 9 8 7 2 7 9 8 6 5 8 1 9 4 3 9 8 9 8 7 2 7 9 8 6 5 8 1 9 4 3 9 8 9 8 7 2 7 9 8 6 5 8 1 9 4 3 9 8 9 8 7 2
7 9 5 6 9 6 3 3 1 3 9 6 3 3 6 7 7 9 5 6 9 6 3 3 1 3 9 6 3 3 6 7 7 9 5 6 9 6 3 3 1 3 9 6 3 3 6 7 7 9 5 6 9 6 3 3 1 3 9 6 3 3 6 7 7 9 5 6 9 6 3 3 1 3 9 6 3 3 6 7
9 4 1 3 3 1 2 4 1 8 2 9 6 6 8 2 9 4 1 3 3 1 2 4 1 8 2 9 6 6 8 2 9 4 1 3 3 1 2 4 1 8 2 9 6 6 8 2 9 4 1 3 3 1 2 4 1 8 2 9 6 6 8 2 9 4 1 3 3 1 2 4 1 8 2 9 6 6 8 2
5 4 5 2 7 7 4 8 9 1 4 9 3 1 4 1 5 4 5 2 7 7 4 8 9 1 4 9 3 1 4 1 5 4 5 2 7 7 4 8 9 1 4 9 3 1 4 1 5 4 5 2 7 7 4 8 9 1 4 9 3 1 4 1 5 4 5 2 7 7 4 8 9 1 4 9 3 1 4 1
2 4 3 2 2 2 5 2 9 4 9 3 9 7 4 2 2 4 3 2 2 2 5 2 9 4 9 3 9 7 4 2 2 4 3 2 2 2 5 2 9 4 9 3 9 7 4 2 2 4 3 2 2 2 5 2 9 4 9 3 9 7 4 2 2 4 3 2 2 2 5 2 9 4 9 3 9 7 4 2
1 9 3 6 4 6 4 4 4 7 1 7 5 5 5 5 1 9 3 6 4 6 4 4 4 7 1 7 5 5 5 5 1 9 3 6 4 6 4 4 4 7 1 7 5 5 5 5 1 9 3 6 4 6 4 4 4 7 1 7 5 5 5 5 1 9 3 6 4 6 4 4 4 7 1 7 5 5 5 5
8 7 6 1 8 2 2 5 5 8 7 3 6 9 4 4 8 7 6 1 8 2 2 5 5 8 7 3 6 9 4 4 8 7 6 1 8 2 2 5 5 8 7 3 6 9 4 4 8 7 6 1 8 2 2 5 5 8 7 3 6 9 4 4 8 7 6 1 8 2 2 5 5 8 7 3 6 9 4 4
8 1 3 8 9 6 8 6 4 4 9 9 5 4 5 7 8 1 3 8 9 6 8 6 4 4 9 9 5 4 5 7 8 1 3 8 9 6 8 6 4 4 9 9 5 4 5 7 8 1 3 8 9 6 8 6 4 4 9 9 5 4 5 7 8 1 3 8 9 6 8 6 4 4 9 9 5 4 5 7
8 9 2 1 2 8 8 3 7 4 1 1 3 8 6 1 8 9 2 1 2 8 8 3 7 4 1 1 3 8 6 1 8 9 2 1 2 8 8 3 7 4 1 1 3 8 6 1 8 9 2 1 2 8 8 3 7 4 1 1 3 8 6 1 8 9 2 1 2 8 8 3 7 4 1 1 3 8 6 1
8 8 7 8 4 5 4 5 6 3 5 1 6 9 5 2 8 8 7 8 4 5 4 5 6 3 5 1 6 9 5 2 8 8 7 8 4 5 4 5 6 3 5 1 6 9 5 2 8 8 7 8 4 5 4 5 6 3 5 1 6 9 5 2 8 8 7 8 4 5 4 5 6 3 5 1 6 9 5 2
7 7 2 6 3 8 8 7 2 6 6 2 4 2 3 9 7 7 2 6 3 8 8 7 2 6 6 2 4 2 3 9 7 7 2 6 3 8 8 7 2 6 6 2 4 2 3 9 7 7 2 6 3 8 8 7 2 6 6 2 4 2 3 9 7 7 2 6 3 8 8 7 2 6 6 2 4 2 3 9
7 7 5 8 2 6 3 5 6 7 5 1 5 9 2 9 7 7 5 8 2 6 3 5 6 7 5 1 5 9 2 9 7 7 5 8 2 6 3 5 6 7 5 1 5 9 2 9 7 7 5 8 2 6 3 5 6 7 5 1 5 9 2 9 7 7 5 8 2 6 3 5 6 7 5 1 5 9 2 9
4 2 5 4 9 1 2 8 6 7 1 7 6 1 4 3 4 2 5 4 9 1 2 8 6 7 1 7 6 1 4 3 4 2 5 4 9 1 2 8 6 7 1 7 6 1 4 3 4 2 5 4 9 1 2 8 6 7 1 7 6 1 4 3 4 2 5 4 9 1 2 8 6 7 1 7 6 1 4 3
7 9 8 6 5 8 1 9 4 3 9 8 9 8 7 2 7 9 8 6 5 8 1 9 4 3 9 8 9 8 7 2 7 9 8 6 5 8 1 9 4 3 9 8 9 8 7 2 7 9 8 6 5 8 1 9 4 3 9 8 9 8 7 2 7 9 8 6 5 8 1 9 4 3 9 8 9 8 7 2
7 9 5 6 9 6 3 3 1 3 9 6 3 3 6 7 7 9 5 6 9 6 3 3 1 3 9 6 3 3 6 7 7 9 5 6 9 6 3 3 1 3 9 6 3 3 6 7 7 9 5 6 9 6 3 3 1 3 9 6 3 3 6 7 7 9 5 6 9 6 3 3 1 3 9 6 3 3 6 7
9 4 1 3 3 1 2 4 1 8 2 9 6 6 8 2 9 4 1 3 3 1 2 4 1 8 2 9 6 6 8 2 9 4 1 3 3 1 2 4 1 8 2 9 6 6 8 2 9 4 1 3 3 1 2 4 1 8 2 9 6 6 8 2 9 4 1 3 3 1 2 4 1 8 2 9 6 6 8 2
5 4 5 2 7 7 4 8 9 1 4 9 3 1 4 1 5 4 5 2 7 7 4 8 9 1 4 9 3 1 4 1 5 4 5 2 7 7 4 8 9 1 4 9 3 1 4 1 5 4 5 2 7 7 4 8 9 1 4 9 3 1 4 1 5 4 5 2 7 7 4 8 9 1 4 9 3 1 4 1
2 4 3 2 2 2 5 2 9 4 9 3 9 7 4 2 2 4 3 2 2 2 5 2 9 4 9 3 9 7 4 2 2 4 3 2 2 2 5 2 9 4 9 3 9 7 4 2 2 4 3 2 2 2 5 2 9 4 9 3 9 7 4 2 2 4 3 2 2 2 5 2 9 4 9 3 9 7 4 2
1 9 3 6 4 6 4 4 4 7 1 7 5 5 5 5 1 9 3 6 4 6 4 4 4 7 1 7 5 5 5 5 1 9 3 6 4 6 4 4 4 7 1 7 5 5 5 5 1 9 3 6 4 6 4 4 4 7 1 7 5 5 5 5 1 9 3 6 4 6 4 4 4 7 1 7 5 5 5 5
8 7 6 1 8 2 2 5 5 8 7 3 6 9 4 4 8 7 6 1 8 2 2 5 5 8 7 3 6 9 4 4 8 7 6 1 8 2 2 5 5 8 7 3 6 9 4 4 8 7 6 1 8 2 2 5 5 8 7 3 6 9 4 4 8 7 6 1 8 2 2 5 5 8 7 3 6 9 4 4
