3 6 3 6 4 2 8 2 3 8 6 9 6 8 1 5 4 1 8 4 2 2 1 3 6 3 6 4 2 8 2 3 8 6 9 6 8 1 5 4 1 8 4 2 2 1 3 6 3 6 4 2 8 2 3 8 6 9 6 8 1 5 4 1 8 4 2 2 1 3 6 3 6 4 2 8 2 3 8 6 9 6 8 1 5 4 1 8 4 2 2 1 3 6 3 6 4 2 8 2 3 8 6 9 6 8 1 5 4 1 8 4 2 2 1 3 6 3 6 4 2 8 2 3 8 6 9 6 8 1 5 4 1 8 4 2 2 1
2 7 1 9 1 1 8 2 3 4 2 7 6 1 5 7 1 1 1 1 6 6 1 2 7 1 9 1 1 8 2 3 4 2 7 6 1 5 7 1 1 1 1 6 6 1 2 7 1 9 1 1 8 2 3 4 2 7 6 1 5 7 1 1 1 1 6 6 1 2 7 1 9 1 1 8 2 3 4 2 7 6 1 5 7 1 1 1 1 6 6 1 2 7 1 9 1 1 8 2 3 4 2 7 6 1 5 7 1 1 1 1 6 6 1 2 7 1 9 1 1 8 2 3 4 2 7 6 1 5 7 1 1 1 1 6 6 1
3 6 3 6 4 2 8 2 3 8 6 9 6 8 1 5 4 1 8 4 2 2 1 3 6 3 6 4 2 8 2 3 8 6 9 6 8 1 5 4 1 8 4 2 2 1 3 6 3 6 4 2 8 2 3 8 6 9 6 8 1 5 4 1 8 4 2 2 1 3 6 3 6 4 2 8 2 3 8 6 9 6 8 1 5 4 1 8 4 2 2 1 3 6 3 6 4 2 8 2 3 8 6 9 6 8 1 5 4 1 8 4 2 2 1 3 6 3 6 4 2 8 2 3 8 6 9 6 8 1 5 4 1 8 4 2 2 1
2 7 1 9 1 1 8 2 3 4 2 7 6 1 5 7 1 1 1 1 6 6 1 2 7 1 9 1 1 8 2 3 4 2 7 6 1 5 7 1 1 1 1 6 6 1 2 7 1 9 1 1 8 2 3 4 2 7 6 1 5 7 1 1 1 1 6 6 1 2 7 1 9 1 1 8 2 3 4 2 7 6 1 5 7 1 1 1 1 6 6 1 2 7 1 9 1 1 8 2 3 4 2 7 6 1 5 7 1 1 1 1 6 6 1 2 7 1 9 1 1 8 2 3 4 2 7 6 1 5 7 1 1 1 1 6 6 1
3 6 3 6 4 2 8 2 3 8 6 9 6 8 1 5 4 1 8 4 2 2 1 3 6 3 6 4 2 8 2 3 8 6 9 6 8 1 5 4 1 8 4 2 2 1 3 6 3 6 4 2 8 2 3 8 6 9 6 8 1 5 4 1 8 4 2 2 1 3 6 3 6 4 2 8 2 3 8 6 9 6 8 1 5 4 1 8 4 2 2 1 3 6 3 6 4 2 8 2 3 8 6 9 6 8 1 5 4 1 8 4 2 2 1 3 6 3 6 4 2 8 2 3 8 6 9 6 8 1 5 4 1 8 4 2 2 1
2 7 1 9 1 1 8 2 3 4 2 7 6 1 5 7 1 1 1 1 6 6 1 2 7 1 9 1 1 8 2 3 4 2 7 6 1 5 7 1 1 1 1 6 6 1 2 7 1 9 1 1 8 2 3 4 2 7 6 1 5 7 1 1 1 1 6 6 1 2 7 1 9 1 1 8 2 3 4 2 7 6 1 5 7 1 1 1 1 6 6 1 2 7 1 9 1 1 8 2 3 4 2 7 6 1 5 7 1 1 1 1 6 6 1 2 7 1 9 1 1 8 2 3 4 2 7 6 1 5 7 1 1 1 1 6 6 1
3 6 3 6 4 2 8 2 3 8 6 9 6 8 1 5 4 1 8 4 2 2 1 3 6 3 6 4 2 8 2 3 8 6 9 6 8 1 5 4 1 8 4 2 2 1 3 6 3 6 4 2 8 2 3 8 6 9 6 8 1 5 4 1 8 4 2 2 1 3 6 3 6 4 2 8 2 3 8 6 9 6 8 1 5 4 1 8 4 2 2 1 3 6 3 6 4 2 8 2 3 8 6 9 6 8 1 5 4 1 8 4 2 2 1 3 6 3 6 4 2 8 2 3 8 6 9 6 8 1 5 4 1 8 4 2 2 1
2 7 1 9 1 1 8 2 3 4 2 7 6 1 5 7 1 1 1 1 6 6 1 2 7 1 9 1 1 8 2 3 4 2 7 6 1 5 7 1 1 1 1 6 6 1 2 7 1 9 1 1 8 2 3 4 2 7 6 1 5 7 1 1 1 1 6 6 1 2 7 1 9 1 1 8 2 3 4 2 7 6 1 5 7 1 1 1 1 6 6 1 2 7 1 9 1 1 8 2 3 4 2 7 6 1 5 7 1 1 1 1 6 6 1 2 7 1 9 1 1 8 2 3 4 2 7 6 1 5 7 1 1 1 1 6 6 1
3 6 3 6 4 2 8 2 3 8 6 9 6 8 1 5 4 1 8 4 2 2 1 3 6 3 6 4 2 8 2 3 8 6 9 6 8 1 5 4 1 8 4 2 2 1 3 6 3 6 4 2 8 2 3 8 6 9 6 8 1 5 4 1 8 4 2 2 1 3 6 3 6 4 2 8 2 3 8 6 9 6 8 1 5 4 1 8 4 2 2 1 3 6 3 6 4 2 8 2 3 8 6 9 6 8 1 5 4 1 8 4 2 2 1 3 6 3 6 4 2 8 2 3 8 6 9 6 8 1 5 4 1 8 4 2 2 1
2 7 1 9 1 1 8 2 3 4 2 7 6 1 5 7 1 1 1 1 6 6 1 2 7 1 9 1 1 8 2 3 4 2 7 6 1 5 7 1 1 1 1 6 6 1 2 7 1 9 1 1 8 2 3 4 2 7 6 1 5 7 1 1 1 1 6 6 1 2 7 1 9 1 1 8 2 3 4 2 7 6 1 5 7 1 1 1 1 6 6 1 2 7 1 9 1 1 8 2 3 4 2 7 6 1 5 7 1 1 1 1 6 6 1 2 7 1 9 1 1 8 2 3 4 2 7 6 1 5 7 1 1 1 1 6 6 1
3 6 3 6 4 2 8 2 3 8 6 9 6 8 1 5 4 1 8 4 2 2 1 3 6 3 6 4 2 8 2 3 8 6 9 6 8 1 5 4 1 8 4 2 2 1 3 6 3 6 4 2 8 2 3 8 6 9 6 8 1 5 4 1 8 4 2 2 1 3 6 3 6 4 2 8 2 3 8 6 9 6 8 1 5 4 1 8 4 2 2 1 3 6 3 6 4 2 8 2 3 8 6 9 6 8 1 5 4 1 8 4 2 2 1 3 6 3 6 4 2 8 2 3 8 6 9 6 8 1 5 4 1 8 4 2 2 1
2 7 1 9 1 1 8 2 3 4 2 7 6 1 5 7 1 1 1 1 6 6 1 2 7 1 9 1 1 8 2 3 4 2 7 6 1 5 7 1 1 1 1 6 6 1 2 7 1 9 1 1 8 2 3 4 2 7 6 1 5 7 1 1 1 1 6 6 1 2 7 1 9 1 1 8 2 3 4 2 7 6 1 5 7 1 1 1 1 6 6 1 2 7 1 9 1 1 8 2 3 4 2 7 6 1 5 7 1 1 1 1 6 6 1 2 7 1 9 1 1 8 2 3 4 2 7 6 1 5 7 1 1 1 1 6 6 1
3 6 3 6 4 2 8 2 3 8 6 9 6 8 1 5 4 1 8 4 2 2 1 3 6 3 6 4 2 8 2 3 8 6 9 6 8 1 5 4 1 8 4 2 2 1 3 6 3 6 4 2 8 2 3 8 6 9 6 8 1 5 4 1 8 4 2 2 1 3 6 3 6 4 2 8 2 3 8 6 9 6 8 1 5 4 1 8 4 2 2 1 3 6 3 6 4 2 8 2 3 8 6 9 6 8 1 5 4 1 8 4 2 2 1 3 6 3 6 4 2 8 2 3 8 6 9 6 8 1 5 4 1 8 4 2 2 1
2 7 1 9 1 1 8 2 3 4 2 7 6 1 5 7 1 1 1 1 6 6 1 2 7 1 9 1 1 8 2 3 4 2 7 6 1 5 7 1 1 1 1 6 6 1 2 7 1 9 1 1 8 2 3 4 2 7 6 1 5 7 1 1 1 1 6 6 1 2 7 1 9 1 1 8 2 3 4 2 7 6 1 5 7 1 1 1 1 6 6 1 2 7 1 9 1 1 8 2 3 4 2 7 6 1 5 7 1 1 1 1 6 6 1 2 7 1 9 1 1 8 2 3 4 2 7 6 1 5 7 1 1 1 1 6 6 1
3 6 3 6 4 2 8 2 3 8 6 9 6 8 1 5 4 1 8 4 2 2 1 3 6 3 6 4 2 8 2 3 8 6 9 6 8 1 5 4 1 8 4 2 2 1 3 6 3 6 4 2 8 2 3 8 6 9 6 8 1 5 4 1 8 4 2 2 1 3 6 3 6 4 2 8 2 3 8 6 9 6 8 1 5 4 1 8 4 2 2 1 3 6 3 6 4 2 8 2 3 8 6 9 6 8 1 5 4 1 8 4 2 2 1 3 6 3 6 4 2 8 2 3 8 6 9 6 8 1 5 4 1 8 4 2 2 1
2 7 1 9 1 1 8 2 3 4 2 7 6 1 5 7 1 1 1 1 6 6 1 2 7 1 9 1 1 8 2 3 4 2 7 6 1 5 7 1 1 1 1 6 6 1 2 7 1 9 1 1 8 2 3 4 2 7 6 1 5 7 1 1 1 1 6 6 1 2 7 1 9 1 1 8 2 3 4 2 7 6 1 5 7 1 1 1 1 6 6 1 2 7 1 9 1 1 8 2 3 4 2 7 6 1 5 7 1 1 1 1 6 6 1 2 7 1 9 1 1 8 2 3 4 2 7 6 1 5 7 1 1 1 1 6 6 1
3 6 3 6 4 2 8 2 3 8 6 9 6 8 1 5 4 1 8 4 2 2 1 3 6 3 6 4 2 8 2 3 8 6 9 6 8 1 5 4 1 8 4 2 2 1 3 6 3 6 4 2 8 2 3 8 6 9 6 8 1 5 4 1 8 4 2 2 1 3 6 3 6 4 2 8 2 3 8 6 9 6 8 1 5 4 1 8 4 2 2 1 3 6 3 6 4 2 8 2 3 8 6 9 6 8 1 5 4 1 8 4 2 2 1 3 6 3 6 4 2 8 2 3 8 6 9 6 8 1 5 4 1 8 4 2 2 1
2 7 1 9 1 1 8 2 3 4 2 7 6 1 5 7 1 1 1 1 6 6 1 2 7 1 9 1 1 8 2 3 4 2 7 6 1 5 7 1 1 1 1 6 6 1 2 7 1 9 1 1 8 2 3 4 2 7 6 1 5 7 1 1 1 1 6 6 1 2 7 1 9 1 1 8 2 3 4 2 7 6 1 5 7 1 1 1 1 6 6 1 2 7 1 9 1 1 8 2 3 4 2 7 6 1 5 7 1 1 1 1 6 6 1 2 7 1 9 1 1 8 2 3 4 2 7 6 1 5 7 1 1 1 1 6 6 1
3 6 3 6 4 2 8 2 3 8 6 9 6 8 1 5 4 1 8 4 2 2 1 3 6 3 6 4 2 8 2 3 8 6 9 6 8 1 5 4 1 8 4 2 2 1 3 6 3 6 4 2 8 2 3 8 6 9 6 8 1 5 4 1 8 4 2 2 1 3 6 3 6 4 2 8 2 3 8 6 9 6 8 1 5 4 1 8 4 2 2 1 3 6 3 6 4 2 8 2 3 8 6 9 6 8 1 5 4 1 8 4 2 2 1 3 6 3 6 4 2 8 2 3 8 6 9 6 8 1 5 4 1 8 4 2 2 1
2 7 1 9 1 1 8 2 3 4 2 7 6 1 5 7 1 1 1 1 6 6 1 2 7 1 9 1 1 8 2 3 4 2 7 6 1 5 7 1 1 1 1 6 6 1 2 7 1 9 1 1 8 2 3 4 2 7 6 1 5 7 1 1 1 1 6 6 1 2 7 1 9 1 1 8 2 3 4 2 7 6 1 5 7 1 1 1 1 6 6 1 2 7 1 9 1 1 8 2 3 4 2 7 6 1 5 7 1 1 1 1 6 6 1 2 7 1 9 1 1 8 2 3 4 2 7 6 1 5 7 1 1 1 1 6 6 1
3 6 3 6 4 2 8 2 3 8 6 9 6 8 1 5 4 1 8 4 2 2 1 3 6 3 6 4 2 8 2 3 8 6 9 6 8 1 5 4 1 8 4 2 2 1 3 6 3 6 4 2 8 2 3 8 6 9 6 8 1 5 4 1 8 4 2 2 1 3 6 3 6 4 2 8 2 3 8 6 9 6 8 1 5 4 1 8 4 2 2 1 3 6 3 6 4 2 8 2 3 8 6 9 6 8 1 5 4 1 8 4 2 2 1 3 6 3 6 4 2 8 2 3 8 6 9 6 8 1 5 4 1 8 4 2 2 1
2 7 1 9 1 1 8 2 3 4 2 7 6 1 5 7 1 1 1 1 6 6 1 2 7 1 9 1 1 8 2 3 4 2 7 6 1 5 7 1 1 1 1 6 6 1 2 7 1 9 1 1 8 2 3 4 2 7 6 1 5 7 1 1 1 1 6 6 1 2 7 1 9 1 1 8 2 3 4 2 7 6 1 5 7 1 1 1 1 6 6 1 2 7 1 9 1 1 8 2 3 4 2 7 6 1 5 7 1 1 1 1 6 6 1 2 7 1 9 1 1 8 2 3 4 2 7 6 1 5 7 1 1 1 1 6 6 1
3 6 3 6 4 2 8 2 3 8 6 9 6 8 1 5 4 1 8 4 2 2 1 3 6 3 6 4 2 8 2 3 8 6 9 6 8 1 5 4 1 8 4 2 2 1 3 6 3 6 4 2 8 2 3 8 6 9 6 8 1 5 4 1 8 4 2 2 1 3 6 3 6 4 2 8 2 3 8 6 9 6 8 1 5 4 1 8 4 2 2 1 3 6 3 6 4 2 8 2 3 8 6 9 6 8 1 5 4 1 8 4 2 2 1 3 6 3 6 4 2 8 2 3 8 6 9 6 8 1 5 4 1 8 4 2 2 1
2 7 1 9 1 1 8 2 3 4 2 7 6 1 5 7 1 1 1 1 6 6 1 2 7 1 9 1 1 8 2 3 4 2 7 6 1 5 7 1 1 1 1 6 6 1 2 7 1 9 1 1 8 2 3 4 2 7 6 1 5 7 1 1 1 1 6 6 1 2 7 1 9 1 1 8 2 3 4 2 7 6 1 5 7 1 1 1 1 6 6 1 2 7 1 9 1 1 8 2 3 4 2 7 6 1 5 7 1 1 1 1 6 6 1 2 7 1 9 1 1 8 2 3 4 2 7 6 1 5 7 1 1 1 1 6 6 1
3 6 3 6 4 2 8 2 3 8 6 9 6 8 1 5 4 1 8 4 2 2 1 3 6 3 6 4 2 8 2 3 8 6 9 6 8 1 5 4 1 8 4 2 2 1 3 6 3 6 4 2 8 2 3 8 6 9 6 8 1 5 4 1 8 4 2 2 1 3 6 3 6 4 2 8 2 3 8 6 9 6 8 1 5 4 1 8 4 2 2 1 3 6 3 6 4 2 8 2 3 8 6 9 6 8 1 5 4 1 8 4 2 2 1 3 6 3 6 4 2 8 2 3 8 6 9 6 8 1 5 4 1 8 4 2 2 1
2 7 1 9 1 1 8 2 3 4 2 7 6 1 5 7 1 1 1 1 6 6 1 2 7 1 9 1 1 8 2 3 4 2 7 6 1 5 7 1 1 1 1 6 6 1 2 7 1 9 1 1 8 2 3 4 2 7 6 1 5 7 1 1 1 1 6 6 1 2 7 1 9 1 1 8 2 3 4 2 7 6 1 5 7 1 1 1 1 6 6 1 2 7 1 9 1 1 8 2 3 4 2 7 6 1 5 7 1 1 1 1 6 6 1 2 7 1 9 1 1 8 2 3 4 2 7 6 1 5 7 1 1 1 1 6 6 1
3 6 3 6 4 2 8 2 3 8 6 9 6 8 1 5 4 1 8 4 2 2 1 3 6 3 6 4 2 8 2 3 8 6 9 6 8 1 5 4 1 8 4 2 2 1 3 6 3 6 4 2 8 2 3 8 6 9 6 8 1 5 4 1 8 4 2 2 1 3 6 3 6 4 2 8 2 3 8 6 9 6 8 1 5 4 1 8 4 2 2 1 3 6 3 6 4 2 8 2 3 8 6 9 6 8 1 5 4 1 8 4 2 2 1 3 6 3 6 4 2 8 2 3 8 6 9 6 8 1 5 4 1 8 4 2 2 1
2 7 1 9 1 1 8 2 3 4 2 7 6 1 5 7 1 1 1 1 6 6 1 2 7 1 9 1 1 8 2 3 4 2 7 6 1 5 7 1 1 1 1 6 6 1 2 7 1 9 1 1 8 2 3 4 2 7 6 1 5 7 1 1 1 1 6 6 1 2 7 1 9 1 1 8 2 3 4 2 7 6 1 5 7 1 1 1 1 6 6 1 2 7 1 9 1 1 8 2 3 4 2 7 6 1 5 7 1 1 1 1 6 6 1 2 7 1 9 1 1 8 2 3 4 2 7 6 1 5 7 1 1 1 1 6 6 1
3 6 3 6 4 2 8 2 3 8 6 9 6 8 1 5 4 1 8 4 2 2 1 3 6 3 6 4 2 8 2 3 8 6 9 6 8 1 5 4 1 8 4 2 2 1 3 6 3 6 4 2 8 2 3 8 6 9 6 8 1 5 4 1 8 4 2 2 1 3 6 3 6 4 2 8 2 3 8 6 9 6 8 1 5 4 1 8 4 2 2 1 3 6 3 6 4 2 8 2 3 8 6 9 6 8 1 5 4 1 8 4 2 2 1 3 6 3 6 4 2 8 2 3 8 6 9 6 8 1 5 4 1 8 4 2 2 1
2 7 1 9 1 1 8 2 3 4 2 7 6 1 5 7 1 1 1 1 6 6 1 2 7 1 9 1 1 8 2 3 4 2 7 6 1 5 7 1 1 1 1 6 6 1 2 7 1 9 1 1 8 2 3 4 2 7 6 1 5 7 1 1 1 1 6 6 1 2 7 1 9 1 1 8 2 3 4 2 7 6 1 5 7 1 1 1 1 6 6 1 2 7 1 9 1 1 8 2 3 4 2 7 6 1 5 7 1 1 1 1 6 6 1 2 7 1 9 1 1 8 2 3 4 2 7 6 1 5 7 1 1 1 1 6 6 1
3 6 3 6 4 2 8 2 3 8 6 9 6 8 1 5 4 1 8 4 2 2 1 3 6 3 6 4 2 8 2 3 8 6 9 6 8 1 5 4 1 8 4 2 2 1 3 6 3 6 4 2 8 2 3 8 6 9 6 8 1 5 4 1 8 4 2 2 1 3 6 3 6 4 2 8 2 3 8 6 9 6 8 1 5 4 1 8 4 2 2 1 3 6 3 6 4 2 8 2 3 8 6 9 6 8 1 5 4 1 8 4 2 2 1 3 6 3 6 4 2 8 2 3 8 6 9 6 8 1 5 4 1 8 4 2 2 1
2 7 1 9 1 1 8 2 3 4 2 7 6 1 5 7 1 1 1 1 6 6 1 2 7 1 9 1 1 8 2 3 4 2 7 6 1 5 7 1 1 1 1 6 6 1 2 7 1 9 1 1 8 2 3 4 2 7 6 1 5 7 1 1 1 1 6 6 1 2 7 1 9 1 1 8 2 3 4 2 7 6 1 5 7 1 1 1 1 6 6 1 2 7 1 9 1 1 8 2 3 4 2 7 6 1 5 7 1 1 1 1 6 6 1 2 7 1 9 1 1 8 2 3 4 2 7 6 1 5 7 1 1 1 1 6 6 1
3 6 3 6 4 2 8 2 3 8 6 9 6 8 1 5 4 1 8 4 2 2 1 3 6 3 6 4 2 8 2 3 8 6 9 6 8 1 5 4 1 8 4 2 2 1 3 6 3 6 4 2 8 2 3 8 6 9 6 8 1 5 4 1 8 4 2 2 1 3 6 3 6 4 2 8 2 3 8 6 9 6 8 1 5 4 1 8 4 2 2 1 3 6 3 6 4 2 8 2 3 8 6 9 6 8 1 5 4 1 8 4 2 2 1 3 6 3 6 4 2 8 2 3 8 6 9 6 8 1 5 4 1 8 4 2 2 1
2 7 1 9 1 1 8 2 3 4 2 7 6 1 5 7 1 1 1 1 6 6 1 2 7 1 9 1 1 8 2 3 4 2 7 6 1 5 7 1 1 1 1 6 6 1 2 7 1 9 1 1 8 2 3 4 2 7 6 1 5 7 1 1 1 1 6 6 1 2 7 1 9 1 1 8 2 3 4 2 7 6 1 5 7 1 1 1 1 6 6 1 2 7 1 9 1 1 8 2 3 4 2 7 6 1 5 7 1 1 1 1 6 6 1 2 7 1 9 1 1 8 2 3 4 2 7 6 1 5 7 1 1 1 1 6 6 1
3 6 3 6 4 2 8 2 3 8 6 9 6 8 1 5 4 1 8 4 2 2 1 3 6 3 6 4 2 8 2 3 8 6 9 6 8 1 5 4 1 8 4 2 2 1 3 6 3 6 4 2 8 2 3 8 6 9 6 8 1 5 4 1 8 4 2 2 1 3 6 3 6 4 2 8 2 3 8 6 9 6 8 1 5 4 1 8 4 2 2 1 3 6 3 6 4 2 8 2 3 8 6 9 6 8 1 5 4 1 8 4 2 2 1 3 6 3 6 4 2 8 2 3 8 6 9 6 8 1 5 4 1 8 4 2 2 1
2 7 1 9 1 1 8 2 3 4 2 7 6 1 5 7 1 1 1 1 6 6 1 2 7 1 9 1 1 8 2 3 4 2 7 6 1 5 7 1 1 1 1 6 6 1 2 7 1 9 1 1 8 2 3 4 2 7 6 1 5 7 1 1 1 1 6 6 1 2 7 1 9 1 1 8 2 3 4 2 7 6 1 5 7 1 1 1 1 6 6 1 2 7 1 9 1 1 8 2 3 4 2 7 6 1 5 7 1 1 1 1 6 6 1 2 7 1 9 1 1 8 2 3 4 2 7 6 1 5 7 1 1 1 1 6 6 1
3 6 3 6 4 2 8 2 3 8 6 9 6 8 1 5 4 1 8 4 2 2 1 3 6 3 6 4 2 8 2 3 8 6 9 6 8 1 5 4 1 8 4 2 2 1 3 6 3 6 4 2 8 2 3 8 6 9 6 8 1 5 4 1 8 4 2 2 1 3 6 3 6 4 2 8 2 3 8 6 9 6 8 1 5 4 1 8 4 2 2 1 3 6 3 6 4 2 8 2 3 8 6 9 6 8 1 5 4 1 8 4 2 2 1 3 6 3 6 4 2 8 2 3 8 6 9 6 8 1 5 4 1 8 4 2 2 1
2 7 1 9 1 1 8 2 3 4 2 7 6 1 5 7 1 1 1 1 6 6 1 2 7 1 9 1 1 8 2 3 4 2 7 6 1 5 7 1 1 1 1 6 6 1 2 7 1 9 1 1 8 2 3 4 2 7 6 1 5 7 1 1 1 1 6 6 1 2 7 1 9 1 1 8 2 3 4 2 7 6 1 5 7 1 1 1 1 6 6 1 2 7 1 9 1 1 8 2 3 4 2 7 6 1 5 7 1 1 1 1 6 6 1 2 7 1 9 1 1 8 2 3 4 2 7 6 1 5 7 1 1 1 1 6 6 1
3 6 3 6 4 2 8 2 3 8 6 9 6 8 1 5 4 1 8 4 2 2 1 3 6 3 6 4 2 8 2 3 8 6 9 6 8 1 5 4 1 8 4 2 2 1 3 6 3 6 4 2 8 2 3 8 6 9 6 8 1 5 4 1 8 4 2 2 1 3 6 3 6 4 2 8 2 3 8 6 9 6 8 1 5 4 1 8 4 2 2 1 3 6 3 6 4 2 8 2 3 8 6 9 6 8 1 5 4 1 8 4 2 2 1 3 6 3 6 4 2 8 2 3 8 6 9 6 8 1 5 4 1 8 4 2 2 1
2 7 1 9 1 1 8 2 3 4 2 7 6 1 5 7 1 1 1 1 6 6 1 2 7 1 9 1 1 8 2 3 4 2 7 6 1 5 7 1 1 1 1 6 6 1 2 7 1 9 1 1 8 2 3 4 2 7 6 1 5 7 1 1 1 1 6 6 1 2 7 1 9 1 1 8 2 3 4 2 7 6 1 5 7 1 1 1 1 6 6 1 2 7 1 9 1 1 8 2 3 4 2 7 6 1 5 7 1 1 1 1 6 6 1 2 7 1 9 1 1 8 2 3 4 2 7 6 1 5 7 1 1 1 1 6 6 1
3 6 3 6 4 2 8 2 3 8 6 9 6 8 1 5 4 1 8 4 2 2 1 3 6 3 6 4 2 8 2 3 8 6 9 6 8 1 5 4 1 8 4 2 2 1 3 6 3 6 4 2 8 2 3 8 6 9 6 8 1 5 4 1 8 4 2 2 1 3 6 3 6 4 2 8 2 3 8 6 9 6 8 1 5 4 1 8 4 2 2 1 3 6 3 6 4 2 8 2 3 8 6 9 6 8 1 5 4 1 8 4 2 2 1 3 6 3 6 4 2 8 2 3 8 6 9 6 8 1 5 4 1 8 4 2 2 1
2 7 1 9 1 1 8 2 3 4 2 7 6 1 5 7 1 1 1 1 6 6 1 2 7 1 9 1 1 8 2 3 4 2 7 6 1 5 7 1 1 1 1 6 6 1 2 7 1 9 1 1 8 2 3 4 2 7 6 1 5 7 1 1 1 1 6 6 1 2 7 1 9 1 1 8 2 3 4 2 7 6 1 5 7 1 1 1 1 6 6 1 2 7 1 9 1 1 8 2 3 4 2 7 6 1 5 7 1 1 1 1 6 6 1 2 7 1 9 1 1 8 2 3 4 2 7 6 1 5 7 1 1 1 1 6 6 1
3 6 3 6 4 2 8 2 3 8 6 9 6 8 1 5 4 1 8 4 2 2 1 3 6 3 6 4 2 8 2 3 8 6 9 6 8 1 5 4 1 8 4 2 2 1 3 6 3 6 4 2 8 2 3 8 6 9 6 8 1 5 4 1 8 4 2 2 1 3 6 3 6 4 2 8 2 3 8 6 9 6 8 1 5 4 1 8 4 2 2 1 3 6 3 6 4 2 8 2 3 8 6 9 6 8 1 5 4 1 8 4 2 2 1 3 6 3 6 4 2 8 2 3 8 6 9 6 8 1 5 4 1 8 4 2 2 1
2 7 1 9 1 1 8 2 3 4 2 7 6 1 5 7 1 1 1 1 6 6 1 2 7 1 9 1 1 8 2 3 4 2 7 6 1 5 7 1 1 1 1 6 6 1 2 7 1 9 1 1 8 2 3 4 2 7 6 1 5 7 1 1 1 1 6 6 1 2 7 1 9 1 1 8 2 3 4 2 7 6 1 5 7 1 1 1 1 6 6 1 2 7 1 9 1 1 8 2 3 4 2 7 6 1 5 7 1 1 1 1 6 6 1 2 7 1 9 1 1 8 2 3 4 2 7 6 1 5 7 1 1 1 1 6 6 1
3 6 3 6 4 2 8 2 3 8 6 9 6 8 1 5 4 1 8 4 2 2 1 3 6 3 6 4 2 8 2 3 8 6 9 6 8 1 5 4 1 8 4 2 2 1 3 6 3 6 4 2 8 2 3 8 6 9 6 8 1 5 4 1 8 4 2 2 1 3 6 3 6 4 2 8 2 3 8 6 9 6 8 1 5 4 1 8 4 2 2 1 3 6 3 6 4 2 8 2 3 8 6 9 6 8 1 5 4 1 8 4 2 2 1 3 6 3 6 4 2 8 2 3 8 6 9 6 8 1 5 4 1 8 4 2 2 1
2 7 1 9 1 1 8 2 3 4 2 7 6 1 5 7 1 1 1 1 6 6 1 2 7 1 9 1 1 8 2 3 4 2 7 6 1 5 7 1 1 1 1 6 6 1 2 7 1 9 1 1 8 2 3 4 2 7 6 1 5 7 1 1 1 1 6 6 1 2 7 1 9 1 1 8 2 3 4 2 7 6 1 5 7 1 1 1 1 6 6 1 2 7 1 9 1 1 8 2 3 4 2 7 6 1 5 7 1 1 1 1 6 6 1 2 7 1 9 1 1 8 2 3 4 2 7 6 1 5 7 1 1 1 1 6 6 1
3 6 3 6 4 2 8 2 3 8 6 9 6 8 1 5 4 1 8 4 2 2 1 3 6 3 6 4 2 8 2 3 8 6 9 6 8 1 5 4 1 8 4 2 2 1 3 6 3 6 4 2 8 2 3 8 6 9 6 8 1 5 4 1 8 4 2 2 1 3 6 3 6 4 2 8 2 3 8 6 9 6 8 1 5 4 1 8 4 2 2 1 3 6 3 6 4 2 8 2 3 8 6 9 6 8 1 5 4 1 8 4 2 2 1 3 6 3 6 4 2 8 2 3 8 6 9 6 8 1 5 4 1 8 4 2 2 1
2 7 1 9 1 1 8 2 3 4 2 7 6 1 5 7 1 1 1 1 6 6 1 2 7 1 9 1 1 8 2 3 4 2 7 6 1 5 7 1 1 1 1 6 6 1 2 7 1 9 1 1 8 2 3 4 2 7 6 1 5 7 1 1 1 1 6 6 1 2 7 1 9 1 1 8 2 3 4 2 7 6 1 5 7 1 1 1 1 6 6 1 2 7 1 9 1 1 8 2 3 4 2 7 6 1 5 7 1 1 1 1 6 6 1 2 7 1 9 1 1 8 2 3 4 2 7 6 1 5 7 1 1 1 1 6 6 1
3 6 3 6 4 2 8 2 3 8 6 9 6 8 1 5 4 1 8 4 2 2 1 3 6 3 6 4 2 8 2 3 8 6 9 6 8 1 5 4 1 8 4 2 2 1 3 6 3 6 4 2 8 2 3 8 6 9 6 8 1 5 4 1 8 4 2 2 1 3 6 3 6 4 2 8 2 3 8 6 9 6 8 1 5 4 1 8 4 2 2 1 3 6 3 6 4 2 8 2 3 8 6 9 6 8 1 5 4 1 8 4 2 2 1 3 6 3 6 4 2 8 2 3 8 6 9 6 8 1 5 4 1 8 4 2 2 1
2 7 1 9 1 1 8 2 3 4 2 7 6 1 5 7 1 1 1 1 6 6 1 2 7 1 9 1 1 8 2 3 4 2 7 6 1 5 7 1 1 1 1 6 6 1 2 7 1 9 1 1 8 2 3 4 2 7 6 1 5 7 1 1 1 1 6 6 1 2 7 1 9 1 1 8 2 3 4 2 7 6 1 5 7 1 1 1 1 6 6 1 2 7 1 9 1 1 8 2 3 4 2 7 6 1 5 7 1 1 1 1 6 6 1 2 7 1 9 1 1 8 2 3 4 2 7 6 1 5 7 1 1 1 1 6 6 1
3 6 3 6 4 2 8 2 3 8 6 9 6 8 1 5 4 1 8 4 2 2 1 3 6 3 6 4 2 8 2 3 8 6 9 6 8 1 5 4 1 8 4 2 2 1 3 6 3 6 4 2 8 2 3 8 6 9 6 8 1 5 4 1 8 4 2 2 1 3 6 3 6 4 2 8 2 3 8 6 9 6 8 1 5 4 1 8 4 2 2 1 3 6 3 6 4 2 8 2 3 8 6 9 6 8 1 5 4 1 8 4 2 2 1 3 6 3 6 4 2 8 2 3 8 6 9 6 8 1 5 4 1 8 4 2 2 1
2 7 1 9 1 1 8 2 3 4 2 7 6 1 5 7 1 1 1 1 6 6 1 2 7 1 9 1 1 8 2 3 4 2 7 6 1 5 7 1 1 1 1 6 6 1 2 7 1 9 1 1 8 2 3 4 2 7 6 1 5 7 1 1 1 1 6 6 1 2 7 1 9 1 1 8 2 3 4 2 7 6 1 5 7 1 1 1 1 6 6 1 2 7 1 9 1 1 8 2 3 4 2 7 6 1 5 7 1 1 1 1 6 6 1 2 7 1 9 1 1 8 2 3 4 2 7 6 1 5 7 1 1 1 1 6 6 1
3 6 3 6 4 2 8 2 3 8 6 9 6 8 1 5 4 1 8 4 2 2 1 3 6 3 6 4 2 8 2 3 8 6 9 6 8 1 5 4 1 8 4 2 2 1 3 6 3 6 4 2 8 2 3 8 6 9 6 8 1 5 4 1 8 4 2 2 1 3 6 3 6 4 2 8 2 3 8 6 9 6 8 1 5 4 1 8 4 2 2 1 3 6 3 6 4 2 8 2 3 8 6 9 6 8 1 5 4 1 8 4 2 2 1 3 6 3 6 4 2 8 2 3 8 6 9 6 8 1 5 4 1 8 4 2 2 1
2 7 1 9 1 1 8 2 3 4 2 7 6 1 5 7 1 1 1 1 6 6 1 2 7 1 9 1 1 8 2 3 4 2 7 6 1 5 7 1 1 1 1 6 6 1 2 7 1 9 1 1 8 2 3 4 2 7 6 1 5 7 1 1 1 1 6 6 1 2 7 1 9 1 1 8 2 3 4 2 7 6 1 5 7 1 1 1 1 6 6 1 2 7 1 9 1 1 8 2 3 4 2 7 6 1 5 7 1 1 1 1 6 6 1 2 7 1 9 1 1 8 2 3 4 2 7 6 1 5 7 1 1 1 1 6 6 1
