9 3 6 7 2 1 5 7 8 5 7 9 3 6 7 2 1 5 7 8 5 7 9 3 6 7 2 1 5 7 8 5 7 9 3 6 7 2 1 5 7 8 5 7 9 3 6 7 2 1 5 7 8 5 7 9 3 6 7 2 1 5 7 8 5 7
4 1 6 4 2 9 1 9 7 5 1 4 1 6 4 2 9 1 9 7 5 1 4 1 6 4 2 9 1 9 7 5 1 4 1 6 4 2 9 1 9 7 5 1 4 1 6 4 2 9 1 9 7 5 1 4 1 6 4 2 9 1 9 7 5 1
2 5 1 2 7 6 1 4 4 9 4 2 5 1 2 7 6 1 4 4 9 4 2 5 1 2 7 6 1 4 4 9 4 2 5 1 2 7 6 1 4 4 9 4 2 5 1 2 7 6 1 4 4 9 4 2 5 1 2 7 6 1 4 4 9 4
9 6 5 7 9 2 5 2 7 8 2 9 6 5 7 9 2 5 2 7 8 2 9 6 5 7 9 2 5 2 7 8 2 9 6 5 7 9 2 5 2 7 8 2 9 6 5 7 9 2 5 2 7 8 2 9 6 5 7 9 2 5 2 7 8 2
3 9 3 9 1 1 6 5 1 5 7 3 9 3 9 1 1 6 5 1 5 7 3 9 3 9 1 1 6 5 1 5 7 3 9 3 9 1 1 6 5 1 5 7 3 9 3 9 1 1 6 5 1 5 7 3 9 3 9 1 1 6 5 1 5 7
1 6 4 5 6 5 8 4 9 6 7 1 6 4 5 6 5 8 4 9 6 7 1 6 4 5 6 5 8 4 9 6 7 1 6 4 5 6 5 8 4 9 6 7 1 6 4 5 6 5 8 4 9 6 7 1 6 4 5 6 5 8 4 9 6 7
2 1 6 2 6 7 8 2 7 8 2 2 1 6 2 6 7 8 2 7 8 2 2 1 6 2 6 7 8 2 7 8 2 2 1 6 2 6 7 8 2 7 8 2 2 1 6 2 6 7 8 2 7 8 2 2 1 6 2 6 7 8 2 7 8 2
9 7 2 7 1 4 8 3 1 6 9 9 7 2 7 1 4 8 3 1 6 9 9 7 2 7 1 4 8 3 1 6 9 9 7 2 7 1 4 8 3 1 6 9 9 7 2 7 1 4 8 3 1 6 9 9 7 2 7 1 4 8 3 1 6 9
3 1 3 7 7 6 6 1 4 8 1 3 1 3 7 7 6 6 1 4 8 1 3 1 3 7 7 6 6 1 4 8 1 3 1 3 7 7 6 6 1 4 8 1 3 1 3 7 7 6 6 1 4 8 1 3 1 3 7 7 6 6 1 4 8 1
9 3 6 7 2 1 5 7 8 5 7 9 3 6 7 2 1 5 7 8 5 7 9 3 6 7 2 1 5 7 8 5 7 9 3 6 7 2 1 5 7 8 5 7 9 3 6 7 2 1 5 7 8 5 7 9 3 6 7 2 1 5 7 8 5 7
4 1 6 4 2 9 1 9 7 5 1 4 1 6 4 2 9 1 9 7 5 1 4 1 6 4 2 9 1 9 7 5 1 4 1 6 4 2 9 1 9 7 5 1 4 1 6 4 2 9 1 9 7 5 1 4 1 6 4 2 9 1 9 7 5 1
2 5 1 2 7 6 1 4 4 9 4 2 5 1 2 7 6 1 4 4 9 4 2 5 1 2 7 6 1 4 4 9 4 2 5 1 2 7 6 1 4 4 9 4 2 5 1 2 7 6 1 4 4 9 4 2 5 1 2 7 6 1 4 4 9 4
9 6 5 7 9 2 5 2 7 8 2 9 6 5 7 9 2 5 2 7 8 2 9 6 5 7 9 2 5 2 7 8 2 9 6 5 7 9 2 5 2 7 8 2 9 6 5 7 9 2 5 2 7 8 2 9 6 5 7 9 2 5 2 7 8 2
3 9 3 9 1 1 6 5 1 5 7 3 9 3 9 1 1 6 5 1 5 7 3 9 3 9 1 1 6 5 1 5 7 3 9 3 9 1 1 6 5 1 5 7 3 9 3 9 1 1 6 5 1 5 7 3 9 3 9 1 1 6 5 1 5 7
1 6 4 5 6 5 8 4 9 6 7 1 6 4 5 6 5 8 4 9 6 7 1 6 4 5 6 5 8 4 9 6 7 1 6 4 5 6 5 8 4 9 6 7 1 6 4 5 6 5 8 4 9 6 7 1 6 4 5 6 5 8 4 9 6 7
2 1 6 2 6 7 8 2 7 8 2 2 1 6 2 6 7 8 2 7 8 2 2 1 6 2 6 7 8 2 7 8 2 2 1 6 2 6 7 8 2 7 8 2 2 1 6 2 6 7 8 2 7 8 2 2 1 6 2 6 7 8 2 7 8 2
9 7 2 7 1 4 8 3 1 6 9 9 7 2 7 1 4 8 3 1 6 9 9 7 2 7 1 4 8 3 1 6 9 9 7 2 7 1 4 8 3 1 6 9 9 7 2 7 1 4 8 3 1 6 9 9 7 2 7 1 4 8 3 1 6 9
3 1 3 7 7 6 6 1 4 8 1 3 1 3 7 7 6 6 1 4 8 1 3 1 3 7 7 6 6 1 4 8 1 3 1 3 7 7 6 6 1 4 8 1 3 1 3 7 7 6 6 1 4 8 1 3 1 3 7 7 6 6 1 4 8 1
9 3 6 7 2 1 5 7 8 5 7 9 3 6 7 2 1 5 7 8 5 7 9 3 6 7 2 1 5 7 8 5 7 9 3 6 7 2 1 5 7 8 5 7 9 3 6 7 2 1 5 7 8 5 7 9 3 6 7 2 1 5 7 8 5 7
4 1 6 4 2 9 1 9 7 5 1 4 1 6 4 2 9 1 9 7 5 1 4 1 6 4 2 9 1 9 7 5 1 4 1 6 4 2 9 1 9 7 5 1 4 1 6 4 2 9 1 9 7 5 1 4 1 6 4 2 9 1 9 7 5 1
2 5 1 2 7 6 1 4 4 9 4 2 5 1 2 7 6 1 4 4 9 4 2 5 1 2 7 6 1 4 4 9 4 2 5 1 2 7 6 1 4 4 9 4 2 5 1 2 7 6 1 4 4 9 4 2 5 1 2 7 6 1 4 4 9 4
9 6 5 7 9 2 5 2 7 8 2 9 6 5 7 9 2 5 2 7 8 2 9 6 5 7 9 2 5 2 7 8 2 9 6 5 7 9 2 5 2 7 8 2 9 6 5 7 9 2 5 2 7 8 2 9 6 5 7 9 2 5 2 7 8 2
3 9 3 9 1 1 6 5 1 5 7 3 9 3 9 1 1 6 5 1 5 7 3 9 3 9 1 1 6 5 1 5 7 3 9 3 9 1 1 6 5 1 5 7 3 9 3 9 1 1 6 5 1 5 7 3 9 3 9 1 1 6 5 1 5 7
1 6 4 5 6 5 8 4 9 6 7 1 6 4 5 6 5 8 4 9 6 7 1 6 4 5 6 5 8 4 9 6 7 1 6 4 5 6 5 8 4 9 6 7 1 6 4 5 6 5 8 4 9 6 7 1 6 4 5 6 5 8 4 9 6 7
2 1 6 2 6 7 8 2 7 8 2 2 1 6 2 6 7 8 2 7 8 2 2 1 6 2 6 7 8 2 7 8 2 2 1 6 2 6 7 8 2 7 8 2 2 1 6 2 6 7 8 2 7 8 2 2 1 6 2 6 7 8 2 7 8 2
9 7 2 7 1 4 8 3 1 6 9 9 7 2 7 1 4 8 3 1 6 9 9 7 2 7 1 4 8 3 1 6 9 9 7 2 7 1 4 8 3 1 6 9 9 7 2 7 1 4 8 3 1 6 9 9 7 2 7 1 4 8 3 1 6 9
3 1 3 7 7 6 6 1 4 8 1 3 1 3 7 7 6 6 1 4 8 1 3 1 3 7 7 6 6 1 4 8 1 3 1 3 7 7 6 6 1 4 8 1 3 1 3 7 7 6 6 1 4 8 1 3 1 3 7 7 6 6 1 4 8 1
9 3 6 7 2 1 5 7 8 5 7 9 3 6 7 2 1 5 7 8 5 7 9 3 6 7 2 1 5 7 8 5 7 9 3 6 7 2 1 5 7 8 5 7 9 3 6 7 2 1 5 7 8 5 7 9 3 6 7 2 1 5 7 8 5 7
4 1 6 4 2 9 1 9 7 5 1 4 1 6 4 2 9 1 9 7 5 1 4 1 6 4 2 9 1 9 7 5 1 4 1 6 4 2 9 1 9 7 5 1 4 1 6 4 2 9 1 9 7 5 1 4 1 6 4 2 9 1 9 7 5 1
2 5 1 2 7 6 1 4 4 9 4 2 5 1 2 7 6 1 4 4 9 4 2 5 1 2 7 6 1 4 4 9 4 2 5 1 2 7 6 1 4 4 9 4 2 5 1 2 7 6 1 4 4 9 4 2 5 1 2 7 6 1 4 4 9 4
9 6 5 7 9 2 5 2 7 8 2 9 6 5 7 9 2 5 2 7 8 2 9 6 5 7 9 2 5 2 7 8 2 9 6 5 7 9 2 5 2 7 8 2 9 6 5 7 9 2 5 2 7 8 2 9 6 5 7 9 2 5 2 7 8 2
3 9 3 9 1 1 6 5 1 5 7 3 9 3 9 1 1 6 5 1 5 7 3 9 3 9 1 1 6 5 1 5 7 3 9 3 9 1 1 6 5 1 5 7 3 9 3 9 1 1 6 5 1 5 7 3 9 3 9 1 1 6 5 1 5 7
1 6 4 5 6 5 8 4 9 6 7 1 6 4 5 6 5 8 4 9 6 7 1 6 4 5 6 5 8 4 9 6 7 1 6 4 5 6 5 8 4 9 6 7 1 6 4 5 6 5 8 4 9 6 7 1 6 4 5 6 5 8 4 9 6 7
2 1 6 2 6 7 8 2 7 8 2 2 1 6 2 6 7 8 2 7 8 2 2 1 6 2 6 7 8 2 7 8 2 2 1 6 2 6 7 8 2 7 8 2 2 1 6 2 6 7 8 2 7 8 2 2 1 6 2 6 7 8 2 7 8 2
9 7 2 7 1 4 8 3 1 6 9 9 7 2 7 1 4 8 3 1 6 9 9 7 2 7 1 4 8 3 1 6 9 9 7 2 7 1 4 8 3 1 6 9 9 7 2 7 1 4 8 3 1 6 9 9 7 2 7 1 4 8 3 1 6 9
3 1 3 7 7 6 6 1 4 8 1 3 1 3 7 7 6 6 1 4 8 1 3 1 3 7 7 6 6 1 4 8 1 3 1 3 7 7 6 6 1 4 8 1 3 1 3 7 7 6 6 1 4 8 1 3 1 3 7 7 6 6 1 4 8 1
9 3 6 7 2 1 5 7 8 5 7 9 3 6 7 2 1 5 7 8 5 7 9 3 6 7 2 1 5 7 8 5 7 9 3 6 7 2 1 5 7 8 5 7 9 3 6 7 2 1 5 7 8 5 7 9 3 6 7 2 1 5 7 8 5 7
4 1 6 4 2 9 1 9 7 5 1 4 1 6 4 2 9 1 9 7 5 1 4 1 6 4 2 9 1 9 7 5 1 4 1 6 4 2 9 1 9 7 5 1 4 1 6 4 2 9 1 9 7 5 1 4 1 6 4 2 9 1 9 7 5 1
2 5 1 2 7 6 1 4 4 9 4 2 5 1 2 7 6 1 4 4 9 4 2 5 1 2 7 6 1 4 4 9 4 2 5 1 2 7 6 1 4 4 9 4 2 5 1 2 7 6 1 4 4 9 4 2 5 1 2 7 6 1 4 4 9 4
9 6 5 7 9 2 5 2 7 8 2 9 6 5 7 9 2 5 2 7 8 2 9 6 5 7 9 2 5 2 7 8 2 9 6 5 7 9 2 5 2 7 8 2 9 6 5 7 9 2 5 2 7 8 2 9 6 5 7 9 2 5 2 7 8 2
3 9 3 9 1 1 6 5 1 5 7 3 9 3 9 1 1 6 5 1 5 7 3 9 3 9 1 1 6 5 1 5 7 3 9 3 9 1 1 6 5 1 5 7 3 9 3 9 1 1 6 5 1 5 7 3 9 3 9 1 1 6 5 1 5 7
1 6 4 5 6 5 8 4 9 6 7 1 6 4 5 6 5 8 4 9 6 7 1 6 4 5 6 5 8 4 9 6 7 1 6 4 5 6 5 8 4 9 6 7 1 6 4 5 6 5 8 4 9 6 7 1 6 4 5 6 5 8 4 9 6 7
2 1 6 2 6 7 8 2 7 8 2 2 1 6 2 6 7 8 2 7 8 2 2 1 6 2 6 7 8 2 7 8 2 2 1 6 2 6 7 8 2 7 8 2 2 1 6 2 6 7 8 2 7 8 2 2 1 6 2 6 7 8 2 7 8 2
9 7 2 7 1 4 8 3 1 6 9 9 7 2 7 1 4 8 3 1 6 9 9 7 2 7 1 4 8 3 1 6 9 9 7 2 7 1 4 8 3 1 6 9 9 7 2 7 1 4 8 3 1 6 9 9 7 2 7 1 4 8 3 1 6 9
3 1 3 7 7 6 6 1 4 8 1 3 1 3 7 7 6 6 1 4 8 1 3 1 3 7 7 6 6 1 4 8 1 3 1 3 7 7 6 6 1 4 8 1 3 1 3 7 7 6 6 1 4 8 1 3 1 3 7 7 6 6 1 4 8 1
9 3 6 7 2 1 5 7 8 5 7 9 3 6 7 2 1 5 7 8 5 7 9 3 6 7 2 1 5 7 8 5 7 9 3 6 7 2 1 5 7 8 5 7 9 3 6 7 2 1 5 7 8 5 7 9 3 6 7 2 1 5 7 8 5 7
4 1 6 4 2 9 1 9 7 5 1 4 1 6 4 2 9 1 9 7 5 1 4 1 6 4 2 9 1 9 7 5 1 4 1 6 4 2 9 1 9 7 5 1 4 1 6 4 2 9 1 9 7 5 1 4 1 6 4 2 9 1 9 7 5 1
2 5 1 2 7 6 1 4 4 9 4 2 5 1 2 7 6 1 4 4 9 4 2 5 1 2 7 6 1 4 4 9 4 2 5 1 2 7 6 1 4 4 9 4 2 5 1 2 7 6 1 4 4 9 4 2 5 1 2 7 6 1 4 4 9 4
9 6 5 7 9 2 5 2 7 8 2 9 6 5 7 9 2 5 2 7 8 2 9 6 5 7 9 2 5 2 7 8 2 9 6 5 7 9 2 5 2 7 8 2 9 6 5 7 9 2 5 2 7 8 2 9 6 5 7 9 2 5 2 7 8 2
3 9 3 9 1 1 6 5 1 5 7 3 9 3 9 1 1 6 5 1 5 7 3 9 3 9 1 1 6 5 1 5 7 3 9 3 9 1 1 6 5 1 5 7 3 9 3 9 1 1 6 5 1 5 7 3 9 3 9 1 1 6 5 1 5 7
1 6 4 5 6 5 8 4 9 6 7 1 6 4 5 6 5 8 4 9 6 7 1 6 4 5 6 5 8 4 9 6 7 1 6 4 5 6 5 8 4 9 6 7 1 6 4 5 6 5 8 4 9 6 7 1 6 4 5 6 5 8 4 9 6 7
2 1 6 2 6 7 8 2 7 8 2 2 1 6 2 6 7 8 2 7 8 2 2 1 6 2 6 7 8 2 7 8 2 2 1 6 2 6 7 8 2 7 8 2 2 1 6 2 6 7 8 2 7 8 2 2 1 6 2 6 7 8 2 7 8 2
9 7 2 7 1 4 8 3 1 6 9 9 7 2 7 1 4 8 3 1 6 9 9 7 2 7 1 4 8 3 1 6 9 9 7 2 7 1 4 8 3 1 6 9 9 7 2 7 1 4 8 3 1 6 9 9 7 2 7 1 4 8 3 1 6 9
3 1 3 7 7 6 6 1 4 8 1 3 1 3 7 7 6 6 1 4 8 1 3 1 3 7 7 6 6 1 4 8 1 3 1 3 7 7 6 6 1 4 8 1 3 1 3 7 7 6 6 1 4 8 1 3 1 3 7 7 6 6 1 4 8 1
9 3 6 7 2 1 5 7 8 5 7 9 3 6 7 2 1 5 7 8 5 7 9 3 6 7 2 1 5 7 8 5 7 9 3 6 7 2 1 5 7 8 5 7 9 3 6 7 2 1 5 7 8 5 7 9 3 6 7 2 1 5 7 8 5 7
4 1 6 4 2 9 1 9 7 5 1 4 1 6 4 2 9 1 9 7 5 1 4 1 6 4 2 9 1 9 7 5 1 4 1 6 4 2 9 1 9 7 5 1 4 1 6 4 2 9 1 9 7 5 1 4 1 6 4 2 9 1 9 7 5 1
2 5 1 2 7 6 1 4 4 9 4 2 5 1 2 7 6 1 4 4 9 4 2 5 1 2 7 6 1 4 4 9 4 2 5 1 2 7 6 1 4 4 9 4 2 5 1 2 7 6 1 4 4 9 4 2 5 1 2 7 6 1 4 4 9 4
9 6 5 7 9 2 5 2 7 8 2 9 6 5 7 9 2 5 2 7 8 2 9 6 5 7 9 2 5 2 7 8 2 9 6 5 7 9 2 5 2 7 8 2 9 6 5 7 9 2 5 2 7 8 2 9 6 5 7 9 2 5 2 7 8 2
3 9 3 9 1 1 6 5 1 5 7 3 9 3 9 1 1 6 5 1 5 7 3 9 3 9 1 1 6 5 1 5 7 3 9 3 9 1 1 6 5 1 5 7 3 9 3 9 1 1 6 5 1 5 7 3 9 3 9 1 1 6 5 1 5 7
1 6 4 5 6 5 8 4 9 6 7 1 6 4 5 6 5 8 4 9 6 7 1 6 4 5 6 5 8 4 9 6 7 1 6 4 5 6 5 8 4 9 6 7 1 6 4 5 6 5 8 4 9 6 7 1 6 4 5 6 5 8 4 9 6 7
2 1 6 2 6 7 8 2 7 8 2 2 1 6 2 6 7 8 2 7 8 2 2 1 6 2 6 7 8 2 7 8 2 2 1 6 2 6 7 8 2 7 8 2 2 1 6 2 6 7 8 2 7 8 2 2 1 6 2 6 7 8 2 7 8 2
9 7 2 7 1 4 8 3 1 6 9 9 7 2 7 1 4 8 3 1 6 9 9 7 2 7 1 4 8 3 1 6 9 9 7 2 7 1 4 8 3 1 6 9 9 7 2 7 1 4 8 3 1 6 9 9 7 2 7 1 4 8 3 1 6 9
3 1 3 7 7 6 6 1 4 8 1 3 1 3 7 7 6 6 1 4 8 1 3 1 3 7 7 6 6 1 4 8 1 3 1 3 7 7 6 6 1 4 8 1 3 1 3 7 7 6 6 1 4 8 1 3 1 3 7 7 6 6 1 4 8 1
9 3 6 7 2 1 5 7 8 5 7 9 3 6 7 2 1 5 7 8 5 7 9 3 6 7 2 1 5 7 8 5 7 9 3 6 7 2 1 5 7 8 5 7 9 3 6 7 2 1 5 7 8 5 7 9 3 6 7 2 1 5 7 8 5 7
4 1 6 4 2 9 1 9 7 5 1 4 1 6 4 2 9 1 9 7 5 1 4 1 6 4 2 9 1 9 7 5 1 4 1 6 4 2 9 1 9 7 5 1 4 1 6 4 2 9 1 9 7 5 1 4 1 6 4 2 9 1 9 7 5 1
2 5 1 2 7 6 1 4 4 9 4 2 5 1 2 7 6 1 4 4 9 4 2 5 1 2 7 6 1 4 4 9 4 2 5 1 2 7 6 1 4 4 9 4 2 5 1 2 7 6 1 4 4 9 4 2 5 1 2 7 6 1 4 4 9 4
9 6 5 7 9 2 5 2 7 8 2 9 6 5 7 9 2 5 2 7 8 2 9 6 5 7 9 2 5 2 7 8 2 9 6 5 7 9 2 5 2 7 8 2 9 6 5 7 9 2 5 2 7 8 2 9 6 5 7 9 2 5 2 7 8 2
3 9 3 9 1 1 6 5 1 5 7 3 9 3 9 1 1 6 5 1 5 7 3 9 3 9 1 1 6 5 1 5 7 3 9 3 9 1 1 6 5 1 5 7 3 9 3 9 1 1 6 5 1 5 7 3 9 3 9 1 1 6 5 1 5 7
1 6 4 5 6 5 8 4 9 6 7 1 6 4 5 6 5 8 4 9 6 7 1 6 4 5 6 5 8 4 9 6 7 1 6 4 5 6 5 8 4 9 6 7 1 6 4 5 6 5 8 4 9 6 7 1 6 4 5 6 5 8 4 9 6 7
2 1 6 2 6 7 8 2 7 8 2 2 1 6 2 6 7 8 2 7 8 2 2 1 6 2 6 7 8 2 7 8 2 2 1 6 2 6 7 8 2 7 8 2 2 1 6 2 6 7 8 2 7 8 2 2 1 6 2 6 7 8 2 7 8 2
9 7 2 7 1 4 8 3 1 6 9 9 7 2 7 1 4 8 3 1 6 9 9 7 2 7 1 4 8 3 1 6 9 9 7 2 7 1 4 8 3 1 6 9 9 7 2 7 1 4 8 3 1 6 9 9 7 2 7 1 4 8 3 1 6 9
3 1 3 7 7 6 6 1 4 8 1 3 1 3 7 7 6 6 1 4 8 1 3 1 3 7 7 6 6 1 4 8 1 3 1 3 7 7 6 6 1 4 8 1 3 1 3 7 7 6 6 1 4 8 1 3 1 3 7 7 6 6 1 4 8 1
9 3 6 7 2 1 5 7 8 5 7 9 3 6 7 2 1 5 7 8 5 7 9 3 6 7 2 1 5 7 8 5 7 9 3 6 7 2 1 5 7 8 5 7 9 3 6 7 2 1 5 7 8 5 7 9 3 6 7 2 1 5 7 8 5 7
4 1 6 4 2 9 1 9 7 5 1 4 1 6 4 2 9 1 9 7 5 1 4 1 6 4 2 9 1 9 7 5 1 4 1 6 4 2 9 1 9 7 5 1 4 1 6 4 2 9 1 9 7 5 1 4 1 6 4 2 9 1 9 7 5 1
2 5 1 2 7 6 1 4 4 9 4 2 5 1 2 7 6 1 4 4 9 4 2 5 1 2 7 6 1 4 4 9 4 2 5 1 2 7 6 1 4 4 9 4 2 5 1 2 7 6 1 4 4 9 4 2 5 1 2 7 6 1 4 4 9 4
9 6 5 7 9 2 5 2 7 8 2 9 6 5 7 9 2 5 2 7 8 2 9 6 5 7 9 2 5 2 7 8 2 9 6 5 7 9 2 5 2 7 8 2 9 6 5 7 9 2 5 2 7 8 2 9 6 5 7 9 2 5 2 7 8 2
3 9 3 9 1 1 6 5 1 5 7 3 9 3 9 1 1 6 5 1 5 7 3 9 3 9 1 1 6 5 1 5 7 3 9 3 9 1 1 6 5 1 5 7 3 9 3 9 1 1 6 5 1 5 7 3 9 3 9 1 1 6 5 1 5 7
1 6 4 5 6 5 8 4 9 6 7 1 6 4 5 6 5 8 4 9 6 7 1 6 4 5 6 5 8 4 9 6 7 1 6 4 5 6 5 8 4 9 6 7 1 6 4 5 6 5 8 4 9 6 7 1 6 4 5 6 5 8 4 9 6 7
2 1 6 2 6 7 8 2 7 8 2 2 1 6 2 6 7 8 2 7 8 2 2 1 6 2 6 7 8 2 7 8 2 2 1 6 2 6 7 8 2 7 8 2 2 1 6 2 6 7 8 2 7 8 2 2 1 6 2 6 7 8 2 7 8 2
9 7 2 7 1 4 8 3 1 6 9 9 7 2 7 1 4 8 3 1 6 9 9 7 2 7 1 4 8 3 1 6 9 9 7 2 7 1 4 8 3 1 6 9 9 7 2 7 1 4 8 3 1 6 9 9 7 2 7 1 4 8 3 1 6 9
3 1 3 7 7 6 6 1 4 8 1 3 1 3 7 7 6 6 1 4 8 1 3 1 3 7 7 6 6 1 4 8 1 3 1 3 7 7 6 6 1 4 8 1 3 1 3 7 7 6 6 1 4 8 1 3 1 3 7 7 6 6 1 4 8 1
9 3 6 7 2 1 5 7 8 5 7 9 3 6 7 2 1 5 7 8 5 7 9 3 6 7 2 1 5 7 8 5 7 9 3 6 7 2 1 5 7 8 5 7 9 3 6 7 2 1 5 7 8 5 7 9 3 6 7 2 1 5 7 8 5 7
4 1 6 4 2 9 1 9 7 5 1 4 1 6 4 2 9 1 9 7 5 1 4 1 6 4 2 9 1 9 7 5 1 4 1 6 4 2 9 1 9 7 5 1 4 1 6 4 2 9 1 9 7 5 1 4 1 6 4 2 9 1 9 7 5 1
2 5 1 2 7 6 1 4 4 9 4 2 5 1 2 7 6 1 4 4 9 4 2 5 1 2 7 6 1 4 4 9 4 2 5 1 2 7 6 1 4 4 9 4 2 5 1 2 7 6 1 4 4 9 4 2 5 1 2 7 6 1 4 4 9 4
9 6 5 7 9 2 5 2 7 8 2 9 6 5 7 9 2 5 2 7 8 2 9 6 5 7 9 2 5 2 7 8 2 9 6 5 7 9 2 5 2 7 8 2 9 6 5 7 9 2 5 2 7 8 2 9 6 5 7 9 2 5 2 7 8 2
3 9 3 9 1 1 6 5 1 5 7 3 9 3 9 1 1 6 5 1 5 7 3 9 3 9 1 1 6 5 1 5 7 3 9 3 9 1 1 6 5 1 5 7 3 9 3 9 1 1 6 5 1 5 7 3 9 3 9 1 1 6 5 1 5 7
1 6 4 5 6 5 8 4 9 6 7 1 6 4 5 6 5 8 4 9 6 7 1 6 4 5 6 5 8 4 9 6 7 1 6 4 5 6 5 8 4 9 6 7 1 6 4 5 6 5 8 4 9 6 7 1 6 4 5 6 5 8 4 9 6 7
2 1 6 2 6 7 8 2 7 8 2 2 1 6 2 6 7 8 2 7 8 2 2 1 6 2 6 7 8 2 7 8 2 2 1 6 2 6 7 8 2 7 8 2 2 1 6 2 6 7 8 2 7 8 2 2 1 6 2 6 7 8 2 7 8 2
9 7 2 7 1 4 8 3 1 6 9 9 7 2 7 1 4 8 3 1 6 9 9 7 2 7 1 4 8 3 1 6 9 9 7 2 7 1 4 8 3 1 6 9 9 7 2 7 1 4 8 3 1 6 9 9 7 2 7 1 4 8 3 1 6 9
3 1 3 7 7 6 6 1 4 8 1 3 1 3 7 7 6 6 1 4 8 1 3 1 3 7 7 6 6 1 4 8 1 3 1 3 7 7 6 6 1 4 8 1 3 1 3 7 7 6 6 1 4 8 1 3 1 3 7 7 6 6 1 4 8 1
9 3 6 7 2 1 5 7 8 5 7 9 3 6 7 2 1 5 7 8 5 7 9 3 6 7 2 1 5 7 8 5 7 9 3 6 7 2 1 5 7 8 5 7 9 3 6 7 2 1 5 7 8 5 7 9 3 6 7 2 1 5 7 8 5 7
4 1 6 4 2 9 1 9 7 5 1 4 1 6 4 2 9 1 9 7 5 1 4 1 6 4 2 9 1 9 7 5 1 4 1 6 4 2 9 1 9 7 5 1 4 1 6 4 2 9 1 9 7 5 1 4 1 6 4 2 9 1 9 7 5 1
2 5 1 2 7 6 1 4 4 9 4 2 5 1 2 7 6 1 4 4 9 4 2 5 1 2 7 6 1 4 4 9 4 2 5 1 2 7 6 1 4 4 9 4 2 5 1 2 7 6 1 4 4 9 4 2 5 1 2 7 6 1 4 4 9 4
9 6 5 7 9 2 5 2 7 8 2 9 6 5 7 9 2 5 2 7 8 2 9 6 5 7 9 2 5 2 7 8 2 9 6 5 7 9 2 5 2 7 8 2 9 6 5 7 9 2 5 2 7 8 2 9 6 5 7 9 2 5 2 7 8 2
3 9 3 9 1 1 6 5 1 5 7 3 9 3 9 1 1 6 5 1 5 7 3 9 3 9 1 1 6 5 1 5 7 3 9 3 9 1 1 6 5 1 5 7 3 9 3 9 1 1 6 5 1 5 7 3 9 3 9 1 1 6 5 1 5 7
1 6 4 5 6 5 8 4 9 6 7 1 6 4 5 6 5 8 4 9 6 7 1 6 4 5 6 5 8 4 9 6 7 1 6 4 5 6 5 8 4 9 6 7 1 6 4 5 6 5 8 4 9 6 7 1 6 4 5 6 5 8 4 9 6 7
2 1 6 2 6 7 8 2 7 8 2 2 1 6 2 6 7 8 2 7 8 2 2 1 6 2 6 7 8 2 7 8 2 2 1 6 2 6 7 8 2 7 8 2 2 1 6 2 6 7 8 2 7 8 2 2 1 6 2 6 7 8 2 7 8 2
9 7 2 7 1 4 8 3 1 6 9 9 7 2 7 1 4 8 3 1 6 9 9 7 2 7 1 4 8 3 1 6 9 9 7 2 7 1 4 8 3 1 6 9 9 7 2 7 1 4 8 3 1 6 9 9 7 2 7 1 4 8 3 1 6 9
3 1 3 7 7 6 6 1 4 8 1 3 1 3 7 7 6 6 1 4 8 1 3 1 3 7 7 6 6 1 4 8 1 3 1 3 7 7 6 6 1 4 8 1 3 1 3 7 7 6 6 1 4 8 1 3 1 3 7 7 6 6 1 4 8 1
9 3 6 7 2 1 5 7 8 5 7 9 3 6 7 2 1 5 7 8 5 7 9 3 6 7 2 1 5 7 8 5 7 9 3 6 7 2 1 5 7 8 5 7 9 3 6 7 2 1 5 7 8 5 7 9 3 6 7 2 1 5 7 8 5 7
4 1 6 4 2 9 1 9 7 5 1 4 1 6 4 2 9 1 9 7 5 1 4 1 6 4 2 9 1 9 7 5 1 4 1 6 4 2 9 1 9 7 5 1 4 1 6 4 2 9 1 9 7 5 1 4 1 6 4 2 9 1 9 7 5 1
2 5 1 2 7 6 1 4 4 9 4 2 5 1 2 7 6 1 4 4 9 4 2 5 1 2 7 6 1 4 4 9 4 2 5 1 2 7 6 1 4 4 9 4 2 5 1 2 7 6 1 4 4 9 4 2 5 1 2 7 6 1 4 4 9 4
9 6 5 7 9 2 5 2 7 8 2 9 6 5 7 9 2 5 2 7 8 2 9 6 5 7 9 2 5 2 7 8 2 9 6 5 7 9 2 5 2 7 8 2 9 6 5 7 9 2 5 2 7 8 2 9 6 5 7 9 2 5 2 7 8 2
3 9 3 9 1 1 6 5 1 5 7 3 9 3 9 1 1 6 5 1 5 7 3 9 3 9 1 1 6 5 1 5 7 3 9 3 9 1 1 6 5 1 5 7 3 9 3 9 1 1 6 5 1 5 7 3 9 3 9 1 1 6 5 1 5 7
1 6 4 5 6 5 8 4 9 6 7 1 6 4 5 6 5 8 4 9 6 7 1 6 4 5 6 5 8 4 9 6 7 1 6 4 5 6 5 8 4 9 6 7 1 6 4 5 6 5 8 4 9 6 7 1 6 4 5 6 5 8 4 9 6 7
2 1 6 2 6 7 8 2 7 8 2 2 1 6 2 6 7 8 2 7 8 2 2 1 6 2 6 7 8 2 7 8 2 2 1 6 2 6 7 8 2 7 8 2 2 1 6 2 6 7 8 2 7 8 2 2 1 6 2 6 7 8 2 7 8 2
9 7 2 7 1 4 8 3 1 6 9 9 7 2 7 1 4 8 3 1 6 9 9 7 2 7 1 4 8 3 1 6 9 9 7 2 7 1 4 8 3 1 6 9 9 7 2 7 1 4 8 3 1 6 9 9 7 2 7 1 4 8 3 1 6 9
3 1 3 7 7 6 6 1 4 8 1 3 1 3 7 7 6 6 1 4 8 1 3 1 3 7 7 6 6 1 4 8 1 3 1 3 7 7 6 6 1 4 8 1 3 1 3 7 7 6 6 1 4 8 1 3 1 3 7 7 6 6 1 4 8 1
9 3 6 7 2 1 5 7 8 5 7 9 3 6 7 2 1 5 7 8 5 7 9 3 6 7 2 1 5 7 8 5 7 9 3 6 7 2 1 5 7 8 5 7 9 3 6 7 2 1 5 7 8 5 7 9 3 6 7 2 1 5 7 8 5 7
4 1 6 4 2 9 1 9 7 5 1 4 1 6 4 2 9 1 9 7 5 1 4 1 6 4 2 9 1 9 7 5 1 4 1 6 4 2 9 1 9 7 5 1 4 1 6 4 2 9 1 9 7 5 1 4 1 6 4 2 9 1 9 7 5 1
2 5 1 2 7 6 1 4 4 9 4 2 5 1 2 7 6 1 4 4 9 4 2 5 1 2 7 6 1 4 4 9 4 2 5 1 2 7 6 1 4 4 9 4 2 5 1 2 7 6 1 4 4 9 4 2 5 1 2 7 6 1 4 4 9 4
9 6 5 7 9 2 5 2 7 8 2 9 6 5 7 9 2 5 2 7 8 2 9 6 5 7 9 2 5 2 7 8 2 9 6 5 7 9 2 5 2 7 8 2 9 6 5 7 9 2 5 2 7 8 2 9 6 5 7 9 2 5 2 7 8 2
3 9 3 9 1 1 6 5 1 5 7 3 9 3 9 1 1 6 5 1 5 7 3 9 3 9 1 1 6 5 1 5 7 3 9 3 9 1 1 6 5 1 5 7 3 9 3 9 1 1 6 5 1 5 7 3 9 3 9 1 1 6 5 1 5 7
1 6 4 5 6 5 8 4 9 6 7 1 6 4 5 6 5 8 4 9 6 7 1 6 4 5 6 5 8 4 9 6 7 1 6 4 5 6 5 8 4 9 6 7 1 6 4 5 6 5 8 4 9 6 7 1 6 4 5 6 5 8 4 9 6 7
2 1 6 2 6 7 8 2 7 8 2 2 1 6 2 6 7 8 2 7 8 2 2 1 6 2 6 7 8 2 7 8 2 2 1 6 2 6 7 8 2 7 8 2 2 1 6 2 6 7 8 2 7 8 2 2 1 6 2 6 7 8 2 7 8 2
9 7 2 7 1 4 8 3 1 6 9 9 7 2 7 1 4 8 3 1 6 9 9 7 2 7 1 4 8 3 1 6 9 9 7 2 7 1 4 8 3 1 6 9 9 7 2 7 1 4 8 3 1 6 9 9 7 2 7 1 4 8 3 1 6 9
3 1 3 7 7 6 6 1 4 8 1 3 1 3 7 7 6 6 1 4 8 1 3 1 3 7 7 6 6 1 4 8 1 3 1 3 7 7 6 6 1 4 8 1 3 1 3 7 7 6 6 1 4 8 1 3 1 3 7 7 6 6 1 4 8 1
9 3 6 7 2 1 5 7 8 5 7 9 3 6 7 2 1 5 7 8 5 7 9 3 6 7 2 1 5 7 8 5 7 9 3 6 7 2 1 5 7 8 5 7 9 3 6 7 2 1 5 7 8 5 7 9 3 6 7 2 1 5 7 8 5 7
4 1 6 4 2 9 1 9 7 5 1 4 1 6 4 2 9 1 9 7 5 1 4 1 6 4 2 9 1 9 7 5 1 4 1 6 4 2 9 1 9 7 5 1 4 1 6 4 2 9 1 9 7 5 1 4 1 6 4 2 9 1 9 7 5 1
2 5 1 2 7 6 1 4 4 9 4 2 5 1 2 7 6 1 4 4 9 4 2 5 1 2 7 6 1 4 4 9 4 2 5 1 2 7 6 1 4 4 9 4 2 5 1 2 7 6 1 4 4 9 4 2 5 1 2 7 6 1 4 4 9 4
9 6 5 7 9 2 5 2 7 8 2 9 6 5 7 9 2 5 2 7 8 2 9 6 5 7 9 2 5 2 7 8 2 9 6 5 7 9 2 5 2 7 8 2 9 6 5 7 9 2 5 2 7 8 2 9 6 5 7 9 2 5 2 7 8 2
3 9 3 9 1 1 6 5 1 5 7 3 9 3 9 1 1 6 5 1 5 7 3 9 3 9 1 1 6 5 1 5 7 3 9 3 9 1 1 6 5 1 5 7 3 9 3 9 1 1 6 5 1 5 7 3 9 3 9 1 1 6 5 1 5 7
1 6 4 5 6 5 8 4 9 6 7 1 6 4 5 6 5 8 4 9 6 7 1 6 4 5 6 5 8 4 9 6 7 1 6 4 5 6 5 8 4 9 6 7 1 6 4 5 6 5 8 4 9 6 7 1 6 4 5 6 5 8 4 9 6 7
2 1 6 2 6 7 8 2 7 8 2 2 1 6 2 6 7 8 2 7 8 2 2 1 6 2 6 7 8 2 7 8 2 2 1 6 2 6 7 8 2 7 8 2 2 1 6 2 6 7 8 2 7 8 2 2 1 6 2 6 7 8 2 7 8 2
9 7 2 7 1 4 8 3 1 6 9 9 7 2 7 1 4 8 3 1 6 9 9 7 2 7 1 4 8 3 1 6 9 9 7 2 7 1 4 8 3 1 6 9 9 7 2 7 1 4 8 3 1 6 9 9 7 2 7 1 4 8 3 1 6 9
3 1 3 7 7 6 6 1 4 8 1 3 1 3 7 7 6 6 1 4 8 1 3 1 3 7 7 6 6 1 4 8 1 3 1 3 7 7 6 6 1 4 8 1 3 1 3 7 7 6 6 1 4 8 1 3 1 3 7 7 6 6 1 4 8 1
9 3 6 7 2 1 5 7 8 5 7 9 3 6 7 2 1 5 7 8 5 7 9 3 6 7 2 1 5 7 8 5 7 9 3 6 7 2 1 5 7 8 5 7 9 3 6 7 2 1 5 7 8 5 7 9 3 6 7 2 1 5 7 8 5 7
4 1 6 4 2 9 1 9 7 5 1 4 1 6 4 2 9 1 9 7 5 1 4 1 6 4 2 9 1 9 7 5 1 4 1 6 4 2 9 1 9 7 5 1 4 1 6 4 2 9 1 9 7 5 1 4 1 6 4 2 9 1 9 7 5 1
2 5 1 2 7 6 1 4 4 9 4 2 5 1 2 7 6 1 4 4 9 4 2 5 1 2 7 6 1 4 4 9 4 2 5 1 2 7 6 1 4 4 9 4 2 5 1 2 7 6 1 4 4 9 4 2 5 1 2 7 6 1 4 4 9 4
9 6 5 7 9 2 5 2 7 8 2 9 6 5 7 9 2 5 2 7 8 2 9 6 5 7 9 2 5 2 7 8 2 9 6 5 7 9 2 5 2 7 8 2 9 6 5 7 9 2 5 2 7 8 2 9 6 5 7 9 2 5 2 7 8 2
3 9 3 9 1 1 6 5 1 5 7 3 9 3 9 1 1 6 5 1 5 7 3 9 3 9 1 1 6 5 1 5 7 3 9 3 9 1 1 6 5 1 5 7 3 9 3 9 1 1 6 5 1 5 7 3 9 3 9 1 1 6 5 1 5 7
1 6 4 5 6 5 8 4 9 6 7 1 6 4 5 6 5 8 4 9 6 7 1 6 4 5 6 5 8 4 9 6 7 1 6 4 5 6 5 8 4 9 6 7 1 6 4 5 6 5 8 4 9 6 7 1 6 4 5 6 5 8 4 9 6 7
2 1 6 2 6 7 8 2 7 8 2 2 1 6 2 6 7 8 2 7 8 2 2 1 6 2 6 7 8 2 7 8 2 2 1 6 2 6 7 8 2 7 8 2 2 1 6 2 6 7 8 2 7 8 2 2 1 6 2 6 7 8 2 7 8 2
9 7 2 7 1 4 8 3 1 6 9 9 7 2 7 1 4 8 3 1 6 9 9 7 2 7 1 4 8 3 1 6 9 9 7 2 7 1 4 8 3 1 6 9 9 7 2 7 1 4 8 3 1 6 9 9 7 2 7 1 4 8 3 1 6 9
3 1 3 7 7 6 6 1 4 8 1 3 1 3 7 7 6 6 1 4 8 1 3 1 3 7 7 6 6 1 4 8 1 3 1 3 7 7 6 6 1 4 8 1 3 1 3 7 7 6 6 1 4 8 1 3 1 3 7 7 6 6 1 4 8 1
9 3 6 7 2 1 5 7 8 5 7 9 3 6 7 2 1 5 7 8 5 7 9 3 6 7 2 1 5 7 8 5 7 9 3 6 7 2 1 5 7 8 5 7 9 3 6 7 2 1 5 7 8 5 7 9 3 6 7 2 1 5 7 8 5 7
4 1 6 4 2 9 1 9 7 5 1 4 1 6 4 2 9 1 9 7 5 1 4 1 6 4 2 9 1 9 7 5 1 4 1 6 4 2 9 1 9 7 5 1 4 1 6 4 2 9 1 9 7 5 1 4 1 6 4 2 9 1 9 7 5 1
2 5 1 2 7 6 1 4 4 9 4 2 5 1 2 7 6 1 4 4 9 4 2 5 1 2 7 6 1 4 4 9 4 2 5 1 2 7 6 1 4 4 9 4 2 5 1 2 7 6 1 4 4 9 4 2 5 1 2 7 6 1 4 4 9 4
9 6 5 7 9 2 5 2 7 8 2 9 6 5 7 9 2 5 2 7 8 2 9 6 5 7 9 2 5 2 7 8 2 9 6 5 7 9 2 5 2 7 8 2 9 6 5 7 9 2 5 2 7 8 2 9 6 5 7 9 2 5 2 7 8 2
3 9 3 9 1 1 6 5 1 5 7 3 9 3 9 1 1 6 5 1 5 7 3 9 3 9 1 1 6 5 1 5 7 3 9 3 9 1 1 6 5 1 5 7 3 9 3 9 1 1 6 5 1 5 7 3 9 3 9 1 1 6 5 1 5 7
1 6 4 5 6 5 8 4 9 6 7 1 6 4 5 6 5 8 4 9 6 7 1 6 4 5 6 5 8 4 9 6 7 1 6 4 5 6 5 8 4 9 6 7 1 6 4 5 6 5 8 4 9 6 7 1 6 4 5 6 5 8 4 9 6 7
2 1 6 2 6 7 8 2 7 8 2 2 1 6 2 6 7 8 2 7 8 2 2 1 6 2 6 7 8 2 7 8 2 2 1 6 2 6 7 8 2 7 8 2 2 1 6 2 6 7 8 2 7 8 2 2 1 6 2 6 7 8 2 7 8 2
9 7 2 7 1 4 8 3 1 6 9 9 7 2 7 1 4 8 3 1 6 9 9 7 2 7 1 4 8 3 1 6 9 9 7 2 7 1 4 8 3 1 6 9 9 7 2 7 1 4 8 3 1 6 9 9 7 2 7 1 4 8 3 1 6 9
3 1 3 7 7 6 6 1 4 8 1 3 1 3 7 7 6 6 1 4 8 1 3 1 3 7 7 6 6 1 4 8 1 3 1 3 7 7 6 6 1 4 8 1 3 1 3 7 7 6 6 1 4 8 1 3 1 3 7 7 6 6 1 4 8 1
9 3 6 7 2 1 5 7 8 5 7 9 3 6 7 2 1 5 7 8 5 7 9 3 6 7 2 1 5 7 8 5 7 9 3 6 7 2 1 5 7 8 5 7 9 3 6 7 2 1 5 7 8 5 7 9 3 6 7 2 1 5 7 8 5 7
4 1 6 4 2 9 1 9 7 5 1 4 1 6 4 2 9 1 9 7 5 1 4 1 6 4 2 9 1 9 7 5 1 4 1 6 4 2 9 1 9 7 5 1 4 1 6 4 2 9 1 9 7 5 1 4 1 6 4 2 9 1 9 7 5 1
2 5 1 2 7 6 1 4 4 9 4 2 5 1 2 7 6 1 4 4 9 4 2 5 1 2 7 6 1 4 4 9 4 2 5 1 2 7 6 1 4 4 9 4 2 5 1 2 7 6 1 4 4 9 4 2 5 1 2 7 6 1 4 4 9 4
9 6 5 7 9 2 5 2 7 8 2 9 6 5 7 9 2 5 2 7 8 2 9 6 5 7 9 2 5 2 7 8 2 9 6 5 7 9 2 5 2 7 8 2 9 6 5 7 9 2 5 2 7 8 2 9 6 5 7 9 2 5 2 7 8 2
3 9 3 9 1 1 6 5 1 5 7 3 9 3 9 1 1 6 5 1 5 7 3 9 3 9 1 1 6 5 1 5 7 3 9 3 9 1 1 6 5 1 5 7 3 9 3 9 1 1 6 5 1 5 7 3 9 3 9 1 1 6 5 1 5 7
1 6 4 5 6 5 8 4 9 6 7 1 6 4 5 6 5 8 4 9 6 7 1 6 4 5 6 5 8 4 9 6 7 1 6 4 5 6 5 8 4 9 6 7 1 6 4 5 6 5 8 4 9 6 7 1 6 4 5 6 5 8 4 9 6 7
2 1 6 2 6 7 8 2 7 8 2 2 1 6 2 6 7 8 2 7 8 2 2 1 6 2 6 7 8 2 7 8 2 2 1 6 2 6 7 8 2 7 8 2 2 1 6 2 6 7 8 2 7 8 2 2 1 6 2 6 7 8 2 7 8 2
9 7 2 7 1 4 8 3 1 6 9 9 7 2 7 1 4 8 3 1 6 9 9 7 2 7 1 4 8 3 1 6 9 9 7 2 7 1 4 8 3 1 6 9 9 7 2 7 1 4 8 3 1 6 9 9 7 2 7 1 4 8 3 1 6 9
3 1 3 7 7 6 6 1 4 8 1 3 1 3 7 7 6 6 1 4 8 1 3 1 3 7 7 6 6 1 4 8 1 3 1 3 7 7 6 6 1 4 8 1 3 1 3 7 7 6 6 1 4 8 1 3 1 3 7 7 6 6 1 4 8 1
9 3 6 7 2 1 5 7 8 5 7 9 3 6 7 2 1 5 7 8 5 7 9 3 6 7 2 1 5 7 8 5 7 9 3 6 7 2 1 5 7 8 5 7 9 3 6 7 2 1 5 7 8 5 7 9 3 6 7 2 1 5 7 8 5 7
4 1 6 4 2 9 1 9 7 5 1 4 1 6 4 2 9 1 9 7 5 1 4 1 6 4 2 9 1 9 7 5 1 4 1 6 4 2 9 1 9 7 5 1 4 1 6 4 2 9 1 9 7 5 1 4 1 6 4 2 9 1 9 7 5 1
2 5 1 2 7 6 1 4 4 9 4 2 5 1 2 7 6 1 4 4 9 4 2 5 1 2 7 6 1 4 4 9 4 2 5 1 2 7 6 1 4 4 9 4 2 5 1 2 7 6 1 4 4 9 4 2 5 1 2 7 6 1 4 4 9 4
9 6 5 7 9 2 5 2 7 8 2 9 6 5 7 9 2 5 2 7 8 2 9 6 5 7 9 2 5 2 7 8 2 9 6 5 7 9 2 5 2 7 8 2 9 6 5 7 9 2 5 2 7 8 2 9 6 5 7 9 2 5 2 7 8 2
3 9 3 9 1 1 6 5 1 5 7 3 9 3 9 1 1 6 5 1 5 7 3 9 3 9 1 1 6 5 1 5 7 3 9 3 9 1 1 6 5 1 5 7 3 9 3 9 1 1 6 5 1 5 7 3 9 3 9 1 1 6 5 1 5 7
1 6 4 5 6 5 8 4 9 6 7 1 6 4 5 6 5 8 4 9 6 7 1 6 4 5 6 5 8 4 9 6 7 1 6 4 5 6 5 8 4 9 6 7 1 6 4 5 6 5 8 4 9 6 7 1 6 4 5 6 5 8 4 9 6 7
2 1 6 2 6 7 8 2 7 8 2 2 1 6 2 6 7 8 2 7 8 2 2 1 6 2 6 7 8 2 7 8 2 2 1 6 2 6 7 8 2 7 8 2 2 1 6 2 6 7 8 2 7 8 2 2 1 6 2 6 7 8 2 7 8 2
9 7 2 7 1 4 8 3 1 6 9 9 7 2 7 1 4 8 3 1 6 9 9 7 2 7 1 4 8 3 1 6 9 9 7 2 7 1 4 8 3 1 6 9 9 7 2 7 1 4 8 3 1 6 9 9 7 2 7 1 4 8 3 1 6 9
3 1 3 7 7 6 6 1 4 8 1 3 1 3 7 7 6 6 1 4 8 1 3 1 3 7 7 6 6 1 4 8 1 3 1 3 7 7 6 6 1 4 8 1 3 1 3 7 7 6 6 1 4 8 1 3 1 3 7 7 6 6 1 4 8 1
9 3 6 7 2 1 5 7 8 5 7 9 3 6 7 2 1 5 7 8 5 7 9 3 6 7 2 1 5 7 8 5 7 9 3 6 7 2 1 5 7 8 5 7 9 3 6 7 2 1 5 7 8 5 7 9 3 6 7 2 1 5 7 8 5 7
4 1 6 4 2 9 1 9 7 5 1 4 1 6 4 2 9 1 9 7 5 1 4 1 6 4 2 9 1 9 7 5 1 4 1 6 4 2 9 1 9 7 5 1 4 1 6 4 2 9 1 9 7 5 1 4 1 6 4 2 9 1 9 7 5 1
2 5 1 2 7 6 1 4 4 9 4 2 5 1 2 7 6 1 4 4 9 4 2 5 1 2 7 6 1 4 4 9 4 2 5 1 2 7 6 1 4 4 9 4 2 5 1 2 7 6 1 4 4 9 4 2 5 1 2 7 6 1 4 4 9 4
9 6 5 7 9 2 5 2 7 8 2 9 6 5 7 9 2 5 2 7 8 2 9 6 5 7 9 2 5 2 7 8 2 9 6 5 7 9 2 5 2 7 8 2 9 6 5 7 9 2 5 2 7 8 2 9 6 5 7 9 2 5 2 7 8 2
3 9 3 9 1 1 6 5 1 5 7 3 9 3 9 1 1 6 5 1 5 7 3 9 3 9 1 1 6 5 1 5 7 3 9 3 9 1 1 6 5 1 5 7 3 9 3 9 1 1 6 5 1 5 7 3 9 3 9 1 1 6 5 1 5 7
1 6 4 5 6 5 8 4 9 6 7 1 6 4 5 6 5 8 4 9 6 7 1 6 4 5 6 5 8 4 9 6 7 1 6 4 5 6 5 8 4 9 6 7 1 6 4 5 6 5 8 4 9 6 7 1 6 4 5 6 5 8 4 9 6 7
2 1 6 2 6 7 8 2 7 8 2 2 1 6 2 6 7 8 2 7 8 2 2 1 6 2 6 7 8 2 7 8 2 2 1 6 2 6 7 8 2 7 8 2 2 1 6 2 6 7 8 2 7 8 2 2 1 6 2 6 7 8 2 7 8 2
9 7 2 7 1 4 8 3 1 6 9 9 7 2 7 1 4 8 3 1 6 9 9 7 2 7 1 4 8 3 1 6 9 9 7 2 7 1 4 8 3 1 6 9 9 7 2 7 1 4 8 3 1 6 9 9 7 2 7 1 4 8 3 1 6 9
3 1 3 7 7 6 6 1 4 8 1 3 1 3 7 7 6 6 1 4 8 1 3 1 3 7 7 6 6 1 4 8 1 3 1 3 7 7 6 6 1 4 8 1 3 1 3 7 7 6 6 1 4 8 1 3 1 3 7 7 6 6 1 4 8 1
9 3 6 7 2 1 5 7 8 5 7 9 3 6 7 2 1 5 7 8 5 7 9 3 6 7 2 1 5 7 8 5 7 9 3 6 7 2 1 5 7 8 5 7 9 3 6 7 2 1 5 7 8 5 7 9 3 6 7 2 1 5 7 8 5 7
4 1 6 4 2 9 1 9 7 5 1 4 1 6 4 2 9 1 9 7 5 1 4 1 6 4 2 9 1 9 7 5 1 4 1 6 4 2 9 1 9 7 5 1 4 1 6 4 2 9 1 9 7 5 1 4 1 6 4 2 9 1 9 7 5 1
2 5 1 2 7 6 1 4 4 9 4 2 5 1 2 7 6 1 4 4 9 4 2 5 1 2 7 6 1 4 4 9 4 2 5 1 2 7 6 1 4 4 9 4 2 5 1 2 7 6 1 4 4 9 4 2 5 1 2 7 6 1 4 4 9 4
9 6 5 7 9 2 5 2 7 8 2 9 6 5 7 9 2 5 2 7 8 2 9 6 5 7 9 2 5 2 7 8 2 9 6 5 7 9 2 5 2 7 8 2 9 6 5 7 9 2 5 2 7 8 2 9 6 5 7 9 2 5 2 7 8 2
3 9 3 9 1 1 6 5 1 5 7 3 9 3 9 1 1 6 5 1 5 7 3 9 3 9 1 1 6 5 1 5 7 3 9 3 9 1 1 6 5 1 5 7 3 9 3 9 1 1 6 5 1 5 7 3 9 3 9 1 1 6 5 1 5 7
1 6 4 5 6 5 8 4 9 6 7 1 6 4 5 6 5 8 4 9 6 7 1 6 4 5 6 5 8 4 9 6 7 1 6 4 5 6 5 8 4 9 6 7 1 6 4 5 6 5 8 4 9 6 7 1 6 4 5 6 5 8 4 9 6 7
2 1 6 2 6 7 8 2 7 8 2 2 1 6 2 6 7 8 2 7 8 2 2 1 6 2 6 7 8 2 7 8 2 2 1 6 2 6 7 8 2 7 8 2 2 1 6 2 6 7 8 2 7 8 2 2 1 6 2 6 7 8 2 7 8 2
9 7 2 7 1 4 8 3 1 6 9 9 7 2 7 1 4 8 3 1 6 9 9 7 2 7 1 4 8 3 1 6 9 9 7 2 7 1 4 8 3 1 6 9 9 7 2 7 1 4 8 3 1 6 9 9 7 2 7 1 4 8 3 1 6 9
3 1 3 7 7 6 6 1 4 8 1 3 1 3 7 7 6 6 1 4 8 1 3 1 3 7 7 6 6 1 4 8 1 3 1 3 7 7 6 6 1 4 8 1 3 1 3 7 7 6 6 1 4 8 1 3 1 3 7 7 6 6 1 4 8 1
9 3 6 7 2 1 5 7 8 5 7 9 3 6 7 2 1 5 7 8 5 7 9 3 6 7 2 1 5 7 8 5 7 9 3 6 7 2 1 5 7 8 5 7 9 3 6 7 2 1 5 7 8 5 7 9 3 6 7 2 1 5 7 8 5 7
4 1 6 4 2 9 1 9 7 5 1 4 1 6 4 2 9 1 9 7 5 1 4 1 6 4 2 9 1 9 7 5 1 4 1 6 4 2 9 1 9 7 5 1 4 1 6 4 2 9 1 9 7 5 1 4 1 6 4 2 9 1 9 7 5 1
2 5 1 2 7 6 1 4 4 9 4 2 5 1 2 7 6 1 4 4 9 4 2 5 1 2 7 6 1 4 4 9 4 2 5 1 2 7 6 1 4 4 9 4 2 5 1 2 7 6 1 4 4 9 4 2 5 1 2 7 6 1 4 4 9 4
9 6 5 7 9 2 5 2 7 8 2 9 6 5 7 9 2 5 2 7 8 2 9 6 5 7 9 2 5 2 7 8 2 9 6 5 7 9 2 5 2 7 8 2 9 6 5 7 9 2 5 2 7 8 2 9 6 5 7 9 2 5 2 7 8 2
3 9 3 9 1 1 6 5 1 5 7 3 9 3 9 1 1 6 5 1 5 7 3 9 3 9 1 1 6 5 1 5 7 3 9 3 9 1 1 6 5 1 5 7 3 9 3 9 1 1 6 5 1 5 7 3 9 3 9 1 1 6 5 1 5 7
1 6 4 5 6 5 8 4 9 6 7 1 6 4 5 6 5 8 4 9 6 7 1 6 4 5 6 5 8 4 9 6 7 1 6 4 5 6 5 8 4 9 6 7 1 6 4 5 6 5 8 4 9 6 7 1 6 4 5 6 5 8 4 9 6 7
2 1 6 2 6 7 8 2 7 8 2 2 1 6 2 6 7 8 2 7 8 2 2 1 6 2 6 7 8 2 7 8 2 2 1 6 2 6 7 8 2 7 8 2 2 1 6 2 6 7 8 2 7 8 2 2 1 6 2 6 7 8 2 7 8 2
9 7 2 7 1 4 8 3 1 6 9 9 7 2 7 1 4 8 3 1 6 9 9 7 2 7 1 4 8 3 1 6 9 9 7 2 7 1 4 8 3 1 6 9 9 7 2 7 1 4 8 3 1 6 9 9 7 2 7 1 4 8 3 1 6 9
3 1 3 7 7 6 6 1 4 8 1 3 1 3 7 7 6 6 1 4 8 1 3 1 3 7 7 6 6 1 4 8 1 3 1 3 7 7 6 6 1 4 8 1 3 1 3 7 7 6 6 1 4 8 1 3 1 3 7 7 6 6 1 4 8 1
9 3 6 7 2 1 5 7 8 5 7 9 3 6 7 2 1 5 7 8 5 7 9 3 6 7 2 1 5 7 8 5 7 9 3 6 7 2 1 5 7 8 5 7 9 3 6 7 2 1 5 7 8 5 7 9 3 6 7 2 1 5 7 8 5 7
4 1 6 4 2 9 1 9 7 5 1 4 1 6 4 2 9 1 9 7 5 1 4 1 6 4 2 9 1 9 7 5 1 4 1 6 4 2 9 1 9 7 5 1 4 1 6 4 2 9 1 9 7 5 1 4 1 6 4 2 9 1 9 7 5 1
2 5 1 2 7 6 1 4 4 9 4 2 5 1 2 7 6 1 4 4 9 4 2 5 1 2 7 6 1 4 4 9 4 2 5 1 2 7 6 1 4 4 9 4 2 5 1 2 7 6 1 4 4 9 4 2 5 1 2 7 6 1 4 4 9 4
9 6 5 7 9 2 5 2 7 8 2 9 6 5 7 9 2 5 2 7 8 2 9 6 5 7 9 2 5 2 7 8 2 9 6 5 7 9 2 5 2 7 8 2 9 6 5 7 9 2 5 2 7 8 2 9 6 5 7 9 2 5 2 7 8 2
3 9 3 9 1 1 6 5 1 5 7 3 9 3 9 1 1 6 5 1 5 7 3 9 3 9 1 1 6 5 1 5 7 3 9 3 9 1 1 6 5 1 5 7 3 9 3 9 1 1 6 5 1 5 7 3 9 3 9 1 1 6 5 1 5 7
1 6 4 5 6 5 8 4 9 6 7 1 6 4 5 6 5 8 4 9 6 7 1 6 4 5 6 5 8 4 9 6 7 1 6 4 5 6 5 8 4 9 6 7 1 6 4 5 6 5 8 4 9 6 7 1 6 4 5 6 5 8 4 9 6 7
2 1 6 2 6 7 8 2 7 8 2 2 1 6 2 6 7 8 2 7 8 2 2 1 6 2 6 7 8 2 7 8 2 2 1 6 2 6 7 8 2 7 8 2 2 1 6 2 6 7 8 2 7 8 2 2 1 6 2 6 7 8 2 7 8 2
9 7 2 7 1 4 8 3 1 6 9 9 7 2 7 1 4 8 3 1 6 9 9 7 2 7 1 4 8 3 1 6 9 9 7 2 7 1 4 8 3 1 6 9 9 7 2 7 1 4 8 3 1 6 9 9 7 2 7 1 4 8 3 1 6 9
3 1 3 7 7 6 6 1 4 8 1 3 1 3 7 7 6 6 1 4 8 1 3 1 3 7 7 6 6 1 4 8 1 3 1 3 7 7 6 6 1 4 8 1 3 1 3 7 7 6 6 1 4 8 1 3 1 3 7 7 6 6 1 4 8 1
9 3 6 7 2 1 5 7 8 5 7 9 3 6 7 2 1 5 7 8 5 7 9 3 6 7 2 1 5 7 8 5 7 9 3 6 7 2 1 5 7 8 5 7 9 3 6 7 2 1 5 7 8 5 7 9 3 6 7 2 1 5 7 8 5 7
4 1 6 4 2 9 1 9 7 5 1 4 1 6 4 2 9 1 9 7 5 1 4 1 6 4 2 9 1 9 7 5 1 4 1 6 4 2 9 1 9 7 5 1 4 1 6 4 2 9 1 9 7 5 1 4 1 6 4 2 9 1 9 7 5 1
2 5 1 2 7 6 1 4 4 9 4 2 5 1 2 7 6 1 4 4 9 4 2 5 1 2 7 6 1 4 4 9 4 2 5 1 2 7 6 1 4 4 9 4 2 5 1 2 7 6 1 4 4 9 4 2 5 1 2 7 6 1 4 4 9 4
9 6 5 7 9 2 5 2 7 8 2 9 6 5 7 9 2 5 2 7 8 2 9 6 5 7 9 2 5 2 7 8 2 9 6 5 7 9 2 5 2 7 8 2 9 6 5 7 9 2 5 2 7 8 2 9 6 5 7 9 2 5 2 7 8 2
3 9 3 9 1 1 6 5 1 5 7 3 9 3 9 1 1 6 5 1 5 7 3 9 3 9 1 1 6 5 1 5 7 3 9 3 9 1 1 6 5 1 5 7 3 9 3 9 1 1 6 5 1 5 7 3 9 3 9 1 1 6 5 1 5 7
1 6 4 5 6 5 8 4 9 6 7 1 6 4 5 6 5 8 4 9 6 7 1 6 4 5 6 5 8 4 9 6 7 1 6 4 5 6 5 8 4 9 6 7 1 6 4 5 6 5 8 4 9 6 7 1 6 4 5 6 5 8 4 9 6 7
2 1 6 2 6 7 8 2 7 8 2 2 1 6 2 6 7 8 2 7 8 2 2 1 6 2 6 7 8 2 7 8 2 2 1 6 2 6 7 8 2 7 8 2 2 1 6 2 6 7 8 2 7 8 2 2 1 6 2 6 7 8 2 7 8 2
9 7 2 7 1 4 8 3 1 6 9 9 7 2 7 1 4 8 3 1 6 9 9 7 2 7 1 4 8 3 1 6 9 9 7 2 7 1 4 8 3 1 6 9 9 7 2 7 1 4 8 3 1 6 9 9 7 2 7 1 4 8 3 1 6 9
3 1 3 7 7 6 6 1 4 8 1 3 1 3 7 7 6 6 1 4 8 1 3 1 3 7 7 6 6 1 4 8 1 3 1 3 7 7 6 6 1 4 8 1 3 1 3 7 7 6 6 1 4 8 1 3 1 3 7 7 6 6 1 4 8 1
9 3 6 7 2 1 5 7 8 5 7 9 3 6 7 2 1 5 7 8 5 7 9 3 6 7 2 1 5 7 8 5 7 9 3 6 7 2 1 5 7 8 5 7 9 3 6 7 2 1 5 7 8 5 7 9 3 6 7 2 1 5 7 8 5 7
4 1 6 4 2 9 1 9 7 5 1 4 1 6 4 2 9 1 9 7 5 1 4 1 6 4 2 9 1 9 7 5 1 4 1 6 4 2 9 1 9 7 5 1 4 1 6 4 2 9 1 9 7 5 1 4 1 6 4 2 9 1 9 7 5 1
2 5 1 2 7 6 1 4 4 9 4 2 5 1 2 7 6 1 4 4 9 4 2 5 1 2 7 6 1 4 4 9 4 2 5 1 2 7 6 1 4 4 9 4 2 5 1 2 7 6 1 4 4 9 4 2 5 1 2 7 6 1 4 4 9 4
9 6 5 7 9 2 5 2 7 8 2 9 6 5 7 9 2 5 2 7 8 2 9 6 5 7 9 2 5 2 7 8 2 9 6 5 7 9 2 5 2 7 8 2 9 6 5 7 9 2 5 2 7 8 2 9 6 5 7 9 2 5 2 7 8 2
3 9 3 9 1 1 6 5 1 5 7 3 9 3 9 1 1 6 5 1 5 7 3 9 3 9 1 1 6 5 1 5 7 3 9 3 9 1 1 6 5 1 5 7 3 9 3 9 1 1 6 5 1 5 7 3 9 3 9 1 1 6 5 1 5 7
1 6 4 5 6 5 8 4 9 6 7 1 6 4 5 6 5 8 4 9 6 7 1 6 4 5 6 5 8 4 9 6 7 1 6 4 5 6 5 8 4 9 6 7 1 6 4 5 6 5 8 4 9 6 7 1 6 4 5 6 5 8 4 9 6 7
2 1 6 2 6 7 8 2 7 8 2 2 1 6 2 6 7 8 2 7 8 2 2 1 6 2 6 7 8 2 7 8 2 2 1 6 2 6 7 8 2 7 8 2 2 1 6 2 6 7 8 2 7 8 2 2 1 6 2 6 7 8 2 7 8 2
9 7 2 7 1 4 8 3 1 6 9 9 7 2 7 1 4 8 3 1 6 9 9 7 2 7 1 4 8 3 1 6 9 9 7 2 7 1 4 8 3 1 6 9 9 7 2 7 1 4 8 3 1 6 9 9 7 2 7 1 4 8 3 1 6 9
3 1 3 7 7 6 6 1 4 8 1 3 1 3 7 7 6 6 1 4 8 1 3 1 3 7 7 6 6 1 4 8 1 3 1 3 7 7 6 6 1 4 8 1 3 1 3 7 7 6 6 1 4 8 1 3 1 3 7 7 6 6 1 4 8 1
9 3 6 7 2 1 5 7 8 5 7 9 3 6 7 2 1 5 7 8 5 7 9 3 6 7 2 1 5 7 8 5 7 9 3 6 7 2 1 5 7 8 5 7 9 3 6 7 2 1 5 7 8 5 7 9 3 6 7 2 1 5 7 8 5 7
4 1 6 4 2 9 1 9 7 5 1 4 1 6 4 2 9 1 9 7 5 1 4 1 6 4 2 9 1 9 7 5 1 4 1 6 4 2 9 1 9 7 5 1 4 1 6 4 2 9 1 9 7 5 1 4 1 6 4 2 9 1 9 7 5 1
2 5 1 2 7 6 1 4 4 9 4 2 5 1 2 7 6 1 4 4 9 4 2 5 1 2 7 6 1 4 4 9 4 2 5 1 2 7 6 1 4 4 9 4 2 5 1 2 7 6 1 4 4 9 4 2 5 1 2 7 6 1 4 4 9 4
9 6 5 7 9 2 5 2 7 8 2 9 6 5 7 9 2 5 2 7 8 2 9 6 5 7 9 2 5 2 7 8 2 9 6 5 7 9 2 5 2 7 8 2 9 6 5 7 9 2 5 2 7 8 2 9 6 5 7 9 2 5 2 7 8 2
3 9 3 9 1 1 6 5 1 5 7 3 9 3 9 1 1 6 5 1 5 7 3 9 3 9 1 1 6 5 1 5 7 3 9 3 9 1 1 6 5 1 5 7 3 9 3 9 1 1 6 5 1 5 7 3 9 3 9 1 1 6 5 1 5 7
1 6 4 5 6 5 8 4 9 6 7 1 6 4 5 6 5 8 4 9 6 7 1 6 4 5 6 5 8 4 9 6 7 1 6 4 5 6 5 8 4 9 6 7 1 6 4 5 6 5 8 4 9 6 7 1 6 4 5 6 5 8 4 9 6 7
2 1 6 2 6 7 8 2 7 8 2 2 1 6 2 6 7 8 2 7 8 2 2 1 6 2 6 7 8 2 7 8 2 2 1 6 2 6 7 8 2 7 8 2 2 1 6 2 6 7 8 2 7 8 2 2 1 6 2 6 7 8 2 7 8 2
9 7 2 7 1 4 8 3 1 6 9 9 7 2 7 1 4 8 3 1 6 9 9 7 2 7 1 4 8 3 1 6 9 9 7 2 7 1 4 8 3 1 6 9 9 7 2 7 1 4 8 3 1 6 9 9 7 2 7 1 4 8 3 1 6 9
3 1 3 7 7 6 6 1 4 8 1 3 1 3 7 7 6 6 1 4 8 1 3 1 3 7 7 6 6 1 4 8 1 3 1 3 7 7 6 6 1 4 8 1 3 1 3 7 7 6 6 1 4 8 1 3 1 3 7 7 6 6 1 4 8 1
9 3 6 7 2 1 5 7 8 5 7 9 3 6 7 2 1 5 7 8 5 7 9 3 6 7 2 1 5 7 8 5 7 9 3 6 7 2 1 5 7 8 5 7 9 3 6 7 2 1 5 7 8 5 7 9 3 6 7 2 1 5 7 8 5 7
4 1 6 4 2 9 1 9 7 5 1 4 1 6 4 2 9 1 9 7 5 1 4 1 6 4 2 9 1 9 7 5 1 4 1 6 4 2 9 1 9 7 5 1 4 1 6 4 2 9 1 9 7 5 1 4 1 6 4 2 9 1 9 7 5 1
2 5 1 2 7 6 1 4 4 9 4 2 5 1 2 7 6 1 4 4 9 4 2 5 1 2 7 6 1 4 4 9 4 2 5 1 2 7 6 1 4 4 9 4 2 5 1 2 7 6 1 4 4 9 4 2 5 1 2 7 6 1 4 4 9 4
9 6 5 7 9 2 5 2 7 8 2 9 6 5 7 9 2 5 2 7 8 2 9 6 5 7 9 2 5 2 7 8 2 9 6 5 7 9 2 5 2 7 8 2 9 6 5 7 9 2 5 2 7 8 2 9 6 5 7 9 2 5 2 7 8 2
3 9 3 9 1 1 6 5 1 5 7 3 9 3 9 1 1 6 5 1 5 7 3 9 3 9 1 1 6 5 1 5 7 3 9 3 9 1 1 6 5 1 5 7 3 9 3 9 1 1 6 5 1 5 7 3 9 3 9 1 1 6 5 1 5 7
1 6 4 5 6 5 8 4 9 6 7 1 6 4 5 6 5 8 4 9 6 7 1 6 4 5 6 5 8 4 9 6 7 1 6 4 5 6 5 8 4 9 6 7 1 6 4 5 6 5 8 4 9 6 7 1 6 4 5 6 5 8 4 9 6 7
2 1 6 2 6 7 8 2 7 8 2 2 1 6 2 6 7 8 2 7 8 2 2 1 6 2 6 7 8 2 7 8 2 2 1 6 2 6 7 8 2 7 8 2 2 1 6 2 6 7 8 2 7 8 2 2 1 6 2 6 7 8 2 7 8 2
9 7 2 7 1 4 8 3 1 6 9 9 7 2 7 1 4 8 3 1 6 9 9 7 2 7 1 4 8 3 1 6 9 9 7 2 7 1 4 8 3 1 6 9 9 7 2 7 1 4 8 3 1 6 9 9 7 2 7 1 4 8 3 1 6 9
3 1 3 7 7 6 6 1 4 8 1 3 1 3 7 7 6 6 1 4 8 1 3 1 3 7 7 6 6 1 4 8 1 3 1 3 7 7 6 6 1 4 8 1 3 1 3 7 7 6 6 1 4 8 1 3 1 3 7 7 6 6 1 4 8 1
9 3 6 7 2 1 5 7 8 5 7 9 3 6 7 2 1 5 7 8 5 7 9 3 6 7 2 1 5 7 8 5 7 9 3 6 7 2 1 5 7 8 5 7 9 3 6 7 2 1 5 7 8 5 7 9 3 6 7 2 1 5 7 8 5 7
4 1 6 4 2 9 1 9 7 5 1 4 1 6 4 2 9 1 9 7 5 1 4 1 6 4 2 9 1 9 7 5 1 4 1 6 4 2 9 1 9 7 5 1 4 1 6 4 2 9 1 9 7 5 1 4 1 6 4 2 9 1 9 7 5 1
2 5 1 2 7 6 1 4 4 9 4 2 5 1 2 7 6 1 4 4 9 4 2 5 1 2 7 6 1 4 4 9 4 2 5 1 2 7 6 1 4 4 9 4 2 5 1 2 7 6 1 4 4 9 4 2 5 1 2 7 6 1 4 4 9 4
9 6 5 7 9 2 5 2 7 8 2 9 6 5 7 9 2 5 2 7 8 2 9 6 5 7 9 2 5 2 7 8 2 9 6 5 7 9 2 5 2 7 8 2 9 6 5 7 9 2 5 2 7 8 2 9 6 5 7 9 2 5 2 7 8 2
3 9 3 9 1 1 6 5 1 5 7 3 9 3 9 1 1 6 5 1 5 7 3 9 3 9 1 1 6 5 1 5 7 3 9 3 9 1 1 6 5 1 5 7 3 9 3 9 1 1 6 5 1 5 7 3 9 3 9 1 1 6 5 1 5 7
1 6 4 5 6 5 8 4 9 6 7 1 6 4 5 6 5 8 4 9 6 7 1 6 4 5 6 5 8 4 9 6 7 1 6 4 5 6 5 8 4 9 6 7 1 6 4 5 6 5 8 4 9 6 7 1 6 4 5 6 5 8 4 9 6 7
2 1 6 2 6 7 8 2 7 8 2 2 1 6 2 6 7 8 2 7 8 2 2 1 6 2 6 7 8 2 7 8 2 2 1 6 2 6 7 8 2 7 8 2 2 1 6 2 6 7 8 2 7 8 2 2 1 6 2 6 7 8 2 7 8 2
9 7 2 7 1 4 8 3 1 6 9 9 7 2 7 1 4 8 3 1 6 9 9 7 2 7 1 4 8 3 1 6 9 9 7 2 7 1 4 8 3 1 6 9 9 7 2 7 1 4 8 3 1 6 9 9 7 2 7 1 4 8 3 1 6 9
3 1 3 7 7 6 6 1 4 8 1 3 1 3 7 7 6 6 1 4 8 1 3 1 3 7 7 6 6 1 4 8 1 3 1 3 7 7 6 6 1 4 8 1 3 1 3 7 7 6 6 1 4 8 1 3 1 3 7 7 6 6 1 4 8 1
9 3 6 7 2 1 5 7 8 5 7 9 3 6 7 2 1 5 7 8 5 7 9 3 6 7 2 1 5 7 8 5 7 9 3 6 7 2 1 5 7 8 5 7 9 3 6 7 2 1 5 7 8 5 7 9 3 6 7 2 1 5 7 8 5 7
4 1 6 4 2 9 1 9 7 5 1 4 1 6 4 2 9 1 9 7 5 1 4 1 6 4 2 9 1 9 7 5 1 4 1 6 4 2 9 1 9 7 5 1 4 1 6 4 2 9 1 9 7 5 1 4 1 6 4 2 9 1 9 7 5 1
2 5 1 2 7 6 1 4 4 9 4 2 5 1 2 7 6 1 4 4 9 4 2 5 1 2 7 6 1 4 4 9 4 2 5 1 2 7 6 1 4 4 9 4 2 5 1 2 7 6 1 4 4 9 4 2 5 1 2 7 6 1 4 4 9 4
9 6 5 7 9 2 5 2 7 8 2 9 6 5 7 9 2 5 2 7 8 2 9 6 5 7 9 2 5 2 7 8 2 9 6 5 7 9 2 5 2 7 8 2 9 6 5 7 9 2 5 2 7 8 2 9 6 5 7 9 2 5 2 7 8 2
3 9 3 9 1 1 6 5 1 5 7 3 9 3 9 1 1 6 5 1 5 7 3 9 3 9 1 1 6 5 1 5 7 3 9 3 9 1 1 6 5 1 5 7 3 9 3 9 1 1 6 5 1 5 7 3 9 3 9 1 1 6 5 1 5 7
1 6 4 5 6 5 8 4 9 6 7 1 6 4 5 6 5 8 4 9 6 7 1 6 4 5 6 5 8 4 9 6 7 1 6 4 5 6 5 8 4 9 6 7 1 6 4 5 6 5 8 4 9 6 7 1 6 4 5 6 5 8 4 9 6 7
2 1 6 2 6 7 8 2 7 8 2 2 1 6 2 6 7 8 2 7 8 2 2 1 6 2 6 7 8 2 7 8 2 2 1 6 2 6 7 8 2 7 8 2 2 1 6 2 6 7 8 2 7 8 2 2 1 6 2 6 7 8 2 7 8 2
9 7 2 7 1 4 8 3 1 6 9 9 7 2 7 1 4 8 3 1 6 9 9 7 2 7 1 4 8 3 1 6 9 9 7 2 7 1 4 8 3 1 6 9 9 7 2 7 1 4 8 3 1 6 9 9 7 2 7 1 4 8 3 1 6 9
3 1 3 7 7 6 6 1 4 8 1 3 1 3 7 7 6 6 1 4 8 1 3 1 3 7 7 6 6 1 4 8 1 3 1 3 7 7 6 6 1 4 8 1 3 1 3 7 7 6 6 1 4 8 1 3 1 3 7 7 6 6 1 4 8 1
