1 1 1 1 1 1 1 1 1 1 1 1 1 1 1 1 1 1 1 1 1 1 1 1 1 1 1 1 1 1 1 1 1 1 1 1
6 4 3 6 4 3 6 4 3 6 4 3 6 4 3 6 4 3 6 4 3 6 4 3 6 4 3 6 4 3 6 4 3 6 4 3
6 7 1 6 7 1 6 7 1 6 7 1 6 7 1 6 7 1 6 7 1 6 7 1 6 7 1 6 7 1 6 7 1 6 7 1
6 4 5 6 4 5 6 4 5 6 4 5 6 4 5 6 4 5 6 4 5 6 4 5 6 4 5 6 4 5 6 4 5 6 4 5
1 6 3 1 6 3 1 6 3 1 6 3 1 6 3 1 6 3 1 6 3 1 6 3 1 6 3 1 6 3 1 6 3 1 6 3
9 3 2 9 3 2 9 3 2 9 3 2 9 3 2 9 3 2 9 3 2 9 3 2 9 3 2 9 3 2 9 3 2 9 3 2
7 4 3 7 4 3 7 4 3 7 4 3 7 4 3 7 4 3 7 4 3 7 4 3 7 4 3 7 4 3 7 4 3 7 4 3
8 6 2 8 6 2 8 6 2 8 6 2 8 6 2 8 6 2 8 6 2 8 6 2 8 6 2 8 6 2 8 6 2 8 6 2
4 3 2 4 3 2 4 3 2 4 3 2 4 3 2 4 3 2 4 3 2 4 3 2 4 3 2 4 3 2 4 3 2 4 3 2
3 1 3 3 1 3 3 1 3 3 1 3 3 1 3 3 1 3 3 1 3 3 1 3 3 1 3 3 1 3 3 1 3 3 1 3
2 2 3 2 2 3 2 2 3 2 2 3 2 2 3 2 2 3 2 2 3 2 2 3 2 2 3 2 2 3 2 2 3 2 2 3
9 5 5 9 5 5 9 5 5 9 5 5 9 5 5 9 5 5 9 5 5 9 5 5 9 5 5 9 5 5 9 5 5 9 5 5
2 2 9 2 2 9 2 2 9 2 2 9 2 2 9 2 2 9 2 2 9 2 2 9 2 2 9 2 2 9 2 2 9 2 2 9
3 5 3 3 5 3 3 5 3 3 5 3 3 5 3 3 5 3 3 5 3 3 5 3 3 5 3 3 5 3 3 5 3 3 5 3
7 3 6 7 3 6 7 3 6 7 3 6 7 3 6 7 3 6 7 3 6 7 3 6 7 3 6 7 3 6 7 3 6 7 3 6
7 2 8 7 2 8 7 2 8 7 2 8 7 2 8 7 2 8 7 2 8 7 2 8 7 2 8 7 2 8 7 2 8 7 2 8
9 7 9 9 7 9 9 7 9 9 7 9 9 7 9 9 7 9 9 7 9 9 7 9 9 7 9 9 7 9 9 7 9 9 7 9
9 5 5 9 5 5 9 5 5 9 5 5 9 5 5 9 5 5 9 5 5 9 5 5 9 5 5 9 5 5 9 5 5 9 5 5
1 8 7 1 8 7 1 8 7 1 8 7 1 8 7 1 8 7 1 8 7 1 8 7 1 8 7 1 8 7 1 8 7 1 8 7
1 1 6 1 1 6 1 1 6 1 1 6 1 1 6 1 1 6 1 1 6 1 1 6 1 1 6 1 1 6 1 1 6 1 1 6
3 1 5 3 1 5 3 1 5 3 1 5 3 1 5 3 1 5 3 1 5 3 1 5 3 1 5 3 1 5 3 1 5 3 1 5
3 9 7 3 9 7 3 9 7 3 9 7 3 9 7 3 9 7 3 9 7 3 9 7 3 9 7 3 9 7 3 9 7 3 9 7
5 2 8 5 2 8 5 2 8 5 2 8 5 2 8 5 2 8 5 2 8 5 2 8 5 2 8 5 2 8 5 2 8 5 2 8
4 2 3 4 2 3 4 2 3 4 2 3 4 2 3 4 2 3 4 2 3 4 2 3 4 2 3 4 2 3 4 2 3 4 2 3
4 6 5 4 6 5 4 6 5 4 6 5 4 6 5 4 6 5 4 6 5 4 6 5 4 6 5 4 6 5 4 6 5 4 6 5
1 1 1 1 1 1 1 1 1 1 1 1 1 1 1 1 1 1 1 1 1 1 1 1 1 1 1 1 1 1 1 1 1 1 1 1
6 4 3 6 4 3 6 4 3 6 4 3 6 4 3 6 4 3 6 4 3 6 4 3 6 4 3 6 4 3 6 4 3 6 4 3
6 7 1 6 7 1 6 7 1 6 7 1 6 7 1 6 7 1 6 7 1 6 7 1 6 7 1 6 7 1 6 7 1 6 7 1
6 4 5 6 4 5 6 4 5 6 4 5 6 4 5 6 4 5 6 4 5 6 4 5 6 4 5 6 4 5 6 4 5 6 4 5
1 6 3 1 6 3 1 6 3 1 6 3 1 6 3 1 6 3 1 6 3 1 6 3 1 6 3 1 6 3 1 6 3 1 6 3
9 3 2 9 3 2 9 3 2 9 3 2 9 3 2 9 3 2 9 3 2 9 3 2 9 3 2 9 3 2 9 3 2 9 3 2
7 4 3 7 4 3 7 4 3 7 4 3 7 4 3 7 4 3 7 4 3 7 4 3 7 4 3 7 4 3 7 4 3 7 4 3
8 6 2 8 6 2 8 6 2 8 6 2 8 6 2 8 6 2 8 6 2 8 6 2 8 6 2 8 6 2 8 6 2 8 6 2
4 3 2 4 3 2 4 3 2 4 3 2 4 3 2 4 3 2 4 3 2 4 3 2 4 3 2 4 3 2 4 3 2 4 3 2
3 1 3 3 1 3 3 1 3 3 1 3 3 1 3 3 1 3 3 1 3 3 1 3 3 1 3 3 1 3 3 1 3 3 1 3
2 2 3 2 2 3 2 2 3 2 2 3 2 2 3 2 2 3 2 2 3 2 2 3 2 2 3 2 2 3 2 2 3 2 2 3
9 5 5 9 5 5 9 5 5 9 5 5 9 5 5 9 5 5 9 5 5 9 5 5 9 5 5 9 5 5 9 5 5 9 5 5
2 2 9 2 2 9 2 2 9 2 2 9 2 2 9 2 2 9 2 2 9 2 2 9 2 2 9 2 2 9 2 2 9 2 2 9
3 5 3 3 5 3 3 5 3 3 5 3 3 5 3 3 5 3 3 5 3 3 5 3 3 5 3 3 5 3 3 5 3 3 5 3
7 3 6 7 3 6 7 3 6 7 3 6 7 3 6 7 3 6 7 3 6 7 3 6 7 3 6 7 3 6 7 3 6 7 3 6
7 2 8 7 2 8 7 2 8 7 2 8 7 2 8 7 2 8 7 2 8 7 2 8 7 2 8 7 2 8 7 2 8 7 2 8
9 7 9 9 7 9 9 7 9 9 7 9 9 7 9 9 7 9 9 7 9 9 7 9 9 7 9 9 7 9 9 7 9 9 7 9
9 5 5 9 5 5 9 5 5 9 5 5 9 5 5 9 5 5 9 5 5 9 5 5 9 5 5 9 5 5 9 5 5 9 5 5
1 8 7 1 8 7 1 8 7 1 8 7 1 8 7 1 8 7 1 8 7 1 8 7 1 8 7 1 8 7 1 8 7 1 8 7
1 1 6 1 1 6 1 1 6 1 1 6 1 1 6 1 1 6 1 1 6 1 1 6 1 1 6 1 1 6 1 1 6 1 1 6
3 1 5 3 1 5 3 1 5 3 1 5 3 1 5 3 1 5 3 1 5 3 1 5 3 1 5 3 1 5 3 1 5 3 1 5
3 9 7 3 9 7 3 9 7 3 9 7 3 9 7 3 9 7 3 9 7 3 9 7 3 9 7 3 9 7 3 9 7 3 9 7
5 2 8 5 2 8 5 2 8 5 2 8 5 2 8 5 2 8 5 2 8 5 2 8 5 2 8 5 2 8 5 2 8 5 2 8
4 2 3 4 2 3 4 2 3 4 2 3 4 2 3 4 2 3 4 2 3 4 2 3 4 2 3 4 2 3 4 2 3 4 2 3
4 6 5 4 6 5 4 6 5 4 6 5 4 6 5 4 6 5 4 6 5 4 6 5 4 6 5 4 6 5 4 6 5 4 6 5
1 1 1 1 1 1 1 1 1 1 1 1 1 1 1 1 1 1 1 1 1 1 1 1 1 1 1 1 1 1 1 1 1 1 1 1
6 4 3 6 4 3 6 4 3 6 4 3 6 4 3 6 4 3 6 4 3 6 4 3 6 4 3 6 4 3 6 4 3 6 4 3
6 7 1 6 7 1 6 7 1 6 7 1 6 7 1 6 7 1 6 7 1 6 7 1 6 7 1 6 7 1 6 7 1 6 7 1
6 4 5 6 4 5 6 4 5 6 4 5 6 4 5 6 4 5 6 4 5 6 4 5 6 4 5 6 4 5 6 4 5 6 4 5
1 6 3 1 6 3 1 6 3 1 6 3 1 6 3 1 6 3 1 6 3 1 6 3 1 6 3 1 6 3 1 6 3 1 6 3
9 3 2 9 3 2 9 3 2 9 3 2 9 3 2 9 3 2 9 3 2 9 3 2 9 3 2 9 3 2 9 3 2 9 3 2
7 4 3 7 4 3 7 4 3 7 4 3 7 4 3 7 4 3 7 4 3 7 4 3 7 4 3 7 4 3 7 4 3 7 4 3
8 6 2 8 6 2 8 6 2 8 6 2 8 6 2 8 6 2 8 6 2 8 6 2 8 6 2 8 6 2 8 6 2 8 6 2
4 3 2 4 3 2 4 3 2 4 3 2 4 3 2 4 3 2 4 3 2 4 3 2 4 3 2 4 3 2 4 3 2 4 3 2
3 1 3 3 1 3 3 1 3 3 1 3 3 1 3 3 1 3 3 1 3 3 1 3 3 1 3 3 1 3 3 1 3 3 1 3
2 2 3 2 2 3 2 2 3 2 2 3 2 2 3 2 2 3 2 2 3 2 2 3 2 2 3 2 2 3 2 2 3 2 2 3
9 5 5 9 5 5 9 5 5 9 5 5 9 5 5 9 5 5 9 5 5 9 5 5 9 5 5 9 5 5 9 5 5 9 5 5
2 2 9 2 2 9 2 2 9 2 2 9 2 2 9 2 2 9 2 2 9 2 2 9 2 2 9 2 2 9 2 2 9 2 2 9
3 5 3 3 5 3 3 5 3 3 5 3 3 5 3 3 5 3 3 5 3 3 5 3 3 5 3 3 5 3 3 5 3 3 5 3
7 3 6 7 3 6 7 3 6 7 3 6 7 3 6 7 3 6 7 3 6 7 3 6 7 3 6 7 3 6 7 3 6 7 3 6
7 2 8 7 2 8 7 2 8 7 2 8 7 2 8 7 2 8 7 2 8 7 2 8 7 2 8 7 2 8 7 2 8 7 2 8
9 7 9 9 7 9 9 7 9 9 7 9 9 7 9 9 7 9 9 7 9 9 7 9 9 7 9 9 7 9 9 7 9 9 7 9
9 5 5 9 5 5 9 5 5 9 5 5 9 5 5 9 5 5 9 5 5 9 5 5 9 5 5 9 5 5 9 5 5 9 5 5
1 8 7 1 8 7 1 8 7 1 8 7 1 8 7 1 8 7 1 8 7 1 8 7 1 8 7 1 8 7 1 8 7 1 8 7
1 1 6 1 1 6 1 1 6 1 1 6 1 1 6 1 1 6 1 1 6 1 1 6 1 1 6 1 1 6 1 1 6 1 1 6
3 1 5 3 1 5 3 1 5 3 1 5 3 1 5 3 1 5 3 1 5 3 1 5 3 1 5 3 1 5 3 1 5 3 1 5
3 9 7 3 9 7 3 9 7 3 9 7 3 9 7 3 9 7 3 9 7 3 9 7 3 9 7 3 9 7 3 9 7 3 9 7
5 2 8 5 2 8 5 2 8 5 2 8 5 2 8 5 2 8 5 2 8 5 2 8 5 2 8 5 2 8 5 2 8 5 2 8
4 2 3 4 2 3 4 2 3 4 2 3 4 2 3 4 2 3 4 2 3 4 2 3 4 2 3 4 2 3 4 2 3 4 2 3
4 6 5 4 6 5 4 6 5 4 6 5 4 6 5 4 6 5 4 6 5 4 6 5 4 6 5 4 6 5 4 6 5 4 6 5
1 1 1 1 1 1 1 1 1 1 1 1 1 1 1 1 1 1 1 1 1 1 1 1 1 1 1 1 1 1 1 1 1 1 1 1
6 4 3 6 4 3 6 4 3 6 4 3 6 4 3 6 4 3 6 4 3 6 4 3 6 4 3 6 4 3 6 4 3 6 4 3
6 7 1 6 7 1 6 7 1 6 7 1 6 7 1 6 7 1 6 7 1 6 7 1 6 7 1 6 7 1 6 7 1 6 7 1
6 4 5 6 4 5 6 4 5 6 4 5 6 4 5 6 4 5 6 4 5 6 4 5 6 4 5 6 4 5 6 4 5 6 4 5
1 6 3 1 6 3 1 6 3 1 6 3 1 6 3 1 6 3 1 6 3 1 6 3 1 6 3 1 6 3 1 6 3 1 6 3
9 3 2 9 3 2 9 3 2 9 3 2 9 3 2 9 3 2 9 3 2 9 3 2 9 3 2 9 3 2 9 3 2 9 3 2
7 4 3 7 4 3 7 4 3 7 4 3 7 4 3 7 4 3 7 4 3 7 4 3 7 4 3 7 4 3 7 4 3 7 4 3
8 6 2 8 6 2 8 6 2 8 6 2 8 6 2 8 6 2 8 6 2 8 6 2 8 6 2 8 6 2 8 6 2 8 6 2
4 3 2 4 3 2 4 3 2 4 3 2 4 3 2 4 3 2 4 3 2 4 3 2 4 3 2 4 3 2 4 3 2 4 3 2
3 1 3 3 1 3 3 1 3 3 1 3 3 1 3 3 1 3 3 1 3 3 1 3 3 1 3 3 1 3 3 1 3 3 1 3
2 2 3 2 2 3 2 2 3 2 2 3 2 2 3 2 2 3 2 2 3 2 2 3 2 2 3 2 2 3 2 2 3 2 2 3
9 5 5 9 5 5 9 5 5 9 5 5 9 5 5 9 5 5 9 5 5 9 5 5 9 5 5 9 5 5 9 5 5 9 5 5
2 2 9 2 2 9 2 2 9 2 2 9 2 2 9 2 2 9 2 2 9 2 2 9 2 2 9 2 2 9 2 2 9 2 2 9
3 5 3 3 5 3 3 5 3 3 5 3 3 5 3 3 5 3 3 5 3 3 5 3 3 5 3 3 5 3 3 5 3 3 5 3
7 3 6 7 3 6 7 3 6 7 3 6 7 3 6 7 3 6 7 3 6 7 3 6 7 3 6 7 3 6 7 3 6 7 3 6
7 2 8 7 2 8 7 2 8 7 2 8 7 2 8 7 2 8 7 2 8 7 2 8 7 2 8 7 2 8 7 2 8 7 2 8
9 7 9 9 7 9 9 7 9 9 7 9 9 7 9 9 7 9 9 7 9 9 7 9 9 7 9 9 7 9 9 7 9 9 7 9
9 5 5 9 5 5 9 5 5 9 5 5 9 5 5 9 5 5 9 5 5 9 5 5 9 5 5 9 5 5 9 5 5 9 5 5
1 8 7 1 8 7 1 8 7 1 8 7 1 8 7 1 8 7 1 8 7 1 8 7 1 8 7 1 8 7 1 8 7 1 8 7
1 1 6 1 1 6 1 1 6 1 1 6 1 1 6 1 1 6 1 1 6 1 1 6 1 1 6 1 1 6 1 1 6 1 1 6
3 1 5 3 1 5 3 1 5 3 1 5 3 1 5 3 1 5 3 1 5 3 1 5 3 1 5 3 1 5 3 1 5 3 1 5
3 9 7 3 9 7 3 9 7 3 9 7 3 9 7 3 9 7 3 9 7 3 9 7 3 9 7 3 9 7 3 9 7 3 9 7
5 2 8 5 2 8 5 2 8 5 2 8 5 2 8 5 2 8 5 2 8 5 2 8 5 2 8 5 2 8 5 2 8 5 2 8
4 2 3 4 2 3 4 2 3 4 2 3 4 2 3 4 2 3 4 2 3 4 2 3 4 2 3 4 2 3 4 2 3 4 2 3
4 6 5 4 6 5 4 6 5 4 6 5 4 6 5 4 6 5 4 6 5 4 6 5 4 6 5 4 6 5 4 6 5 4 6 5
1 1 1 1 1 1 1 1 1 1 1 1 1 1 1 1 1 1 1 1 1 1 1 1 1 1 1 1 1 1 1 1 1 1 1 1
6 4 3 6 4 3 6 4 3 6 4 3 6 4 3 6 4 3 6 4 3 6 4 3 6 4 3 6 4 3 6 4 3 6 4 3
6 7 1 6 7 1 6 7 1 6 7 1 6 7 1 6 7 1 6 7 1 6 7 1 6 7 1 6 7 1 6 7 1 6 7 1
6 4 5 6 4 5 6 4 5 6 4 5 6 4 5 6 4 5 6 4 5 6 4 5 6 4 5 6 4 5 6 4 5 6 4 5
1 6 3 1 6 3 1 6 3 1 6 3 1 6 3 1 6 3 1 6 3 1 6 3 1 6 3 1 6 3 1 6 3 1 6 3
9 3 2 9 3 2 9 3 2 9 3 2 9 3 2 9 3 2 9 3 2 9 3 2 9 3 2 9 3 2 9 3 2 9 3 2
7 4 3 7 4 3 7 4 3 7 4 3 7 4 3 7 4 3 7 4 3 7 4 3 7 4 3 7 4 3 7 4 3 7 4 3
8 6 2 8 6 2 8 6 2 8 6 2 8 6 2 8 6 2 8 6 2 8 6 2 8 6 2 8 6 2 8 6 2 8 6 2
4 3 2 4 3 2 4 3 2 4 3 2 4 3 2 4 3 2 4 3 2 4 3 2 4 3 2 4 3 2 4 3 2 4 3 2
3 1 3 3 1 3 3 1 3 3 1 3 3 1 3 3 1 3 3 1 3 3 1 3 3 1 3 3 1 3 3 1 3 3 1 3
2 2 3 2 2 3 2 2 3 2 2 3 2 2 3 2 2 3 2 2 3 2 2 3 2 2 3 2 2 3 2 2 3 2 2 3
9 5 5 9 5 5 9 5 5 9 5 5 9 5 5 9 5 5 9 5 5 9 5 5 9 5 5 9 5 5 9 5 5 9 5 5
2 2 9 2 2 9 2 2 9 2 2 9 2 2 9 2 2 9 2 2 9 2 2 9 2 2 9 2 2 9 2 2 9 2 2 9
3 5 3 3 5 3 3 5 3 3 5 3 3 5 3 3 5 3 3 5 3 3 5 3 3 5 3 3 5 3 3 5 3 3 5 3
7 3 6 7 3 6 7 3 6 7 3 6 7 3 6 7 3 6 7 3 6 7 3 6 7 3 6 7 3 6 7 3 6 7 3 6
7 2 8 7 2 8 7 2 8 7 2 8 7 2 8 7 2 8 7 2 8 7 2 8 7 2 8 7 2 8 7 2 8 7 2 8
9 7 9 9 7 9 9 7 9 9 7 9 9 7 9 9 7 9 9 7 9 9 7 9 9 7 9 9 7 9 9 7 9 9 7 9
9 5 5 9 5 5 9 5 5 9 5 5 9 5 5 9 5 5 9 5 5 9 5 5 9 5 5 9 5 5 9 5 5 9 5 5
1 8 7 1 8 7 1 8 7 1 8 7 1 8 7 1 8 7 1 8 7 1 8 7 1 8 7 1 8 7 1 8 7 1 8 7
1 1 6 1 1 6 1 1 6 1 1 6 1 1 6 1 1 6 1 1 6 1 1 6 1 1 6 1 1 6 1 1 6 1 1 6
3 1 5 3 1 5 3 1 5 3 1 5 3 1 5 3 1 5 3 1 5 3 1 5 3 1 5 3 1 5 3 1 5 3 1 5
3 9 7 3 9 7 3 9 7 3 9 7 3 9 7 3 9 7 3 9 7 3 9 7 3 9 7 3 9 7 3 9 7 3 9 7
5 2 8 5 2 8 5 2 8 5 2 8 5 2 8 5 2 8 5 2 8 5 2 8 5 2 8 5 2 8 5 2 8 5 2 8
4 2 3 4 2 3 4 2 3 4 2 3 4 2 3 4 2 3 4 2 3 4 2 3 4 2 3 4 2 3 4 2 3 4 2 3
4 6 5 4 6 5 4 6 5 4 6 5 4 6 5 4 6 5 4 6 5 4 6 5 4 6 5 4 6 5 4 6 5 4 6 5
1 1 1 1 1 1 1 1 1 1 1 1 1 1 1 1 1 1 1 1 1 1 1 1 1 1 1 1 1 1 1 1 1 1 1 1
6 4 3 6 4 3 6 4 3 6 4 3 6 4 3 6 4 3 6 4 3 6 4 3 6 4 3 6 4 3 6 4 3 6 4 3
6 7 1 6 7 1 6 7 1 6 7 1 6 7 1 6 7 1 6 7 1 6 7 1 6 7 1 6 7 1 6 7 1 6 7 1
6 4 5 6 4 5 6 4 5 6 4 5 6 4 5 6 4 5 6 4 5 6 4 5 6 4 5 6 4 5 6 4 5 6 4 5
1 6 3 1 6 3 1 6 3 1 6 3 1 6 3 1 6 3 1 6 3 1 6 3 1 6 3 1 6 3 1 6 3 1 6 3
9 3 2 9 3 2 9 3 2 9 3 2 9 3 2 9 3 2 9 3 2 9 3 2 9 3 2 9 3 2 9 3 2 9 3 2
7 4 3 7 4 3 7 4 3 7 4 3 7 4 3 7 4 3 7 4 3 7 4 3 7 4 3 7 4 3 7 4 3 7 4 3
8 6 2 8 6 2 8 6 2 8 6 2 8 6 2 8 6 2 8 6 2 8 6 2 8 6 2 8 6 2 8 6 2 8 6 2
4 3 2 4 3 2 4 3 2 4 3 2 4 3 2 4 3 2 4 3 2 4 3 2 4 3 2 4 3 2 4 3 2 4 3 2
3 1 3 3 1 3 3 1 3 3 1 3 3 1 3 3 1 3 3 1 3 3 1 3 3 1 3 3 1 3 3 1 3 3 1 3
2 2 3 2 2 3 2 2 3 2 2 3 2 2 3 2 2 3 2 2 3 2 2 3 2 2 3 2 2 3 2 2 3 2 2 3
9 5 5 9 5 5 9 5 5 9 5 5 9 5 5 9 5 5 9 5 5 9 5 5 9 5 5 9 5 5 9 5 5 9 5 5
2 2 9 2 2 9 2 2 9 2 2 9 2 2 9 2 2 9 2 2 9 2 2 9 2 2 9 2 2 9 2 2 9 2 2 9
3 5 3 3 5 3 3 5 3 3 5 3 3 5 3 3 5 3 3 5 3 3 5 3 3 5 3 3 5 3 3 5 3 3 5 3
7 3 6 7 3 6 7 3 6 7 3 6 7 3 6 7 3 6 7 3 6 7 3 6 7 3 6 7 3 6 7 3 6 7 3 6
7 2 8 7 2 8 7 2 8 7 2 8 7 2 8 7 2 8 7 2 8 7 2 8 7 2 8 7 2 8 7 2 8 7 2 8
9 7 9 9 7 9 9 7 9 9 7 9 9 7 9 9 7 9 9 7 9 9 7 9 9 7 9 9 7 9 9 7 9 9 7 9
9 5 5 9 5 5 9 5 5 9 5 5 9 5 5 9 5 5 9 5 5 9 5 5 9 5 5 9 5 5 9 5 5 9 5 5
1 8 7 1 8 7 1 8 7 1 8 7 1 8 7 1 8 7 1 8 7 1 8 7 1 8 7 1 8 7 1 8 7 1 8 7
1 1 6 1 1 6 1 1 6 1 1 6 1 1 6 1 1 6 1 1 6 1 1 6 1 1 6 1 1 6 1 1 6 1 1 6
3 1 5 3 1 5 3 1 5 3 1 5 3 1 5 3 1 5 3 1 5 3 1 5 3 1 5 3 1 5 3 1 5 3 1 5
3 9 7 3 9 7 3 9 7 3 9 7 3 9 7 3 9 7 3 9 7 3 9 7 3 9 7 3 9 7 3 9 7 3 9 7
5 2 8 5 2 8 5 2 8 5 2 8 5 2 8 5 2 8 5 2 8 5 2 8 5 2 8 5 2 8 5 2 8 5 2 8
4 2 3 4 2 3 4 2 3 4 2 3 4 2 3 4 2 3 4 2 3 4 2 3 4 2 3 4 2 3 4 2 3 4 2 3
4 6 5 4 6 5 4 6 5 4 6 5 4 6 5 4 6 5 4 6 5 4 6 5 4 6 5 4 6 5 4 6 5 4 6 5
1 1 1 1 1 1 1 1 1 1 1 1 1 1 1 1 1 1 1 1 1 1 1 1 1 1 1 1 1 1 1 1 1 1 1 1
6 4 3 6 4 3 6 4 3 6 4 3 6 4 3 6 4 3 6 4 3 6 4 3 6 4 3 6 4 3 6 4 3 6 4 3
6 7 1 6 7 1 6 7 1 6 7 1 6 7 1 6 7 1 6 7 1 6 7 1 6 7 1 6 7 1 6 7 1 6 7 1
6 4 5 6 4 5 6 4 5 6 4 5 6 4 5 6 4 5 6 4 5 6 4 5 6 4 5 6 4 5 6 4 5 6 4 5
1 6 3 1 6 3 1 6 3 1 6 3 1 6 3 1 6 3 1 6 3 1 6 3 1 6 3 1 6 3 1 6 3 1 6 3
9 3 2 9 3 2 9 3 2 9 3 2 9 3 2 9 3 2 9 3 2 9 3 2 9 3 2 9 3 2 9 3 2 9 3 2
7 4 3 7 4 3 7 4 3 7 4 3 7 4 3 7 4 3 7 4 3 7 4 3 7 4 3 7 4 3 7 4 3 7 4 3
8 6 2 8 6 2 8 6 2 8 6 2 8 6 2 8 6 2 8 6 2 8 6 2 8 6 2 8 6 2 8 6 2 8 6 2
4 3 2 4 3 2 4 3 2 4 3 2 4 3 2 4 3 2 4 3 2 4 3 2 4 3 2 4 3 2 4 3 2 4 3 2
3 1 3 3 1 3 3 1 3 3 1 3 3 1 3 3 1 3 3 1 3 3 1 3 3 1 3 3 1 3 3 1 3 3 1 3
2 2 3 2 2 3 2 2 3 2 2 3 2 2 3 2 2 3 2 2 3 2 2 3 2 2 3 2 2 3 2 2 3 2 2 3
9 5 5 9 5 5 9 5 5 9 5 5 9 5 5 9 5 5 9 5 5 9 5 5 9 5 5 9 5 5 9 5 5 9 5 5
2 2 9 2 2 9 2 2 9 2 2 9 2 2 9 2 2 9 2 2 9 2 2 9 2 2 9 2 2 9 2 2 9 2 2 9
3 5 3 3 5 3 3 5 3 3 5 3 3 5 3 3 5 3 3 5 3 3 5 3 3 5 3 3 5 3 3 5 3 3 5 3
7 3 6 7 3 6 7 3 6 7 3 6 7 3 6 7 3 6 7 3 6 7 3 6 7 3 6 7 3 6 7 3 6 7 3 6
7 2 8 7 2 8 7 2 8 7 2 8 7 2 8 7 2 8 7 2 8 7 2 8 7 2 8 7 2 8 7 2 8 7 2 8
9 7 9 9 7 9 9 7 9 9 7 9 9 7 9 9 7 9 9 7 9 9 7 9 9 7 9 9 7 9 9 7 9 9 7 9
9 5 5 9 5 5 9 5 5 9 5 5 9 5 5 9 5 5 9 5 5 9 5 5 9 5 5 9 5 5 9 5 5 9 5 5
1 8 7 1 8 7 1 8 7 1 8 7 1 8 7 1 8 7 1 8 7 1 8 7 1 8 7 1 8 7 1 8 7 1 8 7
1 1 6 1 1 6 1 1 6 1 1 6 1 1 6 1 1 6 1 1 6 1 1 6 1 1 6 1 1 6 1 1 6 1 1 6
3 1 5 3 1 5 3 1 5 3 1 5 3 1 5 3 1 5 3 1 5 3 1 5 3 1 5 3 1 5 3 1 5 3 1 5
3 9 7 3 9 7 3 9 7 3 9 7 3 9 7 3 9 7 3 9 7 3 9 7 3 9 7 3 9 7 3 9 7 3 9 7
5 2 8 5 2 8 5 2 8 5 2 8 5 2 8 5 2 8 5 2 8 5 2 8 5 2 8 5 2 8 5 2 8 5 2 8
4 2 3 4 2 3 4 2 3 4 2 3 4 2 3 4 2 3 4 2 3 4 2 3 4 2 3 4 2 3 4 2 3 4 2 3
4 6 5 4 6 5 4 6 5 4 6 5 4 6 5 4 6 5 4 6 5 4 6 5 4 6 5 4 6 5 4 6 5 4 6 5
1 1 1 1 1 1 1 1 1 1 1 1 1 1 1 1 1 1 1 1 1 1 1 1 1 1 1 1 1 1 1 1 1 1 1 1
6 4 3 6 4 3 6 4 3 6 4 3 6 4 3 6 4 3 6 4 3 6 4 3 6 4 3 6 4 3 6 4 3 6 4 3
6 7 1 6 7 1 6 7 1 6 7 1 6 7 1 6 7 1 6 7 1 6 7 1 6 7 1 6 7 1 6 7 1 6 7 1
6 4 5 6 4 5 6 4 5 6 4 5 6 4 5 6 4 5 6 4 5 6 4 5 6 4 5 6 4 5 6 4 5 6 4 5
1 6 3 1 6 3 1 6 3 1 6 3 1 6 3 1 6 3 1 6 3 1 6 3 1 6 3 1 6 3 1 6 3 1 6 3
9 3 2 9 3 2 9 3 2 9 3 2 9 3 2 9 3 2 9 3 2 9 3 2 9 3 2 9 3 2 9 3 2 9 3 2
7 4 3 7 4 3 7 4 3 7 4 3 7 4 3 7 4 3 7 4 3 7 4 3 7 4 3 7 4 3 7 4 3 7 4 3
8 6 2 8 6 2 8 6 2 8 6 2 8 6 2 8 6 2 8 6 2 8 6 2 8 6 2 8 6 2 8 6 2 8 6 2
4 3 2 4 3 2 4 3 2 4 3 2 4 3 2 4 3 2 4 3 2 4 3 2 4 3 2 4 3 2 4 3 2 4 3 2
3 1 3 3 1 3 3 1 3 3 1 3 3 1 3 3 1 3 3 1 3 3 1 3 3 1 3 3 1 3 3 1 3 3 1 3
2 2 3 2 2 3 2 2 3 2 2 3 2 2 3 2 2 3 2 2 3 2 2 3 2 2 3 2 2 3 2 2 3 2 2 3
9 5 5 9 5 5 9 5 5 9 5 5 9 5 5 9 5 5 9 5 5 9 5 5 9 5 5 9 5 5 9 5 5 9 5 5
2 2 9 2 2 9 2 2 9 2 2 9 2 2 9 2 2 9 2 2 9 2 2 9 2 2 9 2 2 9 2 2 9 2 2 9
3 5 3 3 5 3 3 5 3 3 5 3 3 5 3 3 5 3 3 5 3 3 5 3 3 5 3 3 5 3 3 5 3 3 5 3
7 3 6 7 3 6 7 3 6 7 3 6 7 3 6 7 3 6 7 3 6 7 3 6 7 3 6 7 3 6 7 3 6 7 3 6
7 2 8 7 2 8 7 2 8 7 2 8 7 2 8 7 2 8 7 2 8 7 2 8 7 2 8 7 2 8 7 2 8 7 2 8
9 7 9 9 7 9 9 7 9 9 7 9 9 7 9 9 7 9 9 7 9 9 7 9 9 7 9 9 7 9 9 7 9 9 7 9
9 5 5 9 5 5 9 5 5 9 5 5 9 5 5 9 5 5 9 5 5 9 5 5 9 5 5 9 5 5 9 5 5 9 5 5
1 8 7 1 8 7 1 8 7 1 8 7 1 8 7 1 8 7 1 8 7 1 8 7 1 8 7 1 8 7 1 8 7 1 8 7
1 1 6 1 1 6 1 1 6 1 1 6 1 1 6 1 1 6 1 1 6 1 1 6 1 1 6 1 1 6 1 1 6 1 1 6
3 1 5 3 1 5 3 1 5 3 1 5 3 1 5 3 1 5 3 1 5 3 1 5 3 1 5 3 1 5 3 1 5 3 1 5
3 9 7 3 9 7 3 9 7 3 9 7 3 9 7 3 9 7 3 9 7 3 9 7 3 9 7 3 9 7 3 9 7 3 9 7
5 2 8 5 2 8 5 2 8 5 2 8 5 2 8 5 2 8 5 2 8 5 2 8 5 2 8 5 2 8 5 2 8 5 2 8
4 2 3 4 2 3 4 2 3 4 2 3 4 2 3 4 2 3 4 2 3 4 2 3 4 2 3 4 2 3 4 2 3 4 2 3
4 6 5 4 6 5 4 6 5 4 6 5 4 6 5 4 6 5 4 6 5 4 6 5 4 6 5 4 6 5 4 6 5 4 6 5
1 1 1 1 1 1 1 1 1 1 1 1 1 1 1 1 1 1 1 1 1 1 1 1 1 1 1 1 1 1 1 1 1 1 1 1
6 4 3 6 4 3 6 4 3 6 4 3 6 4 3 6 4 3 6 4 3 6 4 3 6 4 3 6 4 3 6 4 3 6 4 3
6 7 1 6 7 1 6 7 1 6 7 1 6 7 1 6 7 1 6 7 1 6 7 1 6 7 1 6 7 1 6 7 1 6 7 1
6 4 5 6 4 5 6 4 5 6 4 5 6 4 5 6 4 5 6 4 5 6 4 5 6 4 5 6 4 5 6 4 5 6 4 5
1 6 3 1 6 3 1 6 3 1 6 3 1 6 3 1 6 3 1 6 3 1 6 3 1 6 3 1 6 3 1 6 3 1 6 3
9 3 2 9 3 2 9 3 2 9 3 2 9 3 2 9 3 2 9 3 2 9 3 2 9 3 2 9 3 2 9 3 2 9 3 2
7 4 3 7 4 3 7 4 3 7 4 3 7 4 3 7 4 3 7 4 3 7 4 3 7 4 3 7 4 3 7 4 3 7 4 3
8 6 2 8 6 2 8 6 2 8 6 2 8 6 2 8 6 2 8 6 2 8 6 2 8 6 2 8 6 2 8 6 2 8 6 2
4 3 2 4 3 2 4 3 2 4 3 2 4 3 2 4 3 2 4 3 2 4 3 2 4 3 2 4 3 2 4 3 2 4 3 2
3 1 3 3 1 3 3 1 3 3 1 3 3 1 3 3 1 3 3 1 3 3 1 3 3 1 3 3 1 3 3 1 3 3 1 3
2 2 3 2 2 3 2 2 3 2 2 3 2 2 3 2 2 3 2 2 3 2 2 3 2 2 3 2 2 3 2 2 3 2 2 3
9 5 5 9 5 5 9 5 5 9 5 5 9 5 5 9 5 5 9 5 5 9 5 5 9 5 5 9 5 5 9 5 5 9 5 5
2 2 9 2 2 9 2 2 9 2 2 9 2 2 9 2 2 9 2 2 9 2 2 9 2 2 9 2 2 9 2 2 9 2 2 9
3 5 3 3 5 3 3 5 3 3 5 3 3 5 3 3 5 3 3 5 3 3 5 3 3 5 3 3 5 3 3 5 3 3 5 3
7 3 6 7 3 6 7 3 6 7 3 6 7 3 6 7 3 6 7 3 6 7 3 6 7 3 6 7 3 6 7 3 6 7 3 6
7 2 8 7 2 8 7 2 8 7 2 8 7 2 8 7 2 8 7 2 8 7 2 8 7 2 8 7 2 8 7 2 8 7 2 8
9 7 9 9 7 9 9 7 9 9 7 9 9 7 9 9 7 9 9 7 9 9 7 9 9 7 9 9 7 9 9 7 9 9 7 9
9 5 5 9 5 5 9 5 5 9 5 5 9 5 5 9 5 5 9 5 5 9 5 5 9 5 5 9 5 5 9 5 5 9 5 5
1 8 7 1 8 7 1 8 7 1 8 7 1 8 7 1 8 7 1 8 7 1 8 7 1 8 7 1 8 7 1 8 7 1 8 7
1 1 6 1 1 6 1 1 6 1 1 6 1 1 6 1 1 6 1 1 6 1 1 6 1 1 6 1 1 6 1 1 6 1 1 6
3 1 5 3 1 5 3 1 5 3 1 5 3 1 5 3 1 5 3 1 5 3 1 5 3 1 5 3 1 5 3 1 5 3 1 5
3 9 7 3 9 7 3 9 7 3 9 7 3 9 7 3 9 7 3 9 7 3 9 7 3 9 7 3 9 7 3 9 7 3 9 7
5 2 8 5 2 8 5 2 8 5 2 8 5 2 8 5 2 8 5 2 8 5 2 8 5 2 8 5 2 8 5 2 8 5 2 8
4 2 3 4 2 3 4 2 3 4 2 3 4 2 3 4 2 3 4 2 3 4 2 3 4 2 3 4 2 3 4 2 3 4 2 3
4 6 5 4 6 5 4 6 5 4 6 5 4 6 5 4 6 5 4 6 5 4 6 5 4 6 5 4 6 5 4 6 5 4 6 5
1 1 1 1 1 1 1 1 1 1 1 1 1 1 1 1 1 1 1 1 1 1 1 1 1 1 1 1 1 1 1 1 1 1 1 1
6 4 3 6 4 3 6 4 3 6 4 3 6 4 3 6 4 3 6 4 3 6 4 3 6 4 3 6 4 3 6 4 3 6 4 3
6 7 1 6 7 1 6 7 1 6 7 1 6 7 1 6 7 1 6 7 1 6 7 1 6 7 1 6 7 1 6 7 1 6 7 1
6 4 5 6 4 5 6 4 5 6 4 5 6 4 5 6 4 5 6 4 5 6 4 5 6 4 5 6 4 5 6 4 5 6 4 5
1 6 3 1 6 3 1 6 3 1 6 3 1 6 3 1 6 3 1 6 3 1 6 3 1 6 3 1 6 3 1 6 3 1 6 3
9 3 2 9 3 2 9 3 2 9 3 2 9 3 2 9 3 2 9 3 2 9 3 2 9 3 2 9 3 2 9 3 2 9 3 2
7 4 3 7 4 3 7 4 3 7 4 3 7 4 3 7 4 3 7 4 3 7 4 3 7 4 3 7 4 3 7 4 3 7 4 3
8 6 2 8 6 2 8 6 2 8 6 2 8 6 2 8 6 2 8 6 2 8 6 2 8 6 2 8 6 2 8 6 2 8 6 2
4 3 2 4 3 2 4 3 2 4 3 2 4 3 2 4 3 2 4 3 2 4 3 2 4 3 2 4 3 2 4 3 2 4 3 2
3 1 3 3 1 3 3 1 3 3 1 3 3 1 3 3 1 3 3 1 3 3 1 3 3 1 3 3 1 3 3 1 3 3 1 3
2 2 3 2 2 3 2 2 3 2 2 3 2 2 3 2 2 3 2 2 3 2 2 3 2 2 3 2 2 3 2 2 3 2 2 3
9 5 5 9 5 5 9 5 5 9 5 5 9 5 5 9 5 5 9 5 5 9 5 5 9 5 5 9 5 5 9 5 5 9 5 5
2 2 9 2 2 9 2 2 9 2 2 9 2 2 9 2 2 9 2 2 9 2 2 9 2 2 9 2 2 9 2 2 9 2 2 9
3 5 3 3 5 3 3 5 3 3 5 3 3 5 3 3 5 3 3 5 3 3 5 3 3 5 3 3 5 3 3 5 3 3 5 3
7 3 6 7 3 6 7 3 6 7 3 6 7 3 6 7 3 6 7 3 6 7 3 6 7 3 6 7 3 6 7 3 6 7 3 6
7 2 8 7 2 8 7 2 8 7 2 8 7 2 8 7 2 8 7 2 8 7 2 8 7 2 8 7 2 8 7 2 8 7 2 8
9 7 9 9 7 9 9 7 9 9 7 9 9 7 9 9 7 9 9 7 9 9 7 9 9 7 9 9 7 9 9 7 9 9 7 9
9 5 5 9 5 5 9 5 5 9 5 5 9 5 5 9 5 5 9 5 5 9 5 5 9 5 5 9 5 5 9 5 5 9 5 5
1 8 7 1 8 7 1 8 7 1 8 7 1 8 7 1 8 7 1 8 7 1 8 7 1 8 7 1 8 7 1 8 7 1 8 7
1 1 6 1 1 6 1 1 6 1 1 6 1 1 6 1 1 6 1 1 6 1 1 6 1 1 6 1 1 6 1 1 6 1 1 6
3 1 5 3 1 5 3 1 5 3 1 5 3 1 5 3 1 5 3 1 5 3 1 5 3 1 5 3 1 5 3 1 5 3 1 5
3 9 7 3 9 7 3 9 7 3 9 7 3 9 7 3 9 7 3 9 7 3 9 7 3 9 7 3 9 7 3 9 7 3 9 7
5 2 8 5 2 8 5 2 8 5 2 8 5 2 8 5 2 8 5 2 8 5 2 8 5 2 8 5 2 8 5 2 8 5 2 8
4 2 3 4 2 3 4 2 3 4 2 3 4 2 3 4 2 3 4 2 3 4 2 3 4 2 3 4 2 3 4 2 3 4 2 3
4 6 5 4 6 5 4 6 5 4 6 5 4 6 5 4 6 5 4 6 5 4 6 5 4 6 5 4 6 5 4 6 5 4 6 5
1 1 1 1 1 1 1 1 1 1 1 1 1 1 1 1 1 1 1 1 1 1 1 1 1 1 1 1 1 1 1 1 1 1 1 1
6 4 3 6 4 3 6 4 3 6 4 3 6 4 3 6 4 3 6 4 3 6 4 3 6 4 3 6 4 3 6 4 3 6 4 3
6 7 1 6 7 1 6 7 1 6 7 1 6 7 1 6 7 1 6 7 1 6 7 1 6 7 1 6 7 1 6 7 1 6 7 1
6 4 5 6 4 5 6 4 5 6 4 5 6 4 5 6 4 5 6 4 5 6 4 5 6 4 5 6 4 5 6 4 5 6 4 5
1 6 3 1 6 3 1 6 3 1 6 3 1 6 3 1 6 3 1 6 3 1 6 3 1 6 3 1 6 3 1 6 3 1 6 3
9 3 2 9 3 2 9 3 2 9 3 2 9 3 2 9 3 2 9 3 2 9 3 2 9 3 2 9 3 2 9 3 2 9 3 2
7 4 3 7 4 3 7 4 3 7 4 3 7 4 3 7 4 3 7 4 3 7 4 3 7 4 3 7 4 3 7 4 3 7 4 3
8 6 2 8 6 2 8 6 2 8 6 2 8 6 2 8 6 2 8 6 2 8 6 2 8 6 2 8 6 2 8 6 2 8 6 2
4 3 2 4 3 2 4 3 2 4 3 2 4 3 2 4 3 2 4 3 2 4 3 2 4 3 2 4 3 2 4 3 2 4 3 2
3 1 3 3 1 3 3 1 3 3 1 3 3 1 3 3 1 3 3 1 3 3 1 3 3 1 3 3 1 3 3 1 3 3 1 3
2 2 3 2 2 3 2 2 3 2 2 3 2 2 3 2 2 3 2 2 3 2 2 3 2 2 3 2 2 3 2 2 3 2 2 3
9 5 5 9 5 5 9 5 5 9 5 5 9 5 5 9 5 5 9 5 5 9 5 5 9 5 5 9 5 5 9 5 5 9 5 5
2 2 9 2 2 9 2 2 9 2 2 9 2 2 9 2 2 9 2 2 9 2 2 9 2 2 9 2 2 9 2 2 9 2 2 9
3 5 3 3 5 3 3 5 3 3 5 3 3 5 3 3 5 3 3 5 3 3 5 3 3 5 3 3 5 3 3 5 3 3 5 3
7 3 6 7 3 6 7 3 6 7 3 6 7 3 6 7 3 6 7 3 6 7 3 6 7 3 6 7 3 6 7 3 6 7 3 6
7 2 8 7 2 8 7 2 8 7 2 8 7 2 8 7 2 8 7 2 8 7 2 8 7 2 8 7 2 8 7 2 8 7 2 8
9 7 9 9 7 9 9 7 9 9 7 9 9 7 9 9 7 9 9 7 9 9 7 9 9 7 9 9 7 9 9 7 9 9 7 9
9 5 5 9 5 5 9 5 5 9 5 5 9 5 5 9 5 5 9 5 5 9 5 5 9 5 5 9 5 5 9 5 5 9 5 5
1 8 7 1 8 7 1 8 7 1 8 7 1 8 7 1 8 7 1 8 7 1 8 7 1 8 7 1 8 7 1 8 7 1 8 7
1 1 6 1 1 6 1 1 6 1 1 6 1 1 6 1 1 6 1 1 6 1 1 6 1 1 6 1 1 6 1 1 6 1 1 6
3 1 5 3 1 5 3 1 5 3 1 5 3 1 5 3 1 5 3 1 5 3 1 5 3 1 5 3 1 5 3 1 5 3 1 5
3 9 7 3 9 7 3 9 7 3 9 7 3 9 7 3 9 7 3 9 7 3 9 7 3 9 7 3 9 7 3 9 7 3 9 7
5 2 8 5 2 8 5 2 8 5 2 8 5 2 8 5 2 8 5 2 8 5 2 8 5 2 8 5 2 8 5 2 8 5 2 8
4 2 3 4 2 3 4 2 3 4 2 3 4 2 3 4 2 3 4 2 3 4 2 3 4 2 3 4 2 3 4 2 3 4 2 3
4 6 5 4 6 5 4 6 5 4 6 5 4 6 5 4 6 5 4 6 5 4 6 5 4 6 5 4 6 5 4 6 5 4 6 5
1 1 1 1 1 1 1 1 1 1 1 1 1 1 1 1 1 1 1 1 1 1 1 1 1 1 1 1 1 1 1 1 1 1 1 1
6 4 3 6 4 3 6 4 3 6 4 3 6 4 3 6 4 3 6 4 3 6 4 3 6 4 3 6 4 3 6 4 3 6 4 3
6 7 1 6 7 1 6 7 1 6 7 1 6 7 1 6 7 1 6 7 1 6 7 1 6 7 1 6 7 1 6 7 1 6 7 1
6 4 5 6 4 5 6 4 5 6 4 5 6 4 5 6 4 5 6 4 5 6 4 5 6 4 5 6 4 5 6 4 5 6 4 5
1 6 3 1 6 3 1 6 3 1 6 3 1 6 3 1 6 3 1 6 3 1 6 3 1 6 3 1 6 3 1 6 3 1 6 3
9 3 2 9 3 2 9 3 2 9 3 2 9 3 2 9 3 2 9 3 2 9 3 2 9 3 2 9 3 2 9 3 2 9 3 2
7 4 3 7 4 3 7 4 3 7 4 3 7 4 3 7 4 3 7 4 3 7 4 3 7 4 3 7 4 3 7 4 3 7 4 3
8 6 2 8 6 2 8 6 2 8 6 2 8 6 2 8 6 2 8 6 2 8 6 2 8 6 2 8 6 2 8 6 2 8 6 2
4 3 2 4 3 2 4 3 2 4 3 2 4 3 2 4 3 2 4 3 2 4 3 2 4 3 2 4 3 2 4 3 2 4 3 2
3 1 3 3 1 3 3 1 3 3 1 3 3 1 3 3 1 3 3 1 3 3 1 3 3 1 3 3 1 3 3 1 3 3 1 3
2 2 3 2 2 3 2 2 3 2 2 3 2 2 3 2 2 3 2 2 3 2 2 3 2 2 3 2 2 3 2 2 3 2 2 3
9 5 5 9 5 5 9 5 5 9 5 5 9 5 5 9 5 5 9 5 5 9 5 5 9 5 5 9 5 5 9 5 5 9 5 5
2 2 9 2 2 9 2 2 9 2 2 9 2 2 9 2 2 9 2 2 9 2 2 9 2 2 9 2 2 9 2 2 9 2 2 9
3 5 3 3 5 3 3 5 3 3 5 3 3 5 3 3 5 3 3 5 3 3 5 3 3 5 3 3 5 3 3 5 3 3 5 3
7 3 6 7 3 6 7 3 6 7 3 6 7 3 6 7 3 6 7 3 6 7 3 6 7 3 6 7 3 6 7 3 6 7 3 6
7 2 8 7 2 8 7 2 8 7 2 8 7 2 8 7 2 8 7 2 8 7 2 8 7 2 8 7 2 8 7 2 8 7 2 8
9 7 9 9 7 9 9 7 9 9 7 9 9 7 9 9 7 9 9 7 9 9 7 9 9 7 9 9 7 9 9 7 9 9 7 9
9 5 5 9 5 5 9 5 5 9 5 5 9 5 5 9 5 5 9 5 5 9 5 5 9 5 5 9 5 5 9 5 5 9 5 5
1 8 7 1 8 7 1 8 7 1 8 7 1 8 7 1 8 7 1 8 7 1 8 7 1 8 7 1 8 7 1 8 7 1 8 7
1 1 6 1 1 6 1 1 6 1 1 6 1 1 6 1 1 6 1 1 6 1 1 6 1 1 6 1 1 6 1 1 6 1 1 6
3 1 5 3 1 5 3 1 5 3 1 5 3 1 5 3 1 5 3 1 5 3 1 5 3 1 5 3 1 5 3 1 5 3 1 5
3 9 7 3 9 7 3 9 7 3 9 7 3 9 7 3 9 7 3 9 7 3 9 7 3 9 7 3 9 7 3 9 7 3 9 7
5 2 8 5 2 8 5 2 8 5 2 8 5 2 8 5 2 8 5 2 8 5 2 8 5 2 8 5 2 8 5 2 8 5 2 8
4 2 3 4 2 3 4 2 3 4 2 3 4 2 3 4 2 3 4 2 3 4 2 3 4 2 3 4 2 3 4 2 3 4 2 3
4 6 5 4 6 5 4 6 5 4 6 5 4 6 5 4 6 5 4 6 5 4 6 5 4 6 5 4 6 5 4 6 5 4 6 5
1 1 1 1 1 1 1 1 1 1 1 1 1 1 1 1 1 1 1 1 1 1 1 1 1 1 1 1 1 1 1 1 1 1 1 1
6 4 3 6 4 3 6 4 3 6 4 3 6 4 3 6 4 3 6 4 3 6 4 3 6 4 3 6 4 3 6 4 3 6 4 3
6 7 1 6 7 1 6 7 1 6 7 1 6 7 1 6 7 1 6 7 1 6 7 1 6 7 1 6 7 1 6 7 1 6 7 1
6 4 5 6 4 5 6 4 5 6 4 5 6 4 5 6 4 5 6 4 5 6 4 5 6 4 5 6 4 5 6 4 5 6 4 5
1 6 3 1 6 3 1 6 3 1 6 3 1 6 3 1 6 3 1 6 3 1 6 3 1 6 3 1 6 3 1 6 3 1 6 3
9 3 2 9 3 2 9 3 2 9 3 2 9 3 2 9 3 2 9 3 2 9 3 2 9 3 2 9 3 2 9 3 2 9 3 2
7 4 3 7 4 3 7 4 3 7 4 3 7 4 3 7 4 3 7 4 3 7 4 3 7 4 3 7 4 3 7 4 3 7 4 3
8 6 2 8 6 2 8 6 2 8 6 2 8 6 2 8 6 2 8 6 2 8 6 2 8 6 2 8 6 2 8 6 2 8 6 2
4 3 2 4 3 2 4 3 2 4 3 2 4 3 2 4 3 2 4 3 2 4 3 2 4 3 2 4 3 2 4 3 2 4 3 2
3 1 3 3 1 3 3 1 3 3 1 3 3 1 3 3 1 3 3 1 3 3 1 3 3 1 3 3 1 3 3 1 3 3 1 3
2 2 3 2 2 3 2 2 3 2 2 3 2 2 3 2 2 3 2 2 3 2 2 3 2 2 3 2 2 3 2 2 3 2 2 3
9 5 5 9 5 5 9 5 5 9 5 5 9 5 5 9 5 5 9 5 5 9 5 5 9 5 5 9 5 5 9 5 5 9 5 5
2 2 9 2 2 9 2 2 9 2 2 9 2 2 9 2 2 9 2 2 9 2 2 9 2 2 9 2 2 9 2 2 9 2 2 9
3 5 3 3 5 3 3 5 3 3 5 3 3 5 3 3 5 3 3 5 3 3 5 3 3 5 3 3 5 3 3 5 3 3 5 3
7 3 6 7 3 6 7 3 6 7 3 6 7 3 6 7 3 6 7 3 6 7 3 6 7 3 6 7 3 6 7 3 6 7 3 6
7 2 8 7 2 8 7 2 8 7 2 8 7 2 8 7 2 8 7 2 8 7 2 8 7 2 8 7 2 8 7 2 8 7 2 8
9 7 9 9 7 9 9 7 9 9 7 9 9 7 9 9 7 9 9 7 9 9 7 9 9 7 9 9 7 9 9 7 9 9 7 9
9 5 5 9 5 5 9 5 5 9 5 5 9 5 5 9 5 5 9 5 5 9 5 5 9 5 5 9 5 5 9 5 5 9 5 5
1 8 7 1 8 7 1 8 7 1 8 7 1 8 7 1 8 7 1 8 7 1 8 7 1 8 7 1 8 7 1 8 7 1 8 7
1 1 6 1 1 6 1 1 6 1 1 6 1 1 6 1 1 6 1 1 6 1 1 6 1 1 6 1 1 6 1 1 6 1 1 6
3 1 5 3 1 5 3 1 5 3 1 5 3 1 5 3 1 5 3 1 5 3 1 5 3 1 5 3 1 5 3 1 5 3 1 5
3 9 7 3 9 7 3 9 7 3 9 7 3 9 7 3 9 7 3 9 7 3 9 7 3 9 7 3 9 7 3 9 7 3 9 7
5 2 8 5 2 8 5 2 8 5 2 8 5 2 8 5 2 8 5 2 8 5 2 8 5 2 8 5 2 8 5 2 8 5 2 8
4 2 3 4 2 3 4 2 3 4 2 3 4 2 3 4 2 3 4 2 3 4 2 3 4 2 3 4 2 3 4 2 3 4 2 3
4 6 5 4 6 5 4 6 5 4 6 5 4 6 5 4 6 5 4 6 5 4 6 5 4 6 5 4 6 5 4 6 5 4 6 5
1 1 1 1 1 1 1 1 1 1 1 1 1 1 1 1 1 1 1 1 1 1 1 1 1 1 1 1 1 1 1 1 1 1 1 1
6 4 3 6 4 3 6 4 3 6 4 3 6 4 3 6 4 3 6 4 3 6 4 3 6 4 3 6 4 3 6 4 3 6 4 3
6 7 1 6 7 1 6 7 1 6 7 1 6 7 1 6 7 1 6 7 1 6 7 1 6 7 1 6 7 1 6 7 1 6 7 1
6 4 5 6 4 5 6 4 5 6 4 5 6 4 5 6 4 5 6 4 5 6 4 5 6 4 5 6 4 5 6 4 5 6 4 5
1 6 3 1 6 3 1 6 3 1 6 3 1 6 3 1 6 3 1 6 3 1 6 3 1 6 3 1 6 3 1 6 3 1 6 3
9 3 2 9 3 2 9 3 2 9 3 2 9 3 2 9 3 2 9 3 2 9 3 2 9 3 2 9 3 2 9 3 2 9 3 2
7 4 3 7 4 3 7 4 3 7 4 3 7 4 3 7 4 3 7 4 3 7 4 3 7 4 3 7 4 3 7 4 3 7 4 3
8 6 2 8 6 2 8 6 2 8 6 2 8 6 2 8 6 2 8 6 2 8 6 2 8 6 2 8 6 2 8 6 2 8 6 2
4 3 2 4 3 2 4 3 2 4 3 2 4 3 2 4 3 2 4 3 2 4 3 2 4 3 2 4 3 2 4 3 2 4 3 2
3 1 3 3 1 3 3 1 3 3 1 3 3 1 3 3 1 3 3 1 3 3 1 3 3 1 3 3 1 3 3 1 3 3 1 3
2 2 3 2 2 3 2 2 3 2 2 3 2 2 3 2 2 3 2 2 3 2 2 3 2 2 3 2 2 3 2 2 3 2 2 3
9 5 5 9 5 5 9 5 5 9 5 5 9 5 5 9 5 5 9 5 5 9 5 5 9 5 5 9 5 5 9 5 5 9 5 5
2 2 9 2 2 9 2 2 9 2 2 9 2 2 9 2 2 9 2 2 9 2 2 9 2 2 9 2 2 9 2 2 9 2 2 9
3 5 3 3 5 3 3 5 3 3 5 3 3 5 3 3 5 3 3 5 3 3 5 3 3 5 3 3 5 3 3 5 3 3 5 3
7 3 6 7 3 6 7 3 6 7 3 6 7 3 6 7 3 6 7 3 6 7 3 6 7 3 6 7 3 6 7 3 6 7 3 6
7 2 8 7 2 8 7 2 8 7 2 8 7 2 8 7 2 8 7 2 8 7 2 8 7 2 8 7 2 8 7 2 8 7 2 8
9 7 9 9 7 9 9 7 9 9 7 9 9 7 9 9 7 9 9 7 9 9 7 9 9 7 9 9 7 9 9 7 9 9 7 9
9 5 5 9 5 5 9 5 5 9 5 5 9 5 5 9 5 5 9 5 5 9 5 5 9 5 5 9 5 5 9 5 5 9 5 5
1 8 7 1 8 7 1 8 7 1 8 7 1 8 7 1 8 7 1 8 7 1 8 7 1 8 7 1 8 7 1 8 7 1 8 7
1 1 6 1 1 6 1 1 6 1 1 6 1 1 6 1 1 6 1 1 6 1 1 6 1 1 6 1 1 6 1 1 6 1 1 6
3 1 5 3 1 5 3 1 5 3 1 5 3 1 5 3 1 5 3 1 5 3 1 5 3 1 5 3 1 5 3 1 5 3 1 5
3 9 7 3 9 7 3 9 7 3 9 7 3 9 7 3 9 7 3 9 7 3 9 7 3 9 7 3 9 7 3 9 7 3 9 7
5 2 8 5 2 8 5 2 8 5 2 8 5 2 8 5 2 8 5 2 8 5 2 8 5 2 8 5 2 8 5 2 8 5 2 8
4 2 3 4 2 3 4 2 3 4 2 3 4 2 3 4 2 3 4 2 3 4 2 3 4 2 3 4 2 3 4 2 3 4 2 3
4 6 5 4 6 5 4 6 5 4 6 5 4 6 5 4 6 5 4 6 5 4 6 5 4 6 5 4 6 5 4 6 5 4 6 5
1 1 1 1 1 1 1 1 1 1 1 1 1 1 1 1 1 1 1 1 1 1 1 1 1 1 1 1 1 1 1 1 1 1 1 1
6 4 3 6 4 3 6 4 3 6 4 3 6 4 3 6 4 3 6 4 3 6 4 3 6 4 3 6 4 3 6 4 3 6 4 3
6 7 1 6 7 1 6 7 1 6 7 1 6 7 1 6 7 1 6 7 1 6 7 1 6 7 1 6 7 1 6 7 1 6 7 1
6 4 5 6 4 5 6 4 5 6 4 5 6 4 5 6 4 5 6 4 5 6 4 5 6 4 5 6 4 5 6 4 5 6 4 5
1 6 3 1 6 3 1 6 3 1 6 3 1 6 3 1 6 3 1 6 3 1 6 3 1 6 3 1 6 3 1 6 3 1 6 3
9 3 2 9 3 2 9 3 2 9 3 2 9 3 2 9 3 2 9 3 2 9 3 2 9 3 2 9 3 2 9 3 2 9 3 2
7 4 3 7 4 3 7 4 3 7 4 3 7 4 3 7 4 3 7 4 3 7 4 3 7 4 3 7 4 3 7 4 3 7 4 3
8 6 2 8 6 2 8 6 2 8 6 2 8 6 2 8 6 2 8 6 2 8 6 2 8 6 2 8 6 2 8 6 2 8 6 2
4 3 2 4 3 2 4 3 2 4 3 2 4 3 2 4 3 2 4 3 2 4 3 2 4 3 2 4 3 2 4 3 2 4 3 2
3 1 3 3 1 3 3 1 3 3 1 3 3 1 3 3 1 3 3 1 3 3 1 3 3 1 3 3 1 3 3 1 3 3 1 3
2 2 3 2 2 3 2 2 3 2 2 3 2 2 3 2 2 3 2 2 3 2 2 3 2 2 3 2 2 3 2 2 3 2 2 3
9 5 5 9 5 5 9 5 5 9 5 5 9 5 5 9 5 5 9 5 5 9 5 5 9 5 5 9 5 5 9 5 5 9 5 5
2 2 9 2 2 9 2 2 9 2 2 9 2 2 9 2 2 9 2 2 9 2 2 9 2 2 9 2 2 9 2 2 9 2 2 9
3 5 3 3 5 3 3 5 3 3 5 3 3 5 3 3 5 3 3 5 3 3 5 3 3 5 3 3 5 3 3 5 3 3 5 3
7 3 6 7 3 6 7 3 6 7 3 6 7 3 6 7 3 6 7 3 6 7 3 6 7 3 6 7 3 6 7 3 6 7 3 6
7 2 8 7 2 8 7 2 8 7 2 8 7 2 8 7 2 8 7 2 8 7 2 8 7 2 8 7 2 8 7 2 8 7 2 8
9 7 9 9 7 9 9 7 9 9 7 9 9 7 9 9 7 9 9 7 9 9 7 9 9 7 9 9 7 9 9 7 9 9 7 9
9 5 5 9 5 5 9 5 5 9 5 5 9 5 5 9 5 5 9 5 5 9 5 5 9 5 5 9 5 5 9 5 5 9 5 5
1 8 7 1 8 7 1 8 7 1 8 7 1 8 7 1 8 7 1 8 7 1 8 7 1 8 7 1 8 7 1 8 7 1 8 7
1 1 6 1 1 6 1 1 6 1 1 6 1 1 6 1 1 6 1 1 6 1 1 6 1 1 6 1 1 6 1 1 6 1 1 6
3 1 5 3 1 5 3 1 5 3 1 5 3 1 5 3 1 5 3 1 5 3 1 5 3 1 5 3 1 5 3 1 5 3 1 5
3 9 7 3 9 7 3 9 7 3 9 7 3 9 7 3 9 7 3 9 7 3 9 7 3 9 7 3 9 7 3 9 7 3 9 7
5 2 8 5 2 8 5 2 8 5 2 8 5 2 8 5 2 8 5 2 8 5 2 8 5 2 8 5 2 8 5 2 8 5 2 8
4 2 3 4 2 3 4 2 3 4 2 3 4 2 3 4 2 3 4 2 3 4 2 3 4 2 3 4 2 3 4 2 3 4 2 3
4 6 5 4 6 5 4 6 5 4 6 5 4 6 5 4 6 5 4 6 5 4 6 5 4 6 5 4 6 5 4 6 5 4 6 5
1 1 1 1 1 1 1 1 1 1 1 1 1 1 1 1 1 1 1 1 1 1 1 1 1 1 1 1 1 1 1 1 1 1 1 1
6 4 3 6 4 3 6 4 3 6 4 3 6 4 3 6 4 3 6 4 3 6 4 3 6 4 3 6 4 3 6 4 3 6 4 3
6 7 1 6 7 1 6 7 1 6 7 1 6 7 1 6 7 1 6 7 1 6 7 1 6 7 1 6 7 1 6 7 1 6 7 1
6 4 5 6 4 5 6 4 5 6 4 5 6 4 5 6 4 5 6 4 5 6 4 5 6 4 5 6 4 5 6 4 5 6 4 5
1 6 3 1 6 3 1 6 3 1 6 3 1 6 3 1 6 3 1 6 3 1 6 3 1 6 3 1 6 3 1 6 3 1 6 3
9 3 2 9 3 2 9 3 2 9 3 2 9 3 2 9 3 2 9 3 2 9 3 2 9 3 2 9 3 2 9 3 2 9 3 2
7 4 3 7 4 3 7 4 3 7 4 3 7 4 3 7 4 3 7 4 3 7 4 3 7 4 3 7 4 3 7 4 3 7 4 3
8 6 2 8 6 2 8 6 2 8 6 2 8 6 2 8 6 2 8 6 2 8 6 2 8 6 2 8 6 2 8 6 2 8 6 2
4 3 2 4 3 2 4 3 2 4 3 2 4 3 2 4 3 2 4 3 2 4 3 2 4 3 2 4 3 2 4 3 2 4 3 2
3 1 3 3 1 3 3 1 3 3 1 3 3 1 3 3 1 3 3 1 3 3 1 3 3 1 3 3 1 3 3 1 3 3 1 3
2 2 3 2 2 3 2 2 3 2 2 3 2 2 3 2 2 3 2 2 3 2 2 3 2 2 3 2 2 3 2 2 3 2 2 3
9 5 5 9 5 5 9 5 5 9 5 5 9 5 5 9 5 5 9 5 5 9 5 5 9 5 5 9 5 5 9 5 5 9 5 5
2 2 9 2 2 9 2 2 9 2 2 9 2 2 9 2 2 9 2 2 9 2 2 9 2 2 9 2 2 9 2 2 9 2 2 9
3 5 3 3 5 3 3 5 3 3 5 3 3 5 3 3 5 3 3 5 3 3 5 3 3 5 3 3 5 3 3 5 3 3 5 3
7 3 6 7 3 6 7 3 6 7 3 6 7 3 6 7 3 6 7 3 6 7 3 6 7 3 6 7 3 6 7 3 6 7 3 6
7 2 8 7 2 8 7 2 8 7 2 8 7 2 8 7 2 8 7 2 8 7 2 8 7 2 8 7 2 8 7 2 8 7 2 8
9 7 9 9 7 9 9 7 9 9 7 9 9 7 9 9 7 9 9 7 9 9 7 9 9 7 9 9 7 9 9 7 9 9 7 9
9 5 5 9 5 5 9 5 5 9 5 5 9 5 5 9 5 5 9 5 5 9 5 5 9 5 5 9 5 5 9 5 5 9 5 5
1 8 7 1 8 7 1 8 7 1 8 7 1 8 7 1 8 7 1 8 7 1 8 7 1 8 7 1 8 7 1 8 7 1 8 7
1 1 6 1 1 6 1 1 6 1 1 6 1 1 6 1 1 6 1 1 6 1 1 6 1 1 6 1 1 6 1 1 6 1 1 6
3 1 5 3 1 5 3 1 5 3 1 5 3 1 5 3 1 5 3 1 5 3 1 5 3 1 5 3 1 5 3 1 5 3 1 5
3 9 7 3 9 7 3 9 7 3 9 7 3 9 7 3 9 7 3 9 7 3 9 7 3 9 7 3 9 7 3 9 7 3 9 7
5 2 8 5 2 8 5 2 8 5 2 8 5 2 8 5 2 8 5 2 8 5 2 8 5 2 8 5 2 8 5 2 8 5 2 8
4 2 3 4 2 3 4 2 3 4 2 3 4 2 3 4 2 3 4 2 3 4 2 3 4 2 3 4 2 3 4 2 3 4 2 3
4 6 5 4 6 5 4 6 5 4 6 5 4 6 5 4 6 5 4 6 5 4 6 5 4 6 5 4 6 5 4 6 5 4 6 5
1 1 1 1 1 1 1 1 1 1 1 1 1 1 1 1 1 1 1 1 1 1 1 1 1 1 1 1 1 1 1 1 1 1 1 1
6 4 3 6 4 3 6 4 3 6 4 3 6 4 3 6 4 3 6 4 3 6 4 3 6 4 3 6 4 3 6 4 3 6 4 3
6 7 1 6 7 1 6 7 1 6 7 1 6 7 1 6 7 1 6 7 1 6 7 1 6 7 1 6 7 1 6 7 1 6 7 1
6 4 5 6 4 5 6 4 5 6 4 5 6 4 5 6 4 5 6 4 5 6 4 5 6 4 5 6 4 5 6 4 5 6 4 5
1 6 3 1 6 3 1 6 3 1 6 3 1 6 3 1 6 3 1 6 3 1 6 3 1 6 3 1 6 3 1 6 3 1 6 3
9 3 2 9 3 2 9 3 2 9 3 2 9 3 2 9 3 2 9 3 2 9 3 2 9 3 2 9 3 2 9 3 2 9 3 2
7 4 3 7 4 3 7 4 3 7 4 3 7 4 3 7 4 3 7 4 3 7 4 3 7 4 3 7 4 3 7 4 3 7 4 3
8 6 2 8 6 2 8 6 2 8 6 2 8 6 2 8 6 2 8 6 2 8 6 2 8 6 2 8 6 2 8 6 2 8 6 2
4 3 2 4 3 2 4 3 2 4 3 2 4 3 2 4 3 2 4 3 2 4 3 2 4 3 2 4 3 2 4 3 2 4 3 2
3 1 3 3 1 3 3 1 3 3 1 3 3 1 3 3 1 3 3 1 3 3 1 3 3 1 3 3 1 3 3 1 3 3 1 3
2 2 3 2 2 3 2 2 3 2 2 3 2 2 3 2 2 3 2 2 3 2 2 3 2 2 3 2 2 3 2 2 3 2 2 3
9 5 5 9 5 5 9 5 5 9 5 5 9 5 5 9 5 5 9 5 5 9 5 5 9 5 5 9 5 5 9 5 5 9 5 5
2 2 9 2 2 9 2 2 9 2 2 9 2 2 9 2 2 9 2 2 9 2 2 9 2 2 9 2 2 9 2 2 9 2 2 9
3 5 3 3 5 3 3 5 3 3 5 3 3 5 3 3 5 3 3 5 3 3 5 3 3 5 3 3 5 3 3 5 3 3 5 3
7 3 6 7 3 6 7 3 6 7 3 6 7 3 6 7 3 6 7 3 6 7 3 6 7 3 6 7 3 6 7 3 6 7 3 6
7 2 8 7 2 8 7 2 8 7 2 8 7 2 8 7 2 8 7 2 8 7 2 8 7 2 8 7 2 8 7 2 8 7 2 8
9 7 9 9 7 9 9 7 9 9 7 9 9 7 9 9 7 9 9 7 9 9 7 9 9 7 9 9 7 9 9 7 9 9 7 9
9 5 5 9 5 5 9 5 5 9 5 5 9 5 5 9 5 5 9 5 5 9 5 5 9 5 5 9 5 5 9 5 5 9 5 5
1 8 7 1 8 7 1 8 7 1 8 7 1 8 7 1 8 7 1 8 7 1 8 7 1 8 7 1 8 7 1 8 7 1 8 7
1 1 6 1 1 6 1 1 6 1 1 6 1 1 6 1 1 6 1 1 6 1 1 6 1 1 6 1 1 6 1 1 6 1 1 6
3 1 5 3 1 5 3 1 5 3 1 5 3 1 5 3 1 5 3 1 5 3 1 5 3 1 5 3 1 5 3 1 5 3 1 5
3 9 7 3 9 7 3 9 7 3 9 7 3 9 7 3 9 7 3 9 7 3 9 7 3 9 7 3 9 7 3 9 7 3 9 7
5 2 8 5 2 8 5 2 8 5 2 8 5 2 8 5 2 8 5 2 8 5 2 8 5 2 8 5 2 8 5 2 8 5 2 8
4 2 3 4 2 3 4 2 3 4 2 3 4 2 3 4 2 3 4 2 3 4 2 3 4 2 3 4 2 3 4 2 3 4 2 3
4 6 5 4 6 5 4 6 5 4 6 5 4 6 5 4 6 5 4 6 5 4 6 5 4 6 5 4 6 5 4 6 5 4 6 5
1 1 1 1 1 1 1 1 1 1 1 1 1 1 1 1 1 1 1 1 1 1 1 1 1 1 1 1 1 1 1 1 1 1 1 1
6 4 3 6 4 3 6 4 3 6 4 3 6 4 3 6 4 3 6 4 3 6 4 3 6 4 3 6 4 3 6 4 3 6 4 3
6 7 1 6 7 1 6 7 1 6 7 1 6 7 1 6 7 1 6 7 1 6 7 1 6 7 1 6 7 1 6 7 1 6 7 1
6 4 5 6 4 5 6 4 5 6 4 5 6 4 5 6 4 5 6 4 5 6 4 5 6 4 5 6 4 5 6 4 5 6 4 5
1 6 3 1 6 3 1 6 3 1 6 3 1 6 3 1 6 3 1 6 3 1 6 3 1 6 3 1 6 3 1 6 3 1 6 3
9 3 2 9 3 2 9 3 2 9 3 2 9 3 2 9 3 2 9 3 2 9 3 2 9 3 2 9 3 2 9 3 2 9 3 2
7 4 3 7 4 3 7 4 3 7 4 3 7 4 3 7 4 3 7 4 3 7 4 3 7 4 3 7 4 3 7 4 3 7 4 3
8 6 2 8 6 2 8 6 2 8 6 2 8 6 2 8 6 2 8 6 2 8 6 2 8 6 2 8 6 2 8 6 2 8 6 2
4 3 2 4 3 2 4 3 2 4 3 2 4 3 2 4 3 2 4 3 2 4 3 2 4 3 2 4 3 2 4 3 2 4 3 2
3 1 3 3 1 3 3 1 3 3 1 3 3 1 3 3 1 3 3 1 3 3 1 3 3 1 3 3 1 3 3 1 3 3 1 3
2 2 3 2 2 3 2 2 3 2 2 3 2 2 3 2 2 3 2 2 3 2 2 3 2 2 3 2 2 3 2 2 3 2 2 3
9 5 5 9 5 5 9 5 5 9 5 5 9 5 5 9 5 5 9 5 5 9 5 5 9 5 5 9 5 5 9 5 5 9 5 5
2 2 9 2 2 9 2 2 9 2 2 9 2 2 9 2 2 9 2 2 9 2 2 9 2 2 9 2 2 9 2 2 9 2 2 9
3 5 3 3 5 3 3 5 3 3 5 3 3 5 3 3 5 3 3 5 3 3 5 3 3 5 3 3 5 3 3 5 3 3 5 3
7 3 6 7 3 6 7 3 6 7 3 6 7 3 6 7 3 6 7 3 6 7 3 6 7 3 6 7 3 6 7 3 6 7 3 6
7 2 8 7 2 8 7 2 8 7 2 8 7 2 8 7 2 8 7 2 8 7 2 8 7 2 8 7 2 8 7 2 8 7 2 8
9 7 9 9 7 9 9 7 9 9 7 9 9 7 9 9 7 9 9 7 9 9 7 9 9 7 9 9 7 9 9 7 9 9 7 9
9 5 5 9 5 5 9 5 5 9 5 5 9 5 5 9 5 5 9 5 5 9 5 5 9 5 5 9 5 5 9 5 5 9 5 5
1 8 7 1 8 7 1 8 7 1 8 7 1 8 7 1 8 7 1 8 7 1 8 7 1 8 7 1 8 7 1 8 7 1 8 7
1 1 6 1 1 6 1 1 6 1 1 6 1 1 6 1 1 6 1 1 6 1 1 6 1 1 6 1 1 6 1 1 6 1 1 6
3 1 5 3 1 5 3 1 5 3 1 5 3 1 5 3 1 5 3 1 5 3 1 5 3 1 5 3 1 5 3 1 5 3 1 5
3 9 7 3 9 7 3 9 7 3 9 7 3 9 7 3 9 7 3 9 7 3 9 7 3 9 7 3 9 7 3 9 7 3 9 7
5 2 8 5 2 8 5 2 8 5 2 8 5 2 8 5 2 8 5 2 8 5 2 8 5 2 8 5 2 8 5 2 8 5 2 8
4 2 3 4 2 3 4 2 3 4 2 3 4 2 3 4 2 3 4 2 3 4 2 3 4 2 3 4 2 3 4 2 3 4 2 3
4 6 5 4 6 5 4 6 5 4 6 5 4 6 5 4 6 5 4 6 5 4 6 5 4 6 5 4 6 5 4 6 5 4 6 5
1 1 1 1 1 1 1 1 1 1 1 1 1 1 1 1 1 1 1 1 1 1 1 1 1 1 1 1 1 1 1 1 1 1 1 1
6 4 3 6 4 3 6 4 3 6 4 3 6 4 3 6 4 3 6 4 3 6 4 3 6 4 3 6 4 3 6 4 3 6 4 3
6 7 1 6 7 1 6 7 1 6 7 1 6 7 1 6 7 1 6 7 1 6 7 1 6 7 1 6 7 1 6 7 1 6 7 1
6 4 5 6 4 5 6 4 5 6 4 5 6 4 5 6 4 5 6 4 5 6 4 5 6 4 5 6 4 5 6 4 5 6 4 5
1 6 3 1 6 3 1 6 3 1 6 3 1 6 3 1 6 3 1 6 3 1 6 3 1 6 3 1 6 3 1 6 3 1 6 3
9 3 2 9 3 2 9 3 2 9 3 2 9 3 2 9 3 2 9 3 2 9 3 2 9 3 2 9 3 2 9 3 2 9 3 2
7 4 3 7 4 3 7 4 3 7 4 3 7 4 3 7 4 3 7 4 3 7 4 3 7 4 3 7 4 3 7 4 3 7 4 3
8 6 2 8 6 2 8 6 2 8 6 2 8 6 2 8 6 2 8 6 2 8 6 2 8 6 2 8 6 2 8 6 2 8 6 2
4 3 2 4 3 2 4 3 2 4 3 2 4 3 2 4 3 2 4 3 2 4 3 2 4 3 2 4 3 2 4 3 2 4 3 2
3 1 3 3 1 3 3 1 3 3 1 3 3 1 3 3 1 3 3 1 3 3 1 3 3 1 3 3 1 3 3 1 3 3 1 3
2 2 3 2 2 3 2 2 3 2 2 3 2 2 3 2 2 3 2 2 3 2 2 3 2 2 3 2 2 3 2 2 3 2 2 3
9 5 5 9 5 5 9 5 5 9 5 5 9 5 5 9 5 5 9 5 5 9 5 5 9 5 5 9 5 5 9 5 5 9 5 5
2 2 9 2 2 9 2 2 9 2 2 9 2 2 9 2 2 9 2 2 9 2 2 9 2 2 9 2 2 9 2 2 9 2 2 9
3 5 3 3 5 3 3 5 3 3 5 3 3 5 3 3 5 3 3 5 3 3 5 3 3 5 3 3 5 3 3 5 3 3 5 3
7 3 6 7 3 6 7 3 6 7 3 6 7 3 6 7 3 6 7 3 6 7 3 6 7 3 6 7 3 6 7 3 6 7 3 6
7 2 8 7 2 8 7 2 8 7 2 8 7 2 8 7 2 8 7 2 8 7 2 8 7 2 8 7 2 8 7 2 8 7 2 8
9 7 9 9 7 9 9 7 9 9 7 9 9 7 9 9 7 9 9 7 9 9 7 9 9 7 9 9 7 9 9 7 9 9 7 9
9 5 5 9 5 5 9 5 5 9 5 5 9 5 5 9 5 5 9 5 5 9 5 5 9 5 5 9 5 5 9 5 5 9 5 5
1 8 7 1 8 7 1 8 7 1 8 7 1 8 7 1 8 7 1 8 7 1 8 7 1 8 7 1 8 7 1 8 7 1 8 7
1 1 6 1 1 6 1 1 6 1 1 6 1 1 6 1 1 6 1 1 6 1 1 6 1 1 6 1 1 6 1 1 6 1 1 6
3 1 5 3 1 5 3 1 5 3 1 5 3 1 5 3 1 5 3 1 5 3 1 5 3 1 5 3 1 5 3 1 5 3 1 5
3 9 7 3 9 7 3 9 7 3 9 7 3 9 7 3 9 7 3 9 7 3 9 7 3 9 7 3 9 7 3 9 7 3 9 7
5 2 8 5 2 8 5 2 8 5 2 8 5 2 8 5 2 8 5 2 8 5 2 8 5 2 8 5 2 8 5 2 8 5 2 8
4 2 3 4 2 3 4 2 3 4 2 3 4 2 3 4 2 3 4 2 3 4 2 3 4 2 3 4 2 3 4 2 3 4 2 3
4 6 5 4 6 5 4 6 5 4 6 5 4 6 5 4 6 5 4 6 5 4 6 5 4 6 5 4 6 5 4 6 5 4 6 5
1 1 1 1 1 1 1 1 1 1 1 1 1 1 1 1 1 1 1 1 1 1 1 1 1 1 1 1 1 1 1 1 1 1 1 1
6 4 3 6 4 3 6 4 3 6 4 3 6 4 3 6 4 3 6 4 3 6 4 3 6 4 3 6 4 3 6 4 3 6 4 3
6 7 1 6 7 1 6 7 1 6 7 1 6 7 1 6 7 1 6 7 1 6 7 1 6 7 1 6 7 1 6 7 1 6 7 1
6 4 5 6 4 5 6 4 5 6 4 5 6 4 5 6 4 5 6 4 5 6 4 5 6 4 5 6 4 5 6 4 5 6 4 5
1 6 3 1 6 3 1 6 3 1 6 3 1 6 3 1 6 3 1 6 3 1 6 3 1 6 3 1 6 3 1 6 3 1 6 3
9 3 2 9 3 2 9 3 2 9 3 2 9 3 2 9 3 2 9 3 2 9 3 2 9 3 2 9 3 2 9 3 2 9 3 2
7 4 3 7 4 3 7 4 3 7 4 3 7 4 3 7 4 3 7 4 3 7 4 3 7 4 3 7 4 3 7 4 3 7 4 3
8 6 2 8 6 2 8 6 2 8 6 2 8 6 2 8 6 2 8 6 2 8 6 2 8 6 2 8 6 2 8 6 2 8 6 2
4 3 2 4 3 2 4 3 2 4 3 2 4 3 2 4 3 2 4 3 2 4 3 2 4 3 2 4 3 2 4 3 2 4 3 2
3 1 3 3 1 3 3 1 3 3 1 3 3 1 3 3 1 3 3 1 3 3 1 3 3 1 3 3 1 3 3 1 3 3 1 3
2 2 3 2 2 3 2 2 3 2 2 3 2 2 3 2 2 3 2 2 3 2 2 3 2 2 3 2 2 3 2 2 3 2 2 3
9 5 5 9 5 5 9 5 5 9 5 5 9 5 5 9 5 5 9 5 5 9 5 5 9 5 5 9 5 5 9 5 5 9 5 5
2 2 9 2 2 9 2 2 9 2 2 9 2 2 9 2 2 9 2 2 9 2 2 9 2 2 9 2 2 9 2 2 9 2 2 9
3 5 3 3 5 3 3 5 3 3 5 3 3 5 3 3 5 3 3 5 3 3 5 3 3 5 3 3 5 3 3 5 3 3 5 3
7 3 6 7 3 6 7 3 6 7 3 6 7 3 6 7 3 6 7 3 6 7 3 6 7 3 6 7 3 6 7 3 6 7 3 6
7 2 8 7 2 8 7 2 8 7 2 8 7 2 8 7 2 8 7 2 8 7 2 8 7 2 8 7 2 8 7 2 8 7 2 8
9 7 9 9 7 9 9 7 9 9 7 9 9 7 9 9 7 9 9 7 9 9 7 9 9 7 9 9 7 9 9 7 9 9 7 9
9 5 5 9 5 5 9 5 5 9 5 5 9 5 5 9 5 5 9 5 5 9 5 5 9 5 5 9 5 5 9 5 5 9 5 5
1 8 7 1 8 7 1 8 7 1 8 7 1 8 7 1 8 7 1 8 7 1 8 7 1 8 7 1 8 7 1 8 7 1 8 7
1 1 6 1 1 6 1 1 6 1 1 6 1 1 6 1 1 6 1 1 6 1 1 6 1 1 6 1 1 6 1 1 6 1 1 6
3 1 5 3 1 5 3 1 5 3 1 5 3 1 5 3 1 5 3 1 5 3 1 5 3 1 5 3 1 5 3 1 5 3 1 5
3 9 7 3 9 7 3 9 7 3 9 7 3 9 7 3 9 7 3 9 7 3 9 7 3 9 7 3 9 7 3 9 7 3 9 7
5 2 8 5 2 8 5 2 8 5 2 8 5 2 8 5 2 8 5 2 8 5 2 8 5 2 8 5 2 8 5 2 8 5 2 8
4 2 3 4 2 3 4 2 3 4 2 3 4 2 3 4 2 3 4 2 3 4 2 3 4 2 3 4 2 3 4 2 3 4 2 3
4 6 5 4 6 5 4 6 5 4 6 5 4 6 5 4 6 5 4 6 5 4 6 5 4 6 5 4 6 5 4 6 5 4 6 5
1 1 1 1 1 1 1 1 1 1 1 1 1 1 1 1 1 1 1 1 1 1 1 1 1 1 1 1 1 1 1 1 1 1 1 1
6 4 3 6 4 3 6 4 3 6 4 3 6 4 3 6 4 3 6 4 3 6 4 3 6 4 3 6 4 3 6 4 3 6 4 3
6 7 1 6 7 1 6 7 1 6 7 1 6 7 1 6 7 1 6 7 1 6 7 1 6 7 1 6 7 1 6 7 1 6 7 1
6 4 5 6 4 5 6 4 5 6 4 5 6 4 5 6 4 5 6 4 5 6 4 5 6 4 5 6 4 5 6 4 5 6 4 5
1 6 3 1 6 3 1 6 3 1 6 3 1 6 3 1 6 3 1 6 3 1 6 3 1 6 3 1 6 3 1 6 3 1 6 3
9 3 2 9 3 2 9 3 2 9 3 2 9 3 2 9 3 2 9 3 2 9 3 2 9 3 2 9 3 2 9 3 2 9 3 2
7 4 3 7 4 3 7 4 3 7 4 3 7 4 3 7 4 3 7 4 3 7 4 3 7 4 3 7 4 3 7 4 3 7 4 3
8 6 2 8 6 2 8 6 2 8 6 2 8 6 2 8 6 2 8 6 2 8 6 2 8 6 2 8 6 2 8 6 2 8 6 2
4 3 2 4 3 2 4 3 2 4 3 2 4 3 2 4 3 2 4 3 2 4 3 2 4 3 2 4 3 2 4 3 2 4 3 2
3 1 3 3 1 3 3 1 3 3 1 3 3 1 3 3 1 3 3 1 3 3 1 3 3 1 3 3 1 3 3 1 3 3 1 3
2 2 3 2 2 3 2 2 3 2 2 3 2 2 3 2 2 3 2 2 3 2 2 3 2 2 3 2 2 3 2 2 3 2 2 3
9 5 5 9 5 5 9 5 5 9 5 5 9 5 5 9 5 5 9 5 5 9 5 5 9 5 5 9 5 5 9 5 5 9 5 5
2 2 9 2 2 9 2 2 9 2 2 9 2 2 9 2 2 9 2 2 9 2 2 9 2 2 9 2 2 9 2 2 9 2 2 9
3 5 3 3 5 3 3 5 3 3 5 3 3 5 3 3 5 3 3 5 3 3 5 3 3 5 3 3 5 3 3 5 3 3 5 3
7 3 6 7 3 6 7 3 6 7 3 6 7 3 6 7 3 6 7 3 6 7 3 6 7 3 6 7 3 6 7 3 6 7 3 6
7 2 8 7 2 8 7 2 8 7 2 8 7 2 8 7 2 8 7 2 8 7 2 8 7 2 8 7 2 8 7 2 8 7 2 8
9 7 9 9 7 9 9 7 9 9 7 9 9 7 9 9 7 9 9 7 9 9 7 9 9 7 9 9 7 9 9 7 9 9 7 9
9 5 5 9 5 5 9 5 5 9 5 5 9 5 5 9 5 5 9 5 5 9 5 5 9 5 5 9 5 5 9 5 5 9 5 5
1 8 7 1 8 7 1 8 7 1 8 7 1 8 7 1 8 7 1 8 7 1 8 7 1 8 7 1 8 7 1 8 7 1 8 7
1 1 6 1 1 6 1 1 6 1 1 6 1 1 6 1 1 6 1 1 6 1 1 6 1 1 6 1 1 6 1 1 6 1 1 6
3 1 5 3 1 5 3 1 5 3 1 5 3 1 5 3 1 5 3 1 5 3 1 5 3 1 5 3 1 5 3 1 5 3 1 5
3 9 7 3 9 7 3 9 7 3 9 7 3 9 7 3 9 7 3 9 7 3 9 7 3 9 7 3 9 7 3 9 7 3 9 7
5 2 8 5 2 8 5 2 8 5 2 8 5 2 8 5 2 8 5 2 8 5 2 8 5 2 8 5 2 8 5 2 8 5 2 8
4 2 3 4 2 3 4 2 3 4 2 3 4 2 3 4 2 3 4 2 3 4 2 3 4 2 3 4 2 3 4 2 3 4 2 3
4 6 5 4 6 5 4 6 5 4 6 5 4 6 5 4 6 5 4 6 5 4 6 5 4 6 5 4 6 5 4 6 5 4 6 5
