2 2 2 2 2 2
3 3 3 3 3 3
5 5 5 5 5 5
1 1 1 1 1 1
4 4 4 4 4 4
7 7 7 7 7 7
8 8 8 8 8 8
3 3 3 3 3 3
5 5 5 5 5 5
9 9 9 9 9 9
6 6 6 6 6 6
3 3 3 3 3 3
6 6 6 6 6 6
4 4 4 4 4 4
4 4 4 4 4 4
4 4 4 4 4 4
7 7 7 7 7 7
6 6 6 6 6 6
5 5 5 5 5 5
2 2 2 2 2 2
2 2 2 2 2 2
3 3 3 3 3 3
3 3 3 3 3 3
4 4 4 4 4 4
9 9 9 9 9 9
2 2 2 2 2 2
3 3 3 3 3 3
5 5 5 5 5 5
1 1 1 1 1 1
4 4 4 4 4 4
7 7 7 7 7 7
8 8 8 8 8 8
3 3 3 3 3 3
5 5 5 5 5 5
9 9 9 9 9 9
6 6 6 6 6 6
3 3 3 3 3 3
6 6 6 6 6 6
4 4 4 4 4 4
4 4 4 4 4 4
4 4 4 4 4 4
7 7 7 7 7 7
6 6 6 6 6 6
5 5 5 5 5 5
2 2 2 2 2 2
2 2 2 2 2 2
3 3 3 3 3 3
3 3 3 3 3 3
4 4 4 4 4 4
9 9 9 9 9 9
2 2 2 2 2 2
3 3 3 3 3 3
5 5 5 5 5 5
1 1 1 1 1 1
4 4 4 4 4 4
7 7 7 7 7 7
8 8 8 8 8 8
3 3 3 3 3 3
5 5 5 5 5 5
9 9 9 9 9 9
6 6 6 6 6 6
3 3 3 3 3 3
6 6 6 6 6 6
4 4 4 4 4 4
4 4 4 4 4 4
4 4 4 4 4 4
7 7 7 7 7 7
6 6 6 6 6 6
5 5 5 5 5 5
2 2 2 2 2 2
2 2 2 2 2 2
3 3 3 3 3 3
3 3 3 3 3 3
4 4 4 4 4 4
9 9 9 9 9 9
2 2 2 2 2 2
3 3 3 3 3 3
5 5 5 5 5 5
1 1 1 1 1 1
4 4 4 4 4 4
7 7 7 7 7 7
8 8 8 8 8 8
3 3 3 3 3 3
5 5 5 5 5 5
9 9 9 9 9 9
6 6 6 6 6 6
3 3 3 3 3 3
6 6 6 6 6 6
4 4 4 4 4 4
4 4 4 4 4 4
4 4 4 4 4 4
7 7 7 7 7 7
6 6 6 6 6 6
5 5 5 5 5 5
2 2 2 2 2 2
2 2 2 2 2 2
3 3 3 3 3 3
3 3 3 3 3 3
4 4 4 4 4 4
9 9 9 9 9 9
2 2 2 2 2 2
3 3 3 3 3 3
5 5 5 5 5 5
1 1 1 1 1 1
4 4 4 4 4 4
7 7 7 7 7 7
8 8 8 8 8 8
3 3 3 3 3 3
5 5 5 5 5 5
9 9 9 9 9 9
6 6 6 6 6 6
3 3 3 3 3 3
6 6 6 6 6 6
4 4 4 4 4 4
4 4 4 4 4 4
4 4 4 4 4 4
7 7 7 7 7 7
6 6 6 6 6 6
5 5 5 5 5 5
2 2 2 2 2 2
2 2 2 2 2 2
3 3 3 3 3 3
3 3 3 3 3 3
4 4 4 4 4 4
9 9 9 9 9 9
2 2 2 2 2 2
3 3 3 3 3 3
5 5 5 5 5 5
1 1 1 1 1 1
4 4 4 4 4 4
7 7 7 7 7 7
8 8 8 8 8 8
3 3 3 3 3 3
5 5 5 5 5 5
9 9 9 9 9 9
6 6 6 6 6 6
3 3 3 3 3 3
6 6 6 6 6 6
4 4 4 4 4 4
4 4 4 4 4 4
4 4 4 4 4 4
7 7 7 7 7 7
6 6 6 6 6 6
5 5 5 5 5 5
2 2 2 2 2 2
2 2 2 2 2 2
3 3 3 3 3 3
3 3 3 3 3 3
4 4 4 4 4 4
9 9 9 9 9 9
2 2 2 2 2 2
3 3 3 3 3 3
5 5 5 5 5 5
1 1 1 1 1 1
4 4 4 4 4 4
7 7 7 7 7 7
8 8 8 8 8 8
3 3 3 3 3 3
5 5 5 5 5 5
9 9 9 9 9 9
6 6 6 6 6 6
3 3 3 3 3 3
6 6 6 6 6 6
4 4 4 4 4 4
4 4 4 4 4 4
4 4 4 4 4 4
7 7 7 7 7 7
6 6 6 6 6 6
5 5 5 5 5 5
2 2 2 2 2 2
2 2 2 2 2 2
3 3 3 3 3 3
3 3 3 3 3 3
4 4 4 4 4 4
9 9 9 9 9 9
2 2 2 2 2 2
3 3 3 3 3 3
5 5 5 5 5 5
1 1 1 1 1 1
4 4 4 4 4 4
7 7 7 7 7 7
8 8 8 8 8 8
3 3 3 3 3 3
5 5 5 5 5 5
9 9 9 9 9 9
6 6 6 6 6 6
3 3 3 3 3 3
6 6 6 6 6 6
4 4 4 4 4 4
4 4 4 4 4 4
4 4 4 4 4 4
7 7 7 7 7 7
6 6 6 6 6 6
5 5 5 5 5 5
2 2 2 2 2 2
2 2 2 2 2 2
3 3 3 3 3 3
3 3 3 3 3 3
4 4 4 4 4 4
9 9 9 9 9 9
2 2 2 2 2 2
3 3 3 3 3 3
5 5 5 5 5 5
1 1 1 1 1 1
4 4 4 4 4 4
7 7 7 7 7 7
8 8 8 8 8 8
3 3 3 3 3 3
5 5 5 5 5 5
9 9 9 9 9 9
6 6 6 6 6 6
3 3 3 3 3 3
6 6 6 6 6 6
4 4 4 4 4 4
4 4 4 4 4 4
4 4 4 4 4 4
7 7 7 7 7 7
6 6 6 6 6 6
5 5 5 5 5 5
2 2 2 2 2 2
2 2 2 2 2 2
3 3 3 3 3 3
3 3 3 3 3 3
4 4 4 4 4 4
9 9 9 9 9 9
