7 1 7 7 9 7 1 7 7 9 7 1 7 7 9 7 1 7 7 9 7 1 7 7 9 7 1 7 7 9 7 1 7 7 9 7 1 7 7 9 7 1 7 7 9 7 1 7 7 9 7 1 7 7 9 7 1 7 7 9 7 1 7 7 9 7 1 7 7 9 7 1 7 7 9 7 1 7 7 9 7 1 7 7 9 7 1 7 7 9 7 1 7 7 9 7 1 7 7 9 7 1 7 7 9 7 1 7 7 9 7 1 7 7 9 7 1 7 7 9 7 1 7 7 9 7 1 7 7 9
7 1 7 7 9 7 1 7 7 9 7 1 7 7 9 7 1 7 7 9 7 1 7 7 9 7 1 7 7 9 7 1 7 7 9 7 1 7 7 9 7 1 7 7 9 7 1 7 7 9 7 1 7 7 9 7 1 7 7 9 7 1 7 7 9 7 1 7 7 9 7 1 7 7 9 7 1 7 7 9 7 1 7 7 9 7 1 7 7 9 7 1 7 7 9 7 1 7 7 9 7 1 7 7 9 7 1 7 7 9 7 1 7 7 9 7 1 7 7 9 7 1 7 7 9 7 1 7 7 9
7 1 7 7 9 7 1 7 7 9 7 1 7 7 9 7 1 7 7 9 7 1 7 7 9 7 1 7 7 9 7 1 7 7 9 7 1 7 7 9 7 1 7 7 9 7 1 7 7 9 7 1 7 7 9 7 1 7 7 9 7 1 7 7 9 7 1 7 7 9 7 1 7 7 9 7 1 7 7 9 7 1 7 7 9 7 1 7 7 9 7 1 7 7 9 7 1 7 7 9 7 1 7 7 9 7 1 7 7 9 7 1 7 7 9 7 1 7 7 9 7 1 7 7 9 7 1 7 7 9
7 1 7 7 9 7 1 7 7 9 7 1 7 7 9 7 1 7 7 9 7 1 7 7 9 7 1 7 7 9 7 1 7 7 9 7 1 7 7 9 7 1 7 7 9 7 1 7 7 9 7 1 7 7 9 7 1 7 7 9 7 1 7 7 9 7 1 7 7 9 7 1 7 7 9 7 1 7 7 9 7 1 7 7 9 7 1 7 7 9 7 1 7 7 9 7 1 7 7 9 7 1 7 7 9 7 1 7 7 9 7 1 7 7 9 7 1 7 7 9 7 1 7 7 9 7 1 7 7 9
7 1 7 7 9 7 1 7 7 9 7 1 7 7 9 7 1 7 7 9 7 1 7 7 9 7 1 7 7 9 7 1 7 7 9 7 1 7 7 9 7 1 7 7 9 7 1 7 7 9 7 1 7 7 9 7 1 7 7 9 7 1 7 7 9 7 1 7 7 9 7 1 7 7 9 7 1 7 7 9 7 1 7 7 9 7 1 7 7 9 7 1 7 7 9 7 1 7 7 9 7 1 7 7 9 7 1 7 7 9 7 1 7 7 9 7 1 7 7 9 7 1 7 7 9 7 1 7 7 9
7 1 7 7 9 7 1 7 7 9 7 1 7 7 9 7 1 7 7 9 7 1 7 7 9 7 1 7 7 9 7 1 7 7 9 7 1 7 7 9 7 1 7 7 9 7 1 7 7 9 7 1 7 7 9 7 1 7 7 9 7 1 7 7 9 7 1 7 7 9 7 1 7 7 9 7 1 7 7 9 7 1 7 7 9 7 1 7 7 9 7 1 7 7 9 7 1 7 7 9 7 1 7 7 9 7 1 7 7 9 7 1 7 7 9 7 1 7 7 9 7 1 7 7 9 7 1 7 7 9
7 1 7 7 9 7 1 7 7 9 7 1 7 7 9 7 1 7 7 9 7 1 7 7 9 7 1 7 7 9 7 1 7 7 9 7 1 7 7 9 7 1 7 7 9 7 1 7 7 9 7 1 7 7 9 7 1 7 7 9 7 1 7 7 9 7 1 7 7 9 7 1 7 7 9 7 1 7 7 9 7 1 7 7 9 7 1 7 7 9 7 1 7 7 9 7 1 7 7 9 7 1 7 7 9 7 1 7 7 9 7 1 7 7 9 7 1 7 7 9 7 1 7 7 9 7 1 7 7 9
7 1 7 7 9 7 1 7 7 9 7 1 7 7 9 7 1 7 7 9 7 1 7 7 9 7 1 7 7 9 7 1 7 7 9 7 1 7 7 9 7 1 7 7 9 7 1 7 7 9 7 1 7 7 9 7 1 7 7 9 7 1 7 7 9 7 1 7 7 9 7 1 7 7 9 7 1 7 7 9 7 1 7 7 9 7 1 7 7 9 7 1 7 7 9 7 1 7 7 9 7 1 7 7 9 7 1 7 7 9 7 1 7 7 9 7 1 7 7 9 7 1 7 7 9 7 1 7 7 9
7 1 7 7 9 7 1 7 7 9 7 1 7 7 9 7 1 7 7 9 7 1 7 7 9 7 1 7 7 9 7 1 7 7 9 7 1 7 7 9 7 1 7 7 9 7 1 7 7 9 7 1 7 7 9 7 1 7 7 9 7 1 7 7 9 7 1 7 7 9 7 1 7 7 9 7 1 7 7 9 7 1 7 7 9 7 1 7 7 9 7 1 7 7 9 7 1 7 7 9 7 1 7 7 9 7 1 7 7 9 7 1 7 7 9 7 1 7 7 9 7 1 7 7 9 7 1 7 7 9
7 1 7 7 9 7 1 7 7 9 7 1 7 7 9 7 1 7 7 9 7 1 7 7 9 7 1 7 7 9 7 1 7 7 9 7 1 7 7 9 7 1 7 7 9 7 1 7 7 9 7 1 7 7 9 7 1 7 7 9 7 1 7 7 9 7 1 7 7 9 7 1 7 7 9 7 1 7 7 9 7 1 7 7 9 7 1 7 7 9 7 1 7 7 9 7 1 7 7 9 7 1 7 7 9 7 1 7 7 9 7 1 7 7 9 7 1 7 7 9 7 1 7 7 9 7 1 7 7 9
7 1 7 7 9 7 1 7 7 9 7 1 7 7 9 7 1 7 7 9 7 1 7 7 9 7 1 7 7 9 7 1 7 7 9 7 1 7 7 9 7 1 7 7 9 7 1 7 7 9 7 1 7 7 9 7 1 7 7 9 7 1 7 7 9 7 1 7 7 9 7 1 7 7 9 7 1 7 7 9 7 1 7 7 9 7 1 7 7 9 7 1 7 7 9 7 1 7 7 9 7 1 7 7 9 7 1 7 7 9 7 1 7 7 9 7 1 7 7 9 7 1 7 7 9 7 1 7 7 9
7 1 7 7 9 7 1 7 7 9 7 1 7 7 9 7 1 7 7 9 7 1 7 7 9 7 1 7 7 9 7 1 7 7 9 7 1 7 7 9 7 1 7 7 9 7 1 7 7 9 7 1 7 7 9 7 1 7 7 9 7 1 7 7 9 7 1 7 7 9 7 1 7 7 9 7 1 7 7 9 7 1 7 7 9 7 1 7 7 9 7 1 7 7 9 7 1 7 7 9 7 1 7 7 9 7 1 7 7 9 7 1 7 7 9 7 1 7 7 9 7 1 7 7 9 7 1 7 7 9
7 1 7 7 9 7 1 7 7 9 7 1 7 7 9 7 1 7 7 9 7 1 7 7 9 7 1 7 7 9 7 1 7 7 9 7 1 7 7 9 7 1 7 7 9 7 1 7 7 9 7 1 7 7 9 7 1 7 7 9 7 1 7 7 9 7 1 7 7 9 7 1 7 7 9 7 1 7 7 9 7 1 7 7 9 7 1 7 7 9 7 1 7 7 9 7 1 7 7 9 7 1 7 7 9 7 1 7 7 9 7 1 7 7 9 7 1 7 7 9 7 1 7 7 9 7 1 7 7 9
7 1 7 7 9 7 1 7 7 9 7 1 7 7 9 7 1 7 7 9 7 1 7 7 9 7 1 7 7 9 7 1 7 7 9 7 1 7 7 9 7 1 7 7 9 7 1 7 7 9 7 1 7 7 9 7 1 7 7 9 7 1 7 7 9 7 1 7 7 9 7 1 7 7 9 7 1 7 7 9 7 1 7 7 9 7 1 7 7 9 7 1 7 7 9 7 1 7 7 9 7 1 7 7 9 7 1 7 7 9 7 1 7 7 9 7 1 7 7 9 7 1 7 7 9 7 1 7 7 9
7 1 7 7 9 7 1 7 7 9 7 1 7 7 9 7 1 7 7 9 7 1 7 7 9 7 1 7 7 9 7 1 7 7 9 7 1 7 7 9 7 1 7 7 9 7 1 7 7 9 7 1 7 7 9 7 1 7 7 9 7 1 7 7 9 7 1 7 7 9 7 1 7 7 9 7 1 7 7 9 7 1 7 7 9 7 1 7 7 9 7 1 7 7 9 7 1 7 7 9 7 1 7 7 9 7 1 7 7 9 7 1 7 7 9 7 1 7 7 9 7 1 7 7 9 7 1 7 7 9
7 1 7 7 9 7 1 7 7 9 7 1 7 7 9 7 1 7 7 9 7 1 7 7 9 7 1 7 7 9 7 1 7 7 9 7 1 7 7 9 7 1 7 7 9 7 1 7 7 9 7 1 7 7 9 7 1 7 7 9 7 1 7 7 9 7 1 7 7 9 7 1 7 7 9 7 1 7 7 9 7 1 7 7 9 7 1 7 7 9 7 1 7 7 9 7 1 7 7 9 7 1 7 7 9 7 1 7 7 9 7 1 7 7 9 7 1 7 7 9 7 1 7 7 9 7 1 7 7 9
7 1 7 7 9 7 1 7 7 9 7 1 7 7 9 7 1 7 7 9 7 1 7 7 9 7 1 7 7 9 7 1 7 7 9 7 1 7 7 9 7 1 7 7 9 7 1 7 7 9 7 1 7 7 9 7 1 7 7 9 7 1 7 7 9 7 1 7 7 9 7 1 7 7 9 7 1 7 7 9 7 1 7 7 9 7 1 7 7 9 7 1 7 7 9 7 1 7 7 9 7 1 7 7 9 7 1 7 7 9 7 1 7 7 9 7 1 7 7 9 7 1 7 7 9 7 1 7 7 9
7 1 7 7 9 7 1 7 7 9 7 1 7 7 9 7 1 7 7 9 7 1 7 7 9 7 1 7 7 9 7 1 7 7 9 7 1 7 7 9 7 1 7 7 9 7 1 7 7 9 7 1 7 7 9 7 1 7 7 9 7 1 7 7 9 7 1 7 7 9 7 1 7 7 9 7 1 7 7 9 7 1 7 7 9 7 1 7 7 9 7 1 7 7 9 7 1 7 7 9 7 1 7 7 9 7 1 7 7 9 7 1 7 7 9 7 1 7 7 9 7 1 7 7 9 7 1 7 7 9
7 1 7 7 9 7 1 7 7 9 7 1 7 7 9 7 1 7 7 9 7 1 7 7 9 7 1 7 7 9 7 1 7 7 9 7 1 7 7 9 7 1 7 7 9 7 1 7 7 9 7 1 7 7 9 7 1 7 7 9 7 1 7 7 9 7 1 7 7 9 7 1 7 7 9 7 1 7 7 9 7 1 7 7 9 7 1 7 7 9 7 1 7 7 9 7 1 7 7 9 7 1 7 7 9 7 1 7 7 9 7 1 7 7 9 7 1 7 7 9 7 1 7 7 9 7 1 7 7 9
7 1 7 7 9 7 1 7 7 9 7 1 7 7 9 7 1 7 7 9 7 1 7 7 9 7 1 7 7 9 7 1 7 7 9 7 1 7 7 9 7 1 7 7 9 7 1 7 7 9 7 1 7 7 9 7 1 7 7 9 7 1 7 7 9 7 1 7 7 9 7 1 7 7 9 7 1 7 7 9 7 1 7 7 9 7 1 7 7 9 7 1 7 7 9 7 1 7 7 9 7 1 7 7 9 7 1 7 7 9 7 1 7 7 9 7 1 7 7 9 7 1 7 7 9 7 1 7 7 9
7 1 7 7 9 7 1 7 7 9 7 1 7 7 9 7 1 7 7 9 7 1 7 7 9 7 1 7 7 9 7 1 7 7 9 7 1 7 7 9 7 1 7 7 9 7 1 7 7 9 7 1 7 7 9 7 1 7 7 9 7 1 7 7 9 7 1 7 7 9 7 1 7 7 9 7 1 7 7 9 7 1 7 7 9 7 1 7 7 9 7 1 7 7 9 7 1 7 7 9 7 1 7 7 9 7 1 7 7 9 7 1 7 7 9 7 1 7 7 9 7 1 7 7 9 7 1 7 7 9
7 1 7 7 9 7 1 7 7 9 7 1 7 7 9 7 1 7 7 9 7 1 7 7 9 7 1 7 7 9 7 1 7 7 9 7 1 7 7 9 7 1 7 7 9 7 1 7 7 9 7 1 7 7 9 7 1 7 7 9 7 1 7 7 9 7 1 7 7 9 7 1 7 7 9 7 1 7 7 9 7 1 7 7 9 7 1 7 7 9 7 1 7 7 9 7 1 7 7 9 7 1 7 7 9 7 1 7 7 9 7 1 7 7 9 7 1 7 7 9 7 1 7 7 9 7 1 7 7 9
7 1 7 7 9 7 1 7 7 9 7 1 7 7 9 7 1 7 7 9 7 1 7 7 9 7 1 7 7 9 7 1 7 7 9 7 1 7 7 9 7 1 7 7 9 7 1 7 7 9 7 1 7 7 9 7 1 7 7 9 7 1 7 7 9 7 1 7 7 9 7 1 7 7 9 7 1 7 7 9 7 1 7 7 9 7 1 7 7 9 7 1 7 7 9 7 1 7 7 9 7 1 7 7 9 7 1 7 7 9 7 1 7 7 9 7 1 7 7 9 7 1 7 7 9 7 1 7 7 9
7 1 7 7 9 7 1 7 7 9 7 1 7 7 9 7 1 7 7 9 7 1 7 7 9 7 1 7 7 9 7 1 7 7 9 7 1 7 7 9 7 1 7 7 9 7 1 7 7 9 7 1 7 7 9 7 1 7 7 9 7 1 7 7 9 7 1 7 7 9 7 1 7 7 9 7 1 7 7 9 7 1 7 7 9 7 1 7 7 9 7 1 7 7 9 7 1 7 7 9 7 1 7 7 9 7 1 7 7 9 7 1 7 7 9 7 1 7 7 9 7 1 7 7 9 7 1 7 7 9
7 1 7 7 9 7 1 7 7 9 7 1 7 7 9 7 1 7 7 9 7 1 7 7 9 7 1 7 7 9 7 1 7 7 9 7 1 7 7 9 7 1 7 7 9 7 1 7 7 9 7 1 7 7 9 7 1 7 7 9 7 1 7 7 9 7 1 7 7 9 7 1 7 7 9 7 1 7 7 9 7 1 7 7 9 7 1 7 7 9 7 1 7 7 9 7 1 7 7 9 7 1 7 7 9 7 1 7 7 9 7 1 7 7 9 7 1 7 7 9 7 1 7 7 9 7 1 7 7 9
7 1 7 7 9 7 1 7 7 9 7 1 7 7 9 7 1 7 7 9 7 1 7 7 9 7 1 7 7 9 7 1 7 7 9 7 1 7 7 9 7 1 7 7 9 7 1 7 7 9 7 1 7 7 9 7 1 7 7 9 7 1 7 7 9 7 1 7 7 9 7 1 7 7 9 7 1 7 7 9 7 1 7 7 9 7 1 7 7 9 7 1 7 7 9 7 1 7 7 9 7 1 7 7 9 7 1 7 7 9 7 1 7 7 9 7 1 7 7 9 7 1 7 7 9 7 1 7 7 9
7 1 7 7 9 7 1 7 7 9 7 1 7 7 9 7 1 7 7 9 7 1 7 7 9 7 1 7 7 9 7 1 7 7 9 7 1 7 7 9 7 1 7 7 9 7 1 7 7 9 7 1 7 7 9 7 1 7 7 9 7 1 7 7 9 7 1 7 7 9 7 1 7 7 9 7 1 7 7 9 7 1 7 7 9 7 1 7 7 9 7 1 7 7 9 7 1 7 7 9 7 1 7 7 9 7 1 7 7 9 7 1 7 7 9 7 1 7 7 9 7 1 7 7 9 7 1 7 7 9
