6140
6184
6303
6226
6312
6254
6117
6245
6224
6094
6012
6262
6211
6292
6102
6114
6109
6181
6242
6228
6287
6180
6246
6273
6159
6288
6207
6305
6201
6177
6269
6230
6273
6180
6172
6226
6286
6182
6336
6157
6379
6192
6304
6090
6214
6146
6143
6331
6309
6220
6178
6223
6316
6153
6152
6181
6376
6257
6084
6323
6455
6171
6244
6218
6110
6128
6236
6379
6106
6154
6413
6218
6181
6401
6208
6249
6119
6123
6199
6237
6136
6247
6324
6257
6063
6306
6123
6250
6209
6344
6233
6243
6168
6052
6252
6414
6291
6125
0
6297
6235
6153
6344
6226
6193
6145
6311
6247
6262
6238
6168
6311
6230
6246
6446
6170
6141
6162
6233
6284
6206
6252
6203
6091
6055
6084
6131
6249
6248
6358
6066
6395
6125
6187
6232
6175
6188
6443
6271
6273
