6426
6476
6189
6406
6323
6328
6203
6600
6287
6358
6190
6336
6125
6549
6395
6381
6623
6297
6379
6531
6380
6483
6618
6285
6318
6494
6330
6311
6339
6323
6288
6406
6361
6363
6164
6170
6264
6346
6276
6501
6418
6323
6244
6258
6334
6204
6413
6526
6453
6416
6128
6522
6171
6499
6480
6456
6304
6419
6476
6169
6378
6172
6116
6283
6272
6238
6304
6310
6404
6335
6201
6395
6331
6110
6318
6576
6372
6426
6377
6281
6346
6490
6329
6495
6293
6254
6276
6411
6085
6552
6282
6231
6253
6345
6317
6263
6382
6279
6330
6180
6275
6121
6352
6300
6461
6195
6361
6369
6244
6003
6454
6346
6089
6272
6342
6151
6458
0
6431
6187
6419
6254
6474
6337
6396
6538
6280
6256
6428
6342
6292
