6181
6180
6177
6198
6189
6274
6196
6157
6191
6110
6208
6141
6145
6049
6002
6277
6306
6226
6102
6171
6235
6215
6205
6256
6129
6232
6196
6282
6154
6146
6171
6091
6181
6243
6227
6244
6159
6151
6281
6233
6266
6259
6202
6169
6105
6200
6108
6266
6199
6188
6188
6111
6228
6176
6283
6243
6153
6165
6198
6152
6226
6258
6319
6045
6306
6191
6134
6226
6175
6255
6356
6252
6305
6107
6118
6060
6138
6122
6122
6199
6199
6284
6162
6201
6192
6200
6140
6273
6191
6177
6077
6162
6205
6220
6232
6241
6246
6157
6185
6183
6157
6185
6250
6248
6360
6181
6227
6151
6097
6015
6303
6254
6223
6228
6142
6239
6259
6237
6174
6224
6102
6181
6202
6102
6284
6060
6279
6197
6161
6156
6101
6180
6176
6294
6233
6191
6051
6110
6211
6223
6192
6246
6077
6165
6325
6343
6248
6111
6143
6151
6223
6091
6117
6198
6230
6126
6230
6201
6214
6122
6170
6141
6166
6137
6215
6159
6253
6129
6169
6287
6180
6221
6192
6151
6128
6170
6245
6258
6268
6154
6214
6277
6184
6185
6304
6144
6283
6171
6194
6189
6164
6167
6157
6187
6296
6192
6198
6218
6210
6194
6073
6165
6209
6205
6219
6195
6273
6200
6278
6206
6363
6181
6163
6311
6127
6212
6174
6136
6254
6094
6206
6172
6198
6057
6235
6198
6267
6190
6225
6163
6192
6128
6168
6149
6249
6174
6201
6189
6208
6261
6211
0
6226
6124
6240
6126
6131
6144
6140
6100
6275
6260
6285
6194
6309
