6210
6319
6333
6211
6418
6332
6288
6347
6146
6087
6356
6329
6325
6109
6283
6325
6088
6134
6216
6314
6158
6080
6220
6150
6231
6170
6467
6045
6261
6140
6241
6228
6213
6016
6179
6221
6302
6255
6308
6240
6458
6262
6302
6335
6461
6098
6147
6359
6391
6360
6208
6240
6283
6247
6195
6122
6059
6303
6197
6047
6320
6342
6173
6387
6075
6182
6314
6486
6165
6114
6151
6251
6394
6428
6330
6158
6163
6238
6141
6211
6302
6266
6403
6263
6212
6336
6420
6149
6132
6214
6224
6247
6423
6505
6242
6134
6225
6116
6473
6431
6320
6402
6196
6291
6344
6345
6165
6220
6209
6265
6147
6204
6292
6187
6207
6311
6327
6292
6272
6114
6214
6328
6117
6295
6070
6240
6228
6142
6406
